2023-04-12 14:13:11,577,Starting Training
2023-04-12 14:13:11,577,Hyperparameters: gamma:0.999,alpha:0.0005,epsilon:1,render:False,eval_sleep:0.9,epsilon_decay:0.9999,min_epsilon:0.01,eval_episodes:100,train_log_frequency:100,eval_log_frequency:1,video:False,video_fps:5,video_dir:/Users/evink/Desktop/ai/second/gym-idsgame-master/experiments/training/v0/maximal_attack/tabular_q_learning_modified/results/videos/0/,num_episodes:2001,eval_render:False,gifs:False,gifdir:/Users/evink/Desktop/ai/second/gym-idsgame-master/experiments/training/v0/maximal_attack/tabular_q_learning_modified/results/gifs/0/,eval_frequency:1000,video_frequency:101,attackerFalse,defender:True,checkpoint_freq:100000,random_seed:0,eval_epsilon:0.0,tab_full_state_space:False
2023-04-12 14:13:11,581,[Train] episode: 0.00 epsilon:1.00,avg_a_R:1.00,avg_d_R:0.00,avg_t:7.00,avg_h:1.00,acc_A_R:0.00,acc_D_R:0.00,A_loss:0.000000,D_loss:0.000000,replay_s:-1,lr:5.00E-04,c_h:1.00
2023-04-12 14:13:11,581,Starting Evaluation
2023-04-12 14:13:11,589,Eval episode: 0, Game ended after 22 steps
2023-04-12 14:13:11,589,[Eval] episode:0,avg_a_R:0.00,avg_d_R:1.00,avg_t:22.00,avg_h:0.00,acc_A_R:0.00,acc_D_R:1.00,replay_s:-1,lr:0.00E+00,c_h:0.00
2023-04-12 14:13:11,595,Eval episode: 1, Game ended after 18 steps
2023-04-12 14:13:11,596,[Eval] episode:1,avg_a_R:0.00,avg_d_R:1.00,avg_t:20.00,avg_h:0.00,acc_A_R:0.00,acc_D_R:2.00,replay_s:-1,lr:0.00E+00,c_h:0.00
2023-04-12 14:13:11,600,Eval episode: 2, Game ended after 12 steps
2023-04-12 14:13:11,600,[Eval] episode:2,avg_a_R:0.00,avg_d_R:1.00,avg_t:17.33,avg_h:0.00,acc_A_R:0.00,acc_D_R:3.00,replay_s:-1,lr:0.00E+00,c_h:0.00
2023-04-12 14:13:11,602,Eval episode: 3, Game ended after 6 steps
2023-04-12 14:13:11,602,[Eval] episode:3,avg_a_R:0.00,avg_d_R:1.00,avg_t:14.50,avg_h:0.00,acc_A_R:0.00,acc_D_R:4.00,replay_s:-1,lr:0.00E+00,c_h:0.00
2023-04-12 14:13:11,609,Eval episode: 4, Game ended after 20 steps
2023-04-12 14:13:11,610,[Eval] episode:4,avg_a_R:0.00,avg_d_R:1.00,avg_t:15.60,avg_h:0.00,acc_A_R:0.00,acc_D_R:5.00,replay_s:-1,lr:0.00E+00,c_h:0.00
2023-04-12 14:13:11,614,Eval episode: 5, Game ended after 14 steps
2023-04-12 14:13:11,615,[Eval] episode:5,avg_a_R:0.00,avg_d_R:1.00,avg_t:15.33,avg_h:0.00,acc_A_R:0.00,acc_D_R:6.00,replay_s:-1,lr:0.00E+00,c_h:0.00
2023-04-12 14:13:11,616,Eval episode: 6, Game ended after 2 steps
2023-04-12 14:13:11,616,[Eval] episode:6,avg_a_R:0.00,avg_d_R:1.00,avg_t:13.43,avg_h:0.00,acc_A_R:0.00,acc_D_R:7.00,replay_s:-1,lr:0.00E+00,c_h:0.00
2023-04-12 14:13:11,620,Eval episode: 7, Game ended after 11 steps
2023-04-12 14:13:11,620,[Eval] episode:7,avg_a_R:0.00,avg_d_R:1.00,avg_t:13.12,avg_h:0.00,acc_A_R:0.00,acc_D_R:8.00,replay_s:-1,lr:0.00E+00,c_h:0.00
2023-04-12 14:13:11,620,Eval episode: 8, Game ended after 2 steps
2023-04-12 14:13:11,621,[Eval] episode:8,avg_a_R:0.00,avg_d_R:1.00,avg_t:11.89,avg_h:0.00,acc_A_R:0.00,acc_D_R:9.00,replay_s:-1,lr:0.00E+00,c_h:0.00
2023-04-12 14:13:11,626,Eval episode: 9, Game ended after 15 steps
2023-04-12 14:13:11,626,[Eval] episode:9,avg_a_R:0.10,avg_d_R:0.90,avg_t:12.20,avg_h:0.10,acc_A_R:1.00,acc_D_R:9.00,replay_s:-1,lr:0.00E+00,c_h:0.10
2023-04-12 14:13:11,626,Eval episode: 10, Game ended after 1 steps
2023-04-12 14:13:11,627,[Eval] episode:10,avg_a_R:0.09,avg_d_R:0.91,avg_t:11.18,avg_h:0.09,acc_A_R:1.00,acc_D_R:10.00,replay_s:-1,lr:0.00E+00,c_h:0.09
2023-04-12 14:13:11,628,Eval episode: 11, Game ended after 4 steps
2023-04-12 14:13:11,628,[Eval] episode:11,avg_a_R:0.08,avg_d_R:0.92,avg_t:10.58,avg_h:0.08,acc_A_R:1.00,acc_D_R:11.00,replay_s:-1,lr:0.00E+00,c_h:0.08
2023-04-12 14:13:11,628,Eval episode: 12, Game ended after 1 steps
2023-04-12 14:13:11,629,[Eval] episode:12,avg_a_R:0.08,avg_d_R:0.92,avg_t:9.85,avg_h:0.08,acc_A_R:1.00,acc_D_R:12.00,replay_s:-1,lr:0.00E+00,c_h:0.08
2023-04-12 14:13:11,637,Eval episode: 13, Game ended after 24 steps
2023-04-12 14:13:11,637,[Eval] episode:13,avg_a_R:0.14,avg_d_R:0.86,avg_t:10.86,avg_h:0.14,acc_A_R:2.00,acc_D_R:12.00,replay_s:-1,lr:0.00E+00,c_h:0.14
2023-04-12 14:13:11,645,Eval episode: 14, Game ended after 23 steps
2023-04-12 14:13:11,645,[Eval] episode:14,avg_a_R:0.20,avg_d_R:0.80,avg_t:11.67,avg_h:0.20,acc_A_R:3.00,acc_D_R:12.00,replay_s:-1,lr:0.00E+00,c_h:0.20
2023-04-12 14:13:11,648,Eval episode: 15, Game ended after 7 steps
2023-04-12 14:13:11,648,[Eval] episode:15,avg_a_R:0.19,avg_d_R:0.81,avg_t:11.38,avg_h:0.19,acc_A_R:3.00,acc_D_R:13.00,replay_s:-1,lr:0.00E+00,c_h:0.19
2023-04-12 14:13:11,649,Eval episode: 16, Game ended after 1 steps
2023-04-12 14:13:11,649,[Eval] episode:16,avg_a_R:0.18,avg_d_R:0.82,avg_t:10.76,avg_h:0.18,acc_A_R:3.00,acc_D_R:14.00,replay_s:-1,lr:0.00E+00,c_h:0.18
2023-04-12 14:13:11,651,Eval episode: 17, Game ended after 6 steps
2023-04-12 14:13:11,651,[Eval] episode:17,avg_a_R:0.17,avg_d_R:0.83,avg_t:10.50,avg_h:0.17,acc_A_R:3.00,acc_D_R:15.00,replay_s:-1,lr:0.00E+00,c_h:0.17
2023-04-12 14:13:11,652,Eval episode: 18, Game ended after 4 steps
2023-04-12 14:13:11,653,[Eval] episode:18,avg_a_R:0.16,avg_d_R:0.84,avg_t:10.16,avg_h:0.16,acc_A_R:3.00,acc_D_R:16.00,replay_s:-1,lr:0.00E+00,c_h:0.16
2023-04-12 14:13:11,657,Eval episode: 19, Game ended after 12 steps
2023-04-12 14:13:11,657,[Eval] episode:19,avg_a_R:0.15,avg_d_R:0.85,avg_t:10.25,avg_h:0.15,acc_A_R:3.00,acc_D_R:17.00,replay_s:-1,lr:0.00E+00,c_h:0.15
2023-04-12 14:13:11,658,Eval episode: 20, Game ended after 2 steps
2023-04-12 14:13:11,658,[Eval] episode:20,avg_a_R:0.14,avg_d_R:0.86,avg_t:9.86,avg_h:0.14,acc_A_R:3.00,acc_D_R:18.00,replay_s:-1,lr:0.00E+00,c_h:0.14
2023-04-12 14:13:11,666,Eval episode: 21, Game ended after 24 steps
2023-04-12 14:13:11,667,[Eval] episode:21,avg_a_R:0.18,avg_d_R:0.82,avg_t:10.50,avg_h:0.18,acc_A_R:4.00,acc_D_R:18.00,replay_s:-1,lr:0.00E+00,c_h:0.18
2023-04-12 14:13:11,669,Eval episode: 22, Game ended after 8 steps
2023-04-12 14:13:11,669,[Eval] episode:22,avg_a_R:0.17,avg_d_R:0.83,avg_t:10.39,avg_h:0.17,acc_A_R:4.00,acc_D_R:19.00,replay_s:-1,lr:0.00E+00,c_h:0.17
2023-04-12 14:13:11,673,Eval episode: 23, Game ended after 11 steps
2023-04-12 14:13:11,673,[Eval] episode:23,avg_a_R:0.17,avg_d_R:0.83,avg_t:10.42,avg_h:0.17,acc_A_R:4.00,acc_D_R:20.00,replay_s:-1,lr:0.00E+00,c_h:0.17
2023-04-12 14:13:11,677,Eval episode: 24, Game ended after 12 steps
2023-04-12 14:13:11,678,[Eval] episode:24,avg_a_R:0.16,avg_d_R:0.84,avg_t:10.48,avg_h:0.16,acc_A_R:4.00,acc_D_R:21.00,replay_s:-1,lr:0.00E+00,c_h:0.16
2023-04-12 14:13:11,678,Eval episode: 25, Game ended after 1 steps
2023-04-12 14:13:11,678,[Eval] episode:25,avg_a_R:0.15,avg_d_R:0.85,avg_t:10.12,avg_h:0.15,acc_A_R:4.00,acc_D_R:22.00,replay_s:-1,lr:0.00E+00,c_h:0.15
2023-04-12 14:13:11,680,Eval episode: 26, Game ended after 4 steps
2023-04-12 14:13:11,680,[Eval] episode:26,avg_a_R:0.15,avg_d_R:0.85,avg_t:9.89,avg_h:0.15,acc_A_R:4.00,acc_D_R:23.00,replay_s:-1,lr:0.00E+00,c_h:0.15
2023-04-12 14:13:11,680,Eval episode: 27, Game ended after 1 steps
2023-04-12 14:13:11,680,[Eval] episode:27,avg_a_R:0.14,avg_d_R:0.86,avg_t:9.57,avg_h:0.14,acc_A_R:4.00,acc_D_R:24.00,replay_s:-1,lr:0.00E+00,c_h:0.14
2023-04-12 14:13:11,686,Eval episode: 28, Game ended after 16 steps
2023-04-12 14:13:11,686,[Eval] episode:28,avg_a_R:0.14,avg_d_R:0.86,avg_t:9.79,avg_h:0.14,acc_A_R:4.00,acc_D_R:25.00,replay_s:-1,lr:0.00E+00,c_h:0.14
2023-04-12 14:13:11,690,Eval episode: 29, Game ended after 11 steps
2023-04-12 14:13:11,691,[Eval] episode:29,avg_a_R:0.13,avg_d_R:0.87,avg_t:9.83,avg_h:0.13,acc_A_R:4.00,acc_D_R:26.00,replay_s:-1,lr:0.00E+00,c_h:0.13
2023-04-12 14:13:11,697,Eval episode: 30, Game ended after 18 steps
2023-04-12 14:13:11,697,[Eval] episode:30,avg_a_R:0.16,avg_d_R:0.84,avg_t:10.10,avg_h:0.16,acc_A_R:5.00,acc_D_R:26.00,replay_s:-1,lr:0.00E+00,c_h:0.16
2023-04-12 14:13:11,702,Eval episode: 31, Game ended after 12 steps
2023-04-12 14:13:11,702,[Eval] episode:31,avg_a_R:0.16,avg_d_R:0.84,avg_t:10.16,avg_h:0.16,acc_A_R:5.00,acc_D_R:27.00,replay_s:-1,lr:0.00E+00,c_h:0.16
2023-04-12 14:13:11,706,Eval episode: 32, Game ended after 12 steps
2023-04-12 14:13:11,706,[Eval] episode:32,avg_a_R:0.15,avg_d_R:0.85,avg_t:10.21,avg_h:0.15,acc_A_R:5.00,acc_D_R:28.00,replay_s:-1,lr:0.00E+00,c_h:0.15
2023-04-12 14:13:11,708,Eval episode: 33, Game ended after 3 steps
2023-04-12 14:13:11,708,[Eval] episode:33,avg_a_R:0.15,avg_d_R:0.85,avg_t:10.00,avg_h:0.15,acc_A_R:5.00,acc_D_R:29.00,replay_s:-1,lr:0.00E+00,c_h:0.15
2023-04-12 14:13:11,709,Eval episode: 34, Game ended after 2 steps
2023-04-12 14:13:11,709,[Eval] episode:34,avg_a_R:0.14,avg_d_R:0.86,avg_t:9.77,avg_h:0.14,acc_A_R:5.00,acc_D_R:30.00,replay_s:-1,lr:0.00E+00,c_h:0.14
2023-04-12 14:13:11,709,Eval episode: 35, Game ended after 2 steps
2023-04-12 14:13:11,710,[Eval] episode:35,avg_a_R:0.14,avg_d_R:0.86,avg_t:9.56,avg_h:0.14,acc_A_R:5.00,acc_D_R:31.00,replay_s:-1,lr:0.00E+00,c_h:0.14
2023-04-12 14:13:11,715,Eval episode: 36, Game ended after 15 steps
2023-04-12 14:13:11,715,[Eval] episode:36,avg_a_R:0.14,avg_d_R:0.86,avg_t:9.70,avg_h:0.14,acc_A_R:5.00,acc_D_R:32.00,replay_s:-1,lr:0.00E+00,c_h:0.14
2023-04-12 14:13:11,723,Eval episode: 37, Game ended after 15 steps
2023-04-12 14:13:11,723,[Eval] episode:37,avg_a_R:0.13,avg_d_R:0.87,avg_t:9.84,avg_h:0.13,acc_A_R:5.00,acc_D_R:33.00,replay_s:-1,lr:0.00E+00,c_h:0.13
2023-04-12 14:13:11,730,Eval episode: 38, Game ended after 15 steps
2023-04-12 14:13:11,730,[Eval] episode:38,avg_a_R:0.13,avg_d_R:0.87,avg_t:9.97,avg_h:0.13,acc_A_R:5.00,acc_D_R:34.00,replay_s:-1,lr:0.00E+00,c_h:0.13
2023-04-12 14:13:11,731,Eval episode: 39, Game ended after 1 steps
2023-04-12 14:13:11,731,[Eval] episode:39,avg_a_R:0.12,avg_d_R:0.88,avg_t:9.75,avg_h:0.12,acc_A_R:5.00,acc_D_R:35.00,replay_s:-1,lr:0.00E+00,c_h:0.12
2023-04-12 14:13:11,731,Eval episode: 40, Game ended after 1 steps
2023-04-12 14:13:11,731,[Eval] episode:40,avg_a_R:0.12,avg_d_R:0.88,avg_t:9.54,avg_h:0.12,acc_A_R:5.00,acc_D_R:36.00,replay_s:-1,lr:0.00E+00,c_h:0.12
2023-04-12 14:13:11,732,Eval episode: 41, Game ended after 1 steps
2023-04-12 14:13:11,732,[Eval] episode:41,avg_a_R:0.12,avg_d_R:0.88,avg_t:9.33,avg_h:0.12,acc_A_R:5.00,acc_D_R:37.00,replay_s:-1,lr:0.00E+00,c_h:0.12
2023-04-12 14:13:11,732,Eval episode: 42, Game ended after 2 steps
2023-04-12 14:13:11,733,[Eval] episode:42,avg_a_R:0.12,avg_d_R:0.88,avg_t:9.16,avg_h:0.12,acc_A_R:5.00,acc_D_R:38.00,replay_s:-1,lr:0.00E+00,c_h:0.12
2023-04-12 14:13:11,739,Eval episode: 43, Game ended after 19 steps
2023-04-12 14:13:11,739,[Eval] episode:43,avg_a_R:0.14,avg_d_R:0.86,avg_t:9.39,avg_h:0.14,acc_A_R:6.00,acc_D_R:38.00,replay_s:-1,lr:0.00E+00,c_h:0.14
2023-04-12 14:13:11,740,Eval episode: 44, Game ended after 2 steps
2023-04-12 14:13:11,740,[Eval] episode:44,avg_a_R:0.13,avg_d_R:0.87,avg_t:9.22,avg_h:0.13,acc_A_R:6.00,acc_D_R:39.00,replay_s:-1,lr:0.00E+00,c_h:0.13
2023-04-12 14:13:11,742,Eval episode: 45, Game ended after 6 steps
2023-04-12 14:13:11,742,[Eval] episode:45,avg_a_R:0.13,avg_d_R:0.87,avg_t:9.15,avg_h:0.13,acc_A_R:6.00,acc_D_R:40.00,replay_s:-1,lr:0.00E+00,c_h:0.13
2023-04-12 14:13:11,744,Eval episode: 46, Game ended after 4 steps
2023-04-12 14:13:11,744,[Eval] episode:46,avg_a_R:0.13,avg_d_R:0.87,avg_t:9.04,avg_h:0.13,acc_A_R:6.00,acc_D_R:41.00,replay_s:-1,lr:0.00E+00,c_h:0.13
2023-04-12 14:13:11,745,Eval episode: 47, Game ended after 2 steps
2023-04-12 14:13:11,745,[Eval] episode:47,avg_a_R:0.12,avg_d_R:0.88,avg_t:8.90,avg_h:0.12,acc_A_R:6.00,acc_D_R:42.00,replay_s:-1,lr:0.00E+00,c_h:0.12
2023-04-12 14:13:11,750,Eval episode: 48, Game ended after 15 steps
2023-04-12 14:13:11,750,[Eval] episode:48,avg_a_R:0.12,avg_d_R:0.88,avg_t:9.02,avg_h:0.12,acc_A_R:6.00,acc_D_R:43.00,replay_s:-1,lr:0.00E+00,c_h:0.12
2023-04-12 14:13:11,751,Eval episode: 49, Game ended after 1 steps
2023-04-12 14:13:11,751,[Eval] episode:49,avg_a_R:0.12,avg_d_R:0.88,avg_t:8.86,avg_h:0.12,acc_A_R:6.00,acc_D_R:44.00,replay_s:-1,lr:0.00E+00,c_h:0.12
2023-04-12 14:13:11,756,Eval episode: 50, Game ended after 14 steps
2023-04-12 14:13:11,756,[Eval] episode:50,avg_a_R:0.12,avg_d_R:0.88,avg_t:8.96,avg_h:0.12,acc_A_R:6.00,acc_D_R:45.00,replay_s:-1,lr:0.00E+00,c_h:0.12
2023-04-12 14:13:11,762,Eval episode: 51, Game ended after 18 steps
2023-04-12 14:13:11,762,[Eval] episode:51,avg_a_R:0.13,avg_d_R:0.87,avg_t:9.13,avg_h:0.13,acc_A_R:7.00,acc_D_R:45.00,replay_s:-1,lr:0.00E+00,c_h:0.13
2023-04-12 14:13:11,769,Eval episode: 52, Game ended after 21 steps
2023-04-12 14:13:11,770,[Eval] episode:52,avg_a_R:0.15,avg_d_R:0.85,avg_t:9.36,avg_h:0.15,acc_A_R:8.00,acc_D_R:45.00,replay_s:-1,lr:0.00E+00,c_h:0.15
2023-04-12 14:13:11,773,Eval episode: 53, Game ended after 10 steps
2023-04-12 14:13:11,773,[Eval] episode:53,avg_a_R:0.15,avg_d_R:0.85,avg_t:9.37,avg_h:0.15,acc_A_R:8.00,acc_D_R:46.00,replay_s:-1,lr:0.00E+00,c_h:0.15
2023-04-12 14:13:11,776,Eval episode: 54, Game ended after 8 steps
2023-04-12 14:13:11,776,[Eval] episode:54,avg_a_R:0.15,avg_d_R:0.85,avg_t:9.35,avg_h:0.15,acc_A_R:8.00,acc_D_R:47.00,replay_s:-1,lr:0.00E+00,c_h:0.15
2023-04-12 14:13:11,780,Eval episode: 55, Game ended after 10 steps
2023-04-12 14:13:11,780,[Eval] episode:55,avg_a_R:0.14,avg_d_R:0.86,avg_t:9.36,avg_h:0.14,acc_A_R:8.00,acc_D_R:48.00,replay_s:-1,lr:0.00E+00,c_h:0.14
2023-04-12 14:13:11,784,Eval episode: 56, Game ended after 12 steps
2023-04-12 14:13:11,784,[Eval] episode:56,avg_a_R:0.14,avg_d_R:0.86,avg_t:9.40,avg_h:0.14,acc_A_R:8.00,acc_D_R:49.00,replay_s:-1,lr:0.00E+00,c_h:0.14
2023-04-12 14:13:11,787,Eval episode: 57, Game ended after 7 steps
2023-04-12 14:13:11,787,[Eval] episode:57,avg_a_R:0.14,avg_d_R:0.86,avg_t:9.36,avg_h:0.14,acc_A_R:8.00,acc_D_R:50.00,replay_s:-1,lr:0.00E+00,c_h:0.14
2023-04-12 14:13:11,792,Eval episode: 58, Game ended after 14 steps
2023-04-12 14:13:11,792,[Eval] episode:58,avg_a_R:0.14,avg_d_R:0.86,avg_t:9.44,avg_h:0.14,acc_A_R:8.00,acc_D_R:51.00,replay_s:-1,lr:0.00E+00,c_h:0.14
2023-04-12 14:13:11,794,Eval episode: 59, Game ended after 5 steps
2023-04-12 14:13:11,794,[Eval] episode:59,avg_a_R:0.13,avg_d_R:0.87,avg_t:9.37,avg_h:0.13,acc_A_R:8.00,acc_D_R:52.00,replay_s:-1,lr:0.00E+00,c_h:0.13
2023-04-12 14:13:11,798,Eval episode: 60, Game ended after 13 steps
2023-04-12 14:13:11,798,[Eval] episode:60,avg_a_R:0.15,avg_d_R:0.85,avg_t:9.43,avg_h:0.15,acc_A_R:9.00,acc_D_R:52.00,replay_s:-1,lr:0.00E+00,c_h:0.15
2023-04-12 14:13:11,800,Eval episode: 61, Game ended after 4 steps
2023-04-12 14:13:11,800,[Eval] episode:61,avg_a_R:0.15,avg_d_R:0.85,avg_t:9.34,avg_h:0.15,acc_A_R:9.00,acc_D_R:53.00,replay_s:-1,lr:0.00E+00,c_h:0.15
2023-04-12 14:13:11,806,Eval episode: 62, Game ended after 18 steps
2023-04-12 14:13:11,806,[Eval] episode:62,avg_a_R:0.16,avg_d_R:0.84,avg_t:9.48,avg_h:0.16,acc_A_R:10.00,acc_D_R:53.00,replay_s:-1,lr:0.00E+00,c_h:0.16
2023-04-12 14:13:11,808,Eval episode: 63, Game ended after 6 steps
2023-04-12 14:13:11,808,[Eval] episode:63,avg_a_R:0.16,avg_d_R:0.84,avg_t:9.42,avg_h:0.16,acc_A_R:10.00,acc_D_R:54.00,replay_s:-1,lr:0.00E+00,c_h:0.16
2023-04-12 14:13:11,811,Eval episode: 64, Game ended after 7 steps
2023-04-12 14:13:11,811,[Eval] episode:64,avg_a_R:0.15,avg_d_R:0.85,avg_t:9.38,avg_h:0.15,acc_A_R:10.00,acc_D_R:55.00,replay_s:-1,lr:0.00E+00,c_h:0.15
2023-04-12 14:13:11,812,Eval episode: 65, Game ended after 2 steps
2023-04-12 14:13:11,812,[Eval] episode:65,avg_a_R:0.15,avg_d_R:0.85,avg_t:9.27,avg_h:0.15,acc_A_R:10.00,acc_D_R:56.00,replay_s:-1,lr:0.00E+00,c_h:0.15
2023-04-12 14:13:11,817,Eval episode: 66, Game ended after 14 steps
2023-04-12 14:13:11,817,[Eval] episode:66,avg_a_R:0.15,avg_d_R:0.85,avg_t:9.34,avg_h:0.15,acc_A_R:10.00,acc_D_R:57.00,replay_s:-1,lr:0.00E+00,c_h:0.15
2023-04-12 14:13:11,817,Eval episode: 67, Game ended after 1 steps
2023-04-12 14:13:11,817,[Eval] episode:67,avg_a_R:0.15,avg_d_R:0.85,avg_t:9.22,avg_h:0.15,acc_A_R:10.00,acc_D_R:58.00,replay_s:-1,lr:0.00E+00,c_h:0.15
2023-04-12 14:13:11,821,Eval episode: 68, Game ended after 11 steps
2023-04-12 14:13:11,821,[Eval] episode:68,avg_a_R:0.14,avg_d_R:0.86,avg_t:9.25,avg_h:0.14,acc_A_R:10.00,acc_D_R:59.00,replay_s:-1,lr:0.00E+00,c_h:0.14
2023-04-12 14:13:11,822,Eval episode: 69, Game ended after 1 steps
2023-04-12 14:13:11,822,[Eval] episode:69,avg_a_R:0.14,avg_d_R:0.86,avg_t:9.13,avg_h:0.14,acc_A_R:10.00,acc_D_R:60.00,replay_s:-1,lr:0.00E+00,c_h:0.14
2023-04-12 14:13:11,826,Eval episode: 70, Game ended after 13 steps
2023-04-12 14:13:11,826,[Eval] episode:70,avg_a_R:0.15,avg_d_R:0.85,avg_t:9.18,avg_h:0.15,acc_A_R:11.00,acc_D_R:60.00,replay_s:-1,lr:0.00E+00,c_h:0.15
2023-04-12 14:13:11,828,Eval episode: 71, Game ended after 5 steps
2023-04-12 14:13:11,828,[Eval] episode:71,avg_a_R:0.15,avg_d_R:0.85,avg_t:9.12,avg_h:0.15,acc_A_R:11.00,acc_D_R:61.00,replay_s:-1,lr:0.00E+00,c_h:0.15
2023-04-12 14:13:11,830,Eval episode: 72, Game ended after 5 steps
2023-04-12 14:13:11,830,[Eval] episode:72,avg_a_R:0.15,avg_d_R:0.85,avg_t:9.07,avg_h:0.15,acc_A_R:11.00,acc_D_R:62.00,replay_s:-1,lr:0.00E+00,c_h:0.15
2023-04-12 14:13:11,832,Eval episode: 73, Game ended after 5 steps
2023-04-12 14:13:11,832,[Eval] episode:73,avg_a_R:0.15,avg_d_R:0.85,avg_t:9.01,avg_h:0.15,acc_A_R:11.00,acc_D_R:63.00,replay_s:-1,lr:0.00E+00,c_h:0.15
2023-04-12 14:13:11,837,Eval episode: 74, Game ended after 13 steps
2023-04-12 14:13:11,837,[Eval] episode:74,avg_a_R:0.16,avg_d_R:0.84,avg_t:9.07,avg_h:0.16,acc_A_R:12.00,acc_D_R:63.00,replay_s:-1,lr:0.00E+00,c_h:0.16
2023-04-12 14:13:11,840,Eval episode: 75, Game ended after 10 steps
2023-04-12 14:13:11,840,[Eval] episode:75,avg_a_R:0.16,avg_d_R:0.84,avg_t:9.08,avg_h:0.16,acc_A_R:12.00,acc_D_R:64.00,replay_s:-1,lr:0.00E+00,c_h:0.16
2023-04-12 14:13:11,844,Eval episode: 76, Game ended after 9 steps
2023-04-12 14:13:11,844,[Eval] episode:76,avg_a_R:0.16,avg_d_R:0.84,avg_t:9.08,avg_h:0.16,acc_A_R:12.00,acc_D_R:65.00,replay_s:-1,lr:0.00E+00,c_h:0.16
2023-04-12 14:13:11,848,Eval episode: 77, Game ended after 12 steps
2023-04-12 14:13:11,848,[Eval] episode:77,avg_a_R:0.15,avg_d_R:0.85,avg_t:9.12,avg_h:0.15,acc_A_R:12.00,acc_D_R:66.00,replay_s:-1,lr:0.00E+00,c_h:0.15
2023-04-12 14:13:11,855,Eval episode: 78, Game ended after 20 steps
2023-04-12 14:13:11,855,[Eval] episode:78,avg_a_R:0.16,avg_d_R:0.84,avg_t:9.25,avg_h:0.16,acc_A_R:13.00,acc_D_R:66.00,replay_s:-1,lr:0.00E+00,c_h:0.16
2023-04-12 14:13:11,860,Eval episode: 79, Game ended after 13 steps
2023-04-12 14:13:11,860,[Eval] episode:79,avg_a_R:0.16,avg_d_R:0.84,avg_t:9.30,avg_h:0.16,acc_A_R:13.00,acc_D_R:67.00,replay_s:-1,lr:0.00E+00,c_h:0.16
2023-04-12 14:13:11,865,Eval episode: 80, Game ended after 15 steps
2023-04-12 14:13:11,865,[Eval] episode:80,avg_a_R:0.16,avg_d_R:0.84,avg_t:9.37,avg_h:0.16,acc_A_R:13.00,acc_D_R:68.00,replay_s:-1,lr:0.00E+00,c_h:0.16
2023-04-12 14:13:11,870,Eval episode: 81, Game ended after 14 steps
2023-04-12 14:13:11,870,[Eval] episode:81,avg_a_R:0.17,avg_d_R:0.83,avg_t:9.43,avg_h:0.17,acc_A_R:14.00,acc_D_R:68.00,replay_s:-1,lr:0.00E+00,c_h:0.17
2023-04-12 14:13:11,870,Eval episode: 82, Game ended after 1 steps
2023-04-12 14:13:11,871,[Eval] episode:82,avg_a_R:0.17,avg_d_R:0.83,avg_t:9.33,avg_h:0.17,acc_A_R:14.00,acc_D_R:69.00,replay_s:-1,lr:0.00E+00,c_h:0.17
2023-04-12 14:13:11,876,Eval episode: 83, Game ended after 17 steps
2023-04-12 14:13:11,876,[Eval] episode:83,avg_a_R:0.18,avg_d_R:0.82,avg_t:9.42,avg_h:0.18,acc_A_R:15.00,acc_D_R:69.00,replay_s:-1,lr:0.00E+00,c_h:0.18
2023-04-12 14:13:11,878,Eval episode: 84, Game ended after 3 steps
2023-04-12 14:13:11,878,[Eval] episode:84,avg_a_R:0.18,avg_d_R:0.82,avg_t:9.34,avg_h:0.18,acc_A_R:15.00,acc_D_R:70.00,replay_s:-1,lr:0.00E+00,c_h:0.18
2023-04-12 14:13:11,881,Eval episode: 85, Game ended after 9 steps
2023-04-12 14:13:11,881,[Eval] episode:85,avg_a_R:0.17,avg_d_R:0.83,avg_t:9.34,avg_h:0.17,acc_A_R:15.00,acc_D_R:71.00,replay_s:-1,lr:0.00E+00,c_h:0.17
2023-04-12 14:13:11,883,Eval episode: 86, Game ended after 4 steps
2023-04-12 14:13:11,883,[Eval] episode:86,avg_a_R:0.17,avg_d_R:0.83,avg_t:9.28,avg_h:0.17,acc_A_R:15.00,acc_D_R:72.00,replay_s:-1,lr:0.00E+00,c_h:0.17
2023-04-12 14:13:11,883,Eval episode: 87, Game ended after 1 steps
2023-04-12 14:13:11,883,[Eval] episode:87,avg_a_R:0.17,avg_d_R:0.83,avg_t:9.18,avg_h:0.17,acc_A_R:15.00,acc_D_R:73.00,replay_s:-1,lr:0.00E+00,c_h:0.17
2023-04-12 14:13:11,885,Eval episode: 88, Game ended after 4 steps
2023-04-12 14:13:11,885,[Eval] episode:88,avg_a_R:0.17,avg_d_R:0.83,avg_t:9.12,avg_h:0.17,acc_A_R:15.00,acc_D_R:74.00,replay_s:-1,lr:0.00E+00,c_h:0.17
2023-04-12 14:13:11,892,Eval episode: 89, Game ended after 20 steps
2023-04-12 14:13:11,892,[Eval] episode:89,avg_a_R:0.18,avg_d_R:0.82,avg_t:9.24,avg_h:0.18,acc_A_R:16.00,acc_D_R:74.00,replay_s:-1,lr:0.00E+00,c_h:0.18
2023-04-12 14:13:11,892,Eval episode: 90, Game ended after 1 steps
2023-04-12 14:13:11,892,[Eval] episode:90,avg_a_R:0.18,avg_d_R:0.82,avg_t:9.15,avg_h:0.18,acc_A_R:16.00,acc_D_R:75.00,replay_s:-1,lr:0.00E+00,c_h:0.18
2023-04-12 14:13:11,893,Eval episode: 91, Game ended after 2 steps
2023-04-12 14:13:11,893,[Eval] episode:91,avg_a_R:0.17,avg_d_R:0.83,avg_t:9.08,avg_h:0.17,acc_A_R:16.00,acc_D_R:76.00,replay_s:-1,lr:0.00E+00,c_h:0.17
2023-04-12 14:13:11,897,Eval episode: 92, Game ended after 10 steps
2023-04-12 14:13:11,897,[Eval] episode:92,avg_a_R:0.17,avg_d_R:0.83,avg_t:9.09,avg_h:0.17,acc_A_R:16.00,acc_D_R:77.00,replay_s:-1,lr:0.00E+00,c_h:0.17
2023-04-12 14:13:11,900,Eval episode: 93, Game ended after 9 steps
2023-04-12 14:13:11,900,[Eval] episode:93,avg_a_R:0.17,avg_d_R:0.83,avg_t:9.09,avg_h:0.17,acc_A_R:16.00,acc_D_R:78.00,replay_s:-1,lr:0.00E+00,c_h:0.17
2023-04-12 14:13:11,902,Eval episode: 94, Game ended after 4 steps
2023-04-12 14:13:11,902,[Eval] episode:94,avg_a_R:0.17,avg_d_R:0.83,avg_t:9.03,avg_h:0.17,acc_A_R:16.00,acc_D_R:79.00,replay_s:-1,lr:0.00E+00,c_h:0.17
2023-04-12 14:13:11,907,Eval episode: 95, Game ended after 14 steps
2023-04-12 14:13:11,907,[Eval] episode:95,avg_a_R:0.18,avg_d_R:0.82,avg_t:9.08,avg_h:0.18,acc_A_R:17.00,acc_D_R:79.00,replay_s:-1,lr:0.00E+00,c_h:0.18
2023-04-12 14:13:11,912,Eval episode: 96, Game ended after 15 steps
2023-04-12 14:13:11,912,[Eval] episode:96,avg_a_R:0.19,avg_d_R:0.81,avg_t:9.14,avg_h:0.19,acc_A_R:18.00,acc_D_R:79.00,replay_s:-1,lr:0.00E+00,c_h:0.19
2023-04-12 14:13:11,918,Eval episode: 97, Game ended after 16 steps
2023-04-12 14:13:11,918,[Eval] episode:97,avg_a_R:0.18,avg_d_R:0.82,avg_t:9.21,avg_h:0.18,acc_A_R:18.00,acc_D_R:80.00,replay_s:-1,lr:0.00E+00,c_h:0.18
2023-04-12 14:13:11,921,Eval episode: 98, Game ended after 9 steps
2023-04-12 14:13:11,921,[Eval] episode:98,avg_a_R:0.18,avg_d_R:0.82,avg_t:9.21,avg_h:0.18,acc_A_R:18.00,acc_D_R:81.00,replay_s:-1,lr:0.00E+00,c_h:0.18
2023-04-12 14:13:11,925,Eval episode: 99, Game ended after 12 steps
2023-04-12 14:13:11,925,[Eval] episode:99,avg_a_R:0.18,avg_d_R:0.82,avg_t:9.24,avg_h:0.18,acc_A_R:18.00,acc_D_R:82.00,replay_s:-1,lr:0.00E+00,c_h:0.18
2023-04-12 14:13:11,926,[Eval] episode:0,avg_a_R:0.18,avg_d_R:0.82,avg_t:9.24,avg_h:0.18,acc_A_R:18.00,acc_D_R:82.00,replay_s:-1,lr:0.00E+00,c_h:0.18
2023-04-12 14:13:11,926,Evaluation Complete
2023-04-12 14:13:11,926,Saving Q-table to: /Users/evink/Desktop/ai/second/gym-idsgame-master/experiments/training/v0/maximal_attack/tabular_q_learning_modified/results/data/0//1681276391.9260879_defender_q_table.npy
2023-04-12 14:13:12,094,[Train] episode: 100.00 epsilon:0.99,avg_a_R:0.47,avg_d_R:0.53,avg_t:4.75,avg_h:0.47,acc_A_R:47.00,acc_D_R:52.00,A_loss:0.000000,D_loss:0.000000,replay_s:-1,lr:5.00E-04,c_h:0.48
2023-04-12 14:13:12,277,[Train] episode: 200.00 epsilon:0.98,avg_a_R:0.53,avg_d_R:0.47,avg_t:5.09,avg_h:0.53,acc_A_R:99.00,acc_D_R:100.00,A_loss:0.000000,D_loss:0.000000,replay_s:-1,lr:5.00E-04,c_h:0.50
2023-04-12 14:13:12,452,[Train] episode: 300.00 epsilon:0.97,avg_a_R:0.51,avg_d_R:0.49,avg_t:5.02,avg_h:0.51,acc_A_R:150.00,acc_D_R:149.00,A_loss:0.000000,D_loss:0.000000,replay_s:-1,lr:5.00E-04,c_h:0.50
2023-04-12 14:13:12,637,[Train] episode: 400.00 epsilon:0.96,avg_a_R:0.61,avg_d_R:0.39,avg_t:5.23,avg_h:0.61,acc_A_R:212.00,acc_D_R:187.00,A_loss:0.000000,D_loss:0.000000,replay_s:-1,lr:5.00E-04,c_h:0.53
2023-04-12 14:13:12,810,[Train] episode: 500.00 epsilon:0.95,avg_a_R:0.55,avg_d_R:0.45,avg_t:4.98,avg_h:0.55,acc_A_R:266.00,acc_D_R:233.00,A_loss:0.000000,D_loss:0.000000,replay_s:-1,lr:5.00E-04,c_h:0.53
2023-04-12 14:13:13,002,[Train] episode: 600.00 epsilon:0.94,avg_a_R:0.56,avg_d_R:0.44,avg_t:5.48,avg_h:0.56,acc_A_R:322.00,acc_D_R:277.00,A_loss:0.000000,D_loss:0.000000,replay_s:-1,lr:5.00E-04,c_h:0.54
2023-04-12 14:13:13,189,[Train] episode: 700.00 epsilon:0.93,avg_a_R:0.54,avg_d_R:0.46,avg_t:5.42,avg_h:0.54,acc_A_R:376.00,acc_D_R:323.00,A_loss:0.000000,D_loss:0.000000,replay_s:-1,lr:5.00E-04,c_h:0.54
2023-04-12 14:13:13,378,[Train] episode: 800.00 epsilon:0.92,avg_a_R:0.56,avg_d_R:0.44,avg_t:5.44,avg_h:0.56,acc_A_R:432.00,acc_D_R:367.00,A_loss:0.000000,D_loss:0.000000,replay_s:-1,lr:5.00E-04,c_h:0.54
2023-04-12 14:13:13,556,[Train] episode: 900.00 epsilon:0.91,avg_a_R:0.55,avg_d_R:0.45,avg_t:5.15,avg_h:0.55,acc_A_R:487.00,acc_D_R:412.00,A_loss:0.000000,D_loss:0.000000,replay_s:-1,lr:5.00E-04,c_h:0.54
2023-04-12 14:13:13,739,[Train] episode: 1000.00 epsilon:0.90,avg_a_R:0.54,avg_d_R:0.46,avg_t:5.20,avg_h:0.54,acc_A_R:542.00,acc_D_R:457.00,A_loss:0.000000,D_loss:0.000000,replay_s:-1,lr:5.00E-04,c_h:0.54
2023-04-12 14:13:13,739,Starting Evaluation
2023-04-12 14:13:13,739,starting eval with non-empty result object
2023-04-12 14:13:13,742,Eval episode: 0, Game ended after 6 steps
2023-04-12 14:13:13,742,[Eval] episode:0,avg_a_R:0.00,avg_d_R:1.00,avg_t:6.00,avg_h:0.00,acc_A_R:18.00,acc_D_R:83.00,replay_s:-1,lr:0.00E+00,c_h:0.18
2023-04-12 14:13:13,744,Eval episode: 1, Game ended after 6 steps
2023-04-12 14:13:13,744,[Eval] episode:1,avg_a_R:0.50,avg_d_R:0.50,avg_t:6.00,avg_h:0.50,acc_A_R:19.00,acc_D_R:83.00,replay_s:-1,lr:0.00E+00,c_h:0.19
2023-04-12 14:13:13,746,Eval episode: 2, Game ended after 6 steps
2023-04-12 14:13:13,747,[Eval] episode:2,avg_a_R:0.67,avg_d_R:0.33,avg_t:6.00,avg_h:0.67,acc_A_R:20.00,acc_D_R:83.00,replay_s:-1,lr:0.00E+00,c_h:0.19
2023-04-12 14:13:13,749,Eval episode: 3, Game ended after 7 steps
2023-04-12 14:13:13,749,[Eval] episode:3,avg_a_R:0.75,avg_d_R:0.25,avg_t:6.25,avg_h:0.75,acc_A_R:21.00,acc_D_R:83.00,replay_s:-1,lr:0.00E+00,c_h:0.20
2023-04-12 14:13:13,750,Eval episode: 4, Game ended after 1 steps
2023-04-12 14:13:13,750,[Eval] episode:4,avg_a_R:0.60,avg_d_R:0.40,avg_t:5.20,avg_h:0.60,acc_A_R:21.00,acc_D_R:84.00,replay_s:-1,lr:0.00E+00,c_h:0.20
2023-04-12 14:13:13,752,Eval episode: 5, Game ended after 7 steps
2023-04-12 14:13:13,752,[Eval] episode:5,avg_a_R:0.67,avg_d_R:0.33,avg_t:5.50,avg_h:0.67,acc_A_R:22.00,acc_D_R:84.00,replay_s:-1,lr:0.00E+00,c_h:0.21
2023-04-12 14:13:13,755,Eval episode: 6, Game ended after 6 steps
2023-04-12 14:13:13,755,[Eval] episode:6,avg_a_R:0.71,avg_d_R:0.29,avg_t:5.57,avg_h:0.71,acc_A_R:23.00,acc_D_R:84.00,replay_s:-1,lr:0.00E+00,c_h:0.21
2023-04-12 14:13:13,756,Eval episode: 7, Game ended after 4 steps
2023-04-12 14:13:13,757,[Eval] episode:7,avg_a_R:0.62,avg_d_R:0.38,avg_t:5.38,avg_h:0.62,acc_A_R:23.00,acc_D_R:85.00,replay_s:-1,lr:0.00E+00,c_h:0.21
2023-04-12 14:13:13,759,Eval episode: 8, Game ended after 6 steps
2023-04-12 14:13:13,759,[Eval] episode:8,avg_a_R:0.67,avg_d_R:0.33,avg_t:5.44,avg_h:0.67,acc_A_R:24.00,acc_D_R:85.00,replay_s:-1,lr:0.00E+00,c_h:0.22
2023-04-12 14:13:13,761,Eval episode: 9, Game ended after 7 steps
2023-04-12 14:13:13,761,[Eval] episode:9,avg_a_R:0.70,avg_d_R:0.30,avg_t:5.60,avg_h:0.70,acc_A_R:25.00,acc_D_R:85.00,replay_s:-1,lr:0.00E+00,c_h:0.23
2023-04-12 14:13:13,764,Eval episode: 10, Game ended after 6 steps
2023-04-12 14:13:13,764,[Eval] episode:10,avg_a_R:0.73,avg_d_R:0.27,avg_t:5.64,avg_h:0.73,acc_A_R:26.00,acc_D_R:85.00,replay_s:-1,lr:0.00E+00,c_h:0.23
2023-04-12 14:13:13,766,Eval episode: 11, Game ended after 6 steps
2023-04-12 14:13:13,766,[Eval] episode:11,avg_a_R:0.75,avg_d_R:0.25,avg_t:5.67,avg_h:0.75,acc_A_R:27.00,acc_D_R:85.00,replay_s:-1,lr:0.00E+00,c_h:0.24
2023-04-12 14:13:13,768,Eval episode: 12, Game ended after 7 steps
2023-04-12 14:13:13,769,[Eval] episode:12,avg_a_R:0.77,avg_d_R:0.23,avg_t:5.77,avg_h:0.77,acc_A_R:28.00,acc_D_R:85.00,replay_s:-1,lr:0.00E+00,c_h:0.25
2023-04-12 14:13:13,771,Eval episode: 13, Game ended after 7 steps
2023-04-12 14:13:13,771,[Eval] episode:13,avg_a_R:0.79,avg_d_R:0.21,avg_t:5.86,avg_h:0.79,acc_A_R:29.00,acc_D_R:85.00,replay_s:-1,lr:0.00E+00,c_h:0.25
2023-04-12 14:13:13,774,Eval episode: 14, Game ended after 6 steps
2023-04-12 14:13:13,774,[Eval] episode:14,avg_a_R:0.80,avg_d_R:0.20,avg_t:5.87,avg_h:0.80,acc_A_R:30.00,acc_D_R:85.00,replay_s:-1,lr:0.00E+00,c_h:0.26
2023-04-12 14:13:13,774,Eval episode: 15, Game ended after 2 steps
2023-04-12 14:13:13,775,[Eval] episode:15,avg_a_R:0.75,avg_d_R:0.25,avg_t:5.62,avg_h:0.75,acc_A_R:30.00,acc_D_R:86.00,replay_s:-1,lr:0.00E+00,c_h:0.26
2023-04-12 14:13:13,777,Eval episode: 16, Game ended after 7 steps
2023-04-12 14:13:13,777,[Eval] episode:16,avg_a_R:0.76,avg_d_R:0.24,avg_t:5.71,avg_h:0.76,acc_A_R:31.00,acc_D_R:86.00,replay_s:-1,lr:0.00E+00,c_h:0.26
2023-04-12 14:13:13,781,Eval episode: 17, Game ended after 10 steps
2023-04-12 14:13:13,781,[Eval] episode:17,avg_a_R:0.78,avg_d_R:0.22,avg_t:5.94,avg_h:0.78,acc_A_R:32.00,acc_D_R:86.00,replay_s:-1,lr:0.00E+00,c_h:0.27
2023-04-12 14:13:13,783,Eval episode: 18, Game ended after 6 steps
2023-04-12 14:13:13,783,[Eval] episode:18,avg_a_R:0.79,avg_d_R:0.21,avg_t:5.95,avg_h:0.79,acc_A_R:33.00,acc_D_R:86.00,replay_s:-1,lr:0.00E+00,c_h:0.28
2023-04-12 14:13:13,784,Eval episode: 19, Game ended after 2 steps
2023-04-12 14:13:13,784,[Eval] episode:19,avg_a_R:0.75,avg_d_R:0.25,avg_t:5.75,avg_h:0.75,acc_A_R:33.00,acc_D_R:87.00,replay_s:-1,lr:0.00E+00,c_h:0.28
2023-04-12 14:13:13,786,Eval episode: 20, Game ended after 7 steps
2023-04-12 14:13:13,786,[Eval] episode:20,avg_a_R:0.76,avg_d_R:0.24,avg_t:5.81,avg_h:0.76,acc_A_R:34.00,acc_D_R:87.00,replay_s:-1,lr:0.00E+00,c_h:0.28
2023-04-12 14:13:13,789,Eval episode: 21, Game ended after 7 steps
2023-04-12 14:13:13,789,[Eval] episode:21,avg_a_R:0.77,avg_d_R:0.23,avg_t:5.86,avg_h:0.77,acc_A_R:35.00,acc_D_R:87.00,replay_s:-1,lr:0.00E+00,c_h:0.29
2023-04-12 14:13:13,791,Eval episode: 22, Game ended after 6 steps
2023-04-12 14:13:13,791,[Eval] episode:22,avg_a_R:0.78,avg_d_R:0.22,avg_t:5.87,avg_h:0.78,acc_A_R:36.00,acc_D_R:87.00,replay_s:-1,lr:0.00E+00,c_h:0.29
2023-04-12 14:13:13,793,Eval episode: 23, Game ended after 6 steps
2023-04-12 14:13:13,793,[Eval] episode:23,avg_a_R:0.79,avg_d_R:0.21,avg_t:5.88,avg_h:0.79,acc_A_R:37.00,acc_D_R:87.00,replay_s:-1,lr:0.00E+00,c_h:0.30
2023-04-12 14:13:13,794,Eval episode: 24, Game ended after 2 steps
2023-04-12 14:13:13,794,[Eval] episode:24,avg_a_R:0.76,avg_d_R:0.24,avg_t:5.72,avg_h:0.76,acc_A_R:37.00,acc_D_R:88.00,replay_s:-1,lr:0.00E+00,c_h:0.30
2023-04-12 14:13:13,797,Eval episode: 25, Game ended after 7 steps
2023-04-12 14:13:13,797,[Eval] episode:25,avg_a_R:0.77,avg_d_R:0.23,avg_t:5.77,avg_h:0.77,acc_A_R:38.00,acc_D_R:88.00,replay_s:-1,lr:0.00E+00,c_h:0.30
2023-04-12 14:13:13,799,Eval episode: 26, Game ended after 6 steps
2023-04-12 14:13:13,799,[Eval] episode:26,avg_a_R:0.78,avg_d_R:0.22,avg_t:5.78,avg_h:0.78,acc_A_R:39.00,acc_D_R:88.00,replay_s:-1,lr:0.00E+00,c_h:0.31
2023-04-12 14:13:13,800,Eval episode: 27, Game ended after 2 steps
2023-04-12 14:13:13,800,[Eval] episode:27,avg_a_R:0.75,avg_d_R:0.25,avg_t:5.64,avg_h:0.75,acc_A_R:39.00,acc_D_R:89.00,replay_s:-1,lr:0.00E+00,c_h:0.30
2023-04-12 14:13:13,802,Eval episode: 28, Game ended after 6 steps
2023-04-12 14:13:13,802,[Eval] episode:28,avg_a_R:0.76,avg_d_R:0.24,avg_t:5.66,avg_h:0.76,acc_A_R:40.00,acc_D_R:89.00,replay_s:-1,lr:0.00E+00,c_h:0.31
2023-04-12 14:13:13,804,Eval episode: 29, Game ended after 4 steps
2023-04-12 14:13:13,804,[Eval] episode:29,avg_a_R:0.73,avg_d_R:0.27,avg_t:5.60,avg_h:0.73,acc_A_R:40.00,acc_D_R:90.00,replay_s:-1,lr:0.00E+00,c_h:0.31
2023-04-12 14:13:13,807,Eval episode: 30, Game ended after 8 steps
2023-04-12 14:13:13,807,[Eval] episode:30,avg_a_R:0.74,avg_d_R:0.26,avg_t:5.68,avg_h:0.74,acc_A_R:41.00,acc_D_R:90.00,replay_s:-1,lr:0.00E+00,c_h:0.31
2023-04-12 14:13:13,809,Eval episode: 31, Game ended after 6 steps
2023-04-12 14:13:13,809,[Eval] episode:31,avg_a_R:0.75,avg_d_R:0.25,avg_t:5.69,avg_h:0.75,acc_A_R:42.00,acc_D_R:90.00,replay_s:-1,lr:0.00E+00,c_h:0.32
2023-04-12 14:13:13,811,Eval episode: 32, Game ended after 6 steps
2023-04-12 14:13:13,811,[Eval] episode:32,avg_a_R:0.73,avg_d_R:0.27,avg_t:5.70,avg_h:0.73,acc_A_R:42.00,acc_D_R:91.00,replay_s:-1,lr:0.00E+00,c_h:0.32
2023-04-12 14:13:13,813,Eval episode: 33, Game ended after 6 steps
2023-04-12 14:13:13,813,[Eval] episode:33,avg_a_R:0.74,avg_d_R:0.26,avg_t:5.71,avg_h:0.74,acc_A_R:43.00,acc_D_R:91.00,replay_s:-1,lr:0.00E+00,c_h:0.32
2023-04-12 14:13:13,814,Eval episode: 34, Game ended after 2 steps
2023-04-12 14:13:13,814,[Eval] episode:34,avg_a_R:0.71,avg_d_R:0.29,avg_t:5.60,avg_h:0.71,acc_A_R:43.00,acc_D_R:92.00,replay_s:-1,lr:0.00E+00,c_h:0.32
2023-04-12 14:13:13,817,Eval episode: 35, Game ended after 7 steps
2023-04-12 14:13:13,817,[Eval] episode:35,avg_a_R:0.72,avg_d_R:0.28,avg_t:5.64,avg_h:0.72,acc_A_R:44.00,acc_D_R:92.00,replay_s:-1,lr:0.00E+00,c_h:0.32
2023-04-12 14:13:13,819,Eval episode: 36, Game ended after 7 steps
2023-04-12 14:13:13,820,[Eval] episode:36,avg_a_R:0.73,avg_d_R:0.27,avg_t:5.68,avg_h:0.73,acc_A_R:45.00,acc_D_R:92.00,replay_s:-1,lr:0.00E+00,c_h:0.33
2023-04-12 14:13:13,820,Eval episode: 37, Game ended after 1 steps
2023-04-12 14:13:13,820,[Eval] episode:37,avg_a_R:0.71,avg_d_R:0.29,avg_t:5.55,avg_h:0.71,acc_A_R:45.00,acc_D_R:93.00,replay_s:-1,lr:0.00E+00,c_h:0.33
2023-04-12 14:13:13,822,Eval episode: 38, Game ended after 7 steps
2023-04-12 14:13:13,823,[Eval] episode:38,avg_a_R:0.72,avg_d_R:0.28,avg_t:5.59,avg_h:0.72,acc_A_R:46.00,acc_D_R:93.00,replay_s:-1,lr:0.00E+00,c_h:0.33
2023-04-12 14:13:13,824,Eval episode: 39, Game ended after 5 steps
2023-04-12 14:13:13,824,[Eval] episode:39,avg_a_R:0.70,avg_d_R:0.30,avg_t:5.58,avg_h:0.70,acc_A_R:46.00,acc_D_R:94.00,replay_s:-1,lr:0.00E+00,c_h:0.33
2023-04-12 14:13:13,826,Eval episode: 40, Game ended after 4 steps
2023-04-12 14:13:13,826,[Eval] episode:40,avg_a_R:0.68,avg_d_R:0.32,avg_t:5.54,avg_h:0.68,acc_A_R:46.00,acc_D_R:95.00,replay_s:-1,lr:0.00E+00,c_h:0.33
2023-04-12 14:13:13,827,Eval episode: 41, Game ended after 4 steps
2023-04-12 14:13:13,828,[Eval] episode:41,avg_a_R:0.67,avg_d_R:0.33,avg_t:5.50,avg_h:0.67,acc_A_R:46.00,acc_D_R:96.00,replay_s:-1,lr:0.00E+00,c_h:0.32
2023-04-12 14:13:13,830,Eval episode: 42, Game ended after 6 steps
2023-04-12 14:13:13,830,[Eval] episode:42,avg_a_R:0.67,avg_d_R:0.33,avg_t:5.51,avg_h:0.67,acc_A_R:47.00,acc_D_R:96.00,replay_s:-1,lr:0.00E+00,c_h:0.33
2023-04-12 14:13:13,832,Eval episode: 43, Game ended after 6 steps
2023-04-12 14:13:13,832,[Eval] episode:43,avg_a_R:0.68,avg_d_R:0.32,avg_t:5.52,avg_h:0.68,acc_A_R:48.00,acc_D_R:96.00,replay_s:-1,lr:0.00E+00,c_h:0.33
2023-04-12 14:13:13,834,Eval episode: 44, Game ended after 6 steps
2023-04-12 14:13:13,834,[Eval] episode:44,avg_a_R:0.67,avg_d_R:0.33,avg_t:5.53,avg_h:0.67,acc_A_R:48.00,acc_D_R:97.00,replay_s:-1,lr:0.00E+00,c_h:0.33
2023-04-12 14:13:13,836,Eval episode: 45, Game ended after 6 steps
2023-04-12 14:13:13,836,[Eval] episode:45,avg_a_R:0.67,avg_d_R:0.33,avg_t:5.54,avg_h:0.67,acc_A_R:49.00,acc_D_R:97.00,replay_s:-1,lr:0.00E+00,c_h:0.34
2023-04-12 14:13:13,838,Eval episode: 46, Game ended after 4 steps
2023-04-12 14:13:13,838,[Eval] episode:46,avg_a_R:0.66,avg_d_R:0.34,avg_t:5.51,avg_h:0.66,acc_A_R:49.00,acc_D_R:98.00,replay_s:-1,lr:0.00E+00,c_h:0.33
2023-04-12 14:13:13,840,Eval episode: 47, Game ended after 6 steps
2023-04-12 14:13:13,840,[Eval] episode:47,avg_a_R:0.67,avg_d_R:0.33,avg_t:5.52,avg_h:0.67,acc_A_R:50.00,acc_D_R:98.00,replay_s:-1,lr:0.00E+00,c_h:0.34
2023-04-12 14:13:13,842,Eval episode: 48, Game ended after 6 steps
2023-04-12 14:13:13,843,[Eval] episode:48,avg_a_R:0.65,avg_d_R:0.35,avg_t:5.53,avg_h:0.65,acc_A_R:50.00,acc_D_R:99.00,replay_s:-1,lr:0.00E+00,c_h:0.34
2023-04-12 14:13:13,845,Eval episode: 49, Game ended after 6 steps
2023-04-12 14:13:13,845,[Eval] episode:49,avg_a_R:0.66,avg_d_R:0.34,avg_t:5.54,avg_h:0.66,acc_A_R:51.00,acc_D_R:99.00,replay_s:-1,lr:0.00E+00,c_h:0.34
2023-04-12 14:13:13,848,Eval episode: 50, Game ended after 9 steps
2023-04-12 14:13:13,848,[Eval] episode:50,avg_a_R:0.67,avg_d_R:0.33,avg_t:5.61,avg_h:0.67,acc_A_R:52.00,acc_D_R:99.00,replay_s:-1,lr:0.00E+00,c_h:0.34
2023-04-12 14:13:13,850,Eval episode: 51, Game ended after 6 steps
2023-04-12 14:13:13,850,[Eval] episode:51,avg_a_R:0.67,avg_d_R:0.33,avg_t:5.62,avg_h:0.67,acc_A_R:53.00,acc_D_R:99.00,replay_s:-1,lr:0.00E+00,c_h:0.35
2023-04-12 14:13:13,852,Eval episode: 52, Game ended after 4 steps
2023-04-12 14:13:13,852,[Eval] episode:52,avg_a_R:0.66,avg_d_R:0.34,avg_t:5.58,avg_h:0.66,acc_A_R:53.00,acc_D_R:100.00,replay_s:-1,lr:0.00E+00,c_h:0.35
2023-04-12 14:13:13,854,Eval episode: 53, Game ended after 6 steps
2023-04-12 14:13:13,854,[Eval] episode:53,avg_a_R:0.67,avg_d_R:0.33,avg_t:5.59,avg_h:0.67,acc_A_R:54.00,acc_D_R:100.00,replay_s:-1,lr:0.00E+00,c_h:0.35
2023-04-12 14:13:13,857,Eval episode: 54, Game ended after 7 steps
2023-04-12 14:13:13,857,[Eval] episode:54,avg_a_R:0.67,avg_d_R:0.33,avg_t:5.62,avg_h:0.67,acc_A_R:55.00,acc_D_R:100.00,replay_s:-1,lr:0.00E+00,c_h:0.35
2023-04-12 14:13:13,859,Eval episode: 55, Game ended after 7 steps
2023-04-12 14:13:13,859,[Eval] episode:55,avg_a_R:0.68,avg_d_R:0.32,avg_t:5.64,avg_h:0.68,acc_A_R:56.00,acc_D_R:100.00,replay_s:-1,lr:0.00E+00,c_h:0.36
2023-04-12 14:13:13,861,Eval episode: 56, Game ended after 6 steps
2023-04-12 14:13:13,861,[Eval] episode:56,avg_a_R:0.68,avg_d_R:0.32,avg_t:5.65,avg_h:0.68,acc_A_R:57.00,acc_D_R:100.00,replay_s:-1,lr:0.00E+00,c_h:0.36
2023-04-12 14:13:13,864,Eval episode: 57, Game ended after 6 steps
2023-04-12 14:13:13,864,[Eval] episode:57,avg_a_R:0.69,avg_d_R:0.31,avg_t:5.66,avg_h:0.69,acc_A_R:58.00,acc_D_R:100.00,replay_s:-1,lr:0.00E+00,c_h:0.37
2023-04-12 14:13:13,866,Eval episode: 58, Game ended after 6 steps
2023-04-12 14:13:13,866,[Eval] episode:58,avg_a_R:0.69,avg_d_R:0.31,avg_t:5.66,avg_h:0.69,acc_A_R:59.00,acc_D_R:100.00,replay_s:-1,lr:0.00E+00,c_h:0.37
2023-04-12 14:13:13,868,Eval episode: 59, Game ended after 6 steps
2023-04-12 14:13:13,868,[Eval] episode:59,avg_a_R:0.70,avg_d_R:0.30,avg_t:5.67,avg_h:0.70,acc_A_R:60.00,acc_D_R:100.00,replay_s:-1,lr:0.00E+00,c_h:0.38
2023-04-12 14:13:13,871,Eval episode: 60, Game ended after 9 steps
2023-04-12 14:13:13,872,[Eval] episode:60,avg_a_R:0.70,avg_d_R:0.30,avg_t:5.72,avg_h:0.70,acc_A_R:61.00,acc_D_R:100.00,replay_s:-1,lr:0.00E+00,c_h:0.38
2023-04-12 14:13:13,872,Eval episode: 61, Game ended after 2 steps
2023-04-12 14:13:13,872,[Eval] episode:61,avg_a_R:0.69,avg_d_R:0.31,avg_t:5.66,avg_h:0.69,acc_A_R:61.00,acc_D_R:101.00,replay_s:-1,lr:0.00E+00,c_h:0.38
2023-04-12 14:13:13,875,Eval episode: 62, Game ended after 7 steps
2023-04-12 14:13:13,875,[Eval] episode:62,avg_a_R:0.70,avg_d_R:0.30,avg_t:5.68,avg_h:0.70,acc_A_R:62.00,acc_D_R:101.00,replay_s:-1,lr:0.00E+00,c_h:0.38
2023-04-12 14:13:13,877,Eval episode: 63, Game ended after 6 steps
2023-04-12 14:13:13,877,[Eval] episode:63,avg_a_R:0.70,avg_d_R:0.30,avg_t:5.69,avg_h:0.70,acc_A_R:63.00,acc_D_R:101.00,replay_s:-1,lr:0.00E+00,c_h:0.38
2023-04-12 14:13:13,878,Eval episode: 64, Game ended after 2 steps
2023-04-12 14:13:13,878,[Eval] episode:64,avg_a_R:0.69,avg_d_R:0.31,avg_t:5.63,avg_h:0.69,acc_A_R:63.00,acc_D_R:102.00,replay_s:-1,lr:0.00E+00,c_h:0.38
2023-04-12 14:13:13,878,Eval episode: 65, Game ended after 1 steps
2023-04-12 14:13:13,879,[Eval] episode:65,avg_a_R:0.68,avg_d_R:0.32,avg_t:5.56,avg_h:0.68,acc_A_R:63.00,acc_D_R:103.00,replay_s:-1,lr:0.00E+00,c_h:0.38
2023-04-12 14:13:13,881,Eval episode: 66, Game ended after 8 steps
2023-04-12 14:13:13,882,[Eval] episode:66,avg_a_R:0.69,avg_d_R:0.31,avg_t:5.60,avg_h:0.69,acc_A_R:64.00,acc_D_R:103.00,replay_s:-1,lr:0.00E+00,c_h:0.38
2023-04-12 14:13:13,882,Eval episode: 67, Game ended after 1 steps
2023-04-12 14:13:13,882,[Eval] episode:67,avg_a_R:0.68,avg_d_R:0.32,avg_t:5.53,avg_h:0.68,acc_A_R:64.00,acc_D_R:104.00,replay_s:-1,lr:0.00E+00,c_h:0.38
2023-04-12 14:13:13,884,Eval episode: 68, Game ended after 4 steps
2023-04-12 14:13:13,884,[Eval] episode:68,avg_a_R:0.67,avg_d_R:0.33,avg_t:5.51,avg_h:0.67,acc_A_R:64.00,acc_D_R:105.00,replay_s:-1,lr:0.00E+00,c_h:0.38
2023-04-12 14:13:13,885,Eval episode: 69, Game ended after 5 steps
2023-04-12 14:13:13,885,[Eval] episode:69,avg_a_R:0.66,avg_d_R:0.34,avg_t:5.50,avg_h:0.66,acc_A_R:64.00,acc_D_R:106.00,replay_s:-1,lr:0.00E+00,c_h:0.38
2023-04-12 14:13:13,888,Eval episode: 70, Game ended after 7 steps
2023-04-12 14:13:13,888,[Eval] episode:70,avg_a_R:0.66,avg_d_R:0.34,avg_t:5.52,avg_h:0.66,acc_A_R:65.00,acc_D_R:106.00,replay_s:-1,lr:0.00E+00,c_h:0.38
2023-04-12 14:13:13,890,Eval episode: 71, Game ended after 5 steps
2023-04-12 14:13:13,890,[Eval] episode:71,avg_a_R:0.65,avg_d_R:0.35,avg_t:5.51,avg_h:0.65,acc_A_R:65.00,acc_D_R:107.00,replay_s:-1,lr:0.00E+00,c_h:0.38
2023-04-12 14:13:13,892,Eval episode: 72, Game ended after 6 steps
2023-04-12 14:13:13,892,[Eval] episode:72,avg_a_R:0.66,avg_d_R:0.34,avg_t:5.52,avg_h:0.66,acc_A_R:66.00,acc_D_R:107.00,replay_s:-1,lr:0.00E+00,c_h:0.38
2023-04-12 14:13:13,895,Eval episode: 73, Game ended after 6 steps
2023-04-12 14:13:13,895,[Eval] episode:73,avg_a_R:0.66,avg_d_R:0.34,avg_t:5.53,avg_h:0.66,acc_A_R:67.00,acc_D_R:107.00,replay_s:-1,lr:0.00E+00,c_h:0.39
2023-04-12 14:13:13,897,Eval episode: 74, Game ended after 6 steps
2023-04-12 14:13:13,897,[Eval] episode:74,avg_a_R:0.67,avg_d_R:0.33,avg_t:5.53,avg_h:0.67,acc_A_R:68.00,acc_D_R:107.00,replay_s:-1,lr:0.00E+00,c_h:0.39
2023-04-12 14:13:13,899,Eval episode: 75, Game ended after 7 steps
2023-04-12 14:13:13,900,[Eval] episode:75,avg_a_R:0.67,avg_d_R:0.33,avg_t:5.55,avg_h:0.67,acc_A_R:69.00,acc_D_R:107.00,replay_s:-1,lr:0.00E+00,c_h:0.39
2023-04-12 14:13:13,902,Eval episode: 76, Game ended after 7 steps
2023-04-12 14:13:13,902,[Eval] episode:76,avg_a_R:0.66,avg_d_R:0.34,avg_t:5.57,avg_h:0.66,acc_A_R:69.00,acc_D_R:108.00,replay_s:-1,lr:0.00E+00,c_h:0.39
2023-04-12 14:13:13,904,Eval episode: 77, Game ended after 5 steps
2023-04-12 14:13:13,904,[Eval] episode:77,avg_a_R:0.65,avg_d_R:0.35,avg_t:5.56,avg_h:0.65,acc_A_R:69.00,acc_D_R:109.00,replay_s:-1,lr:0.00E+00,c_h:0.39
2023-04-12 14:13:13,906,Eval episode: 78, Game ended after 6 steps
2023-04-12 14:13:13,906,[Eval] episode:78,avg_a_R:0.66,avg_d_R:0.34,avg_t:5.57,avg_h:0.66,acc_A_R:70.00,acc_D_R:109.00,replay_s:-1,lr:0.00E+00,c_h:0.39
2023-04-12 14:13:13,909,Eval episode: 79, Game ended after 6 steps
2023-04-12 14:13:13,909,[Eval] episode:79,avg_a_R:0.66,avg_d_R:0.34,avg_t:5.58,avg_h:0.66,acc_A_R:71.00,acc_D_R:109.00,replay_s:-1,lr:0.00E+00,c_h:0.39
2023-04-12 14:13:13,911,Eval episode: 80, Game ended after 6 steps
2023-04-12 14:13:13,911,[Eval] episode:80,avg_a_R:0.65,avg_d_R:0.35,avg_t:5.58,avg_h:0.65,acc_A_R:71.00,acc_D_R:110.00,replay_s:-1,lr:0.00E+00,c_h:0.39
2023-04-12 14:13:13,913,Eval episode: 81, Game ended after 5 steps
2023-04-12 14:13:13,913,[Eval] episode:81,avg_a_R:0.65,avg_d_R:0.35,avg_t:5.57,avg_h:0.65,acc_A_R:71.00,acc_D_R:111.00,replay_s:-1,lr:0.00E+00,c_h:0.39
2023-04-12 14:13:13,915,Eval episode: 82, Game ended after 6 steps
2023-04-12 14:13:13,915,[Eval] episode:82,avg_a_R:0.65,avg_d_R:0.35,avg_t:5.58,avg_h:0.65,acc_A_R:72.00,acc_D_R:111.00,replay_s:-1,lr:0.00E+00,c_h:0.39
2023-04-12 14:13:13,918,Eval episode: 83, Game ended after 7 steps
2023-04-12 14:13:13,918,[Eval] episode:83,avg_a_R:0.65,avg_d_R:0.35,avg_t:5.60,avg_h:0.65,acc_A_R:73.00,acc_D_R:111.00,replay_s:-1,lr:0.00E+00,c_h:0.40
2023-04-12 14:13:13,920,Eval episode: 84, Game ended after 6 steps
2023-04-12 14:13:13,920,[Eval] episode:84,avg_a_R:0.66,avg_d_R:0.34,avg_t:5.60,avg_h:0.66,acc_A_R:74.00,acc_D_R:111.00,replay_s:-1,lr:0.00E+00,c_h:0.40
2023-04-12 14:13:13,922,Eval episode: 85, Game ended after 6 steps
2023-04-12 14:13:13,922,[Eval] episode:85,avg_a_R:0.66,avg_d_R:0.34,avg_t:5.60,avg_h:0.66,acc_A_R:75.00,acc_D_R:111.00,replay_s:-1,lr:0.00E+00,c_h:0.40
2023-04-12 14:13:13,924,Eval episode: 86, Game ended after 6 steps
2023-04-12 14:13:13,924,[Eval] episode:86,avg_a_R:0.67,avg_d_R:0.33,avg_t:5.61,avg_h:0.67,acc_A_R:76.00,acc_D_R:111.00,replay_s:-1,lr:0.00E+00,c_h:0.41
2023-04-12 14:13:13,927,Eval episode: 87, Game ended after 6 steps
2023-04-12 14:13:13,927,[Eval] episode:87,avg_a_R:0.67,avg_d_R:0.33,avg_t:5.61,avg_h:0.67,acc_A_R:77.00,acc_D_R:111.00,replay_s:-1,lr:0.00E+00,c_h:0.41
2023-04-12 14:13:13,927,Eval episode: 88, Game ended after 2 steps
2023-04-12 14:13:13,928,[Eval] episode:88,avg_a_R:0.66,avg_d_R:0.34,avg_t:5.57,avg_h:0.66,acc_A_R:77.00,acc_D_R:112.00,replay_s:-1,lr:0.00E+00,c_h:0.41
2023-04-12 14:13:13,928,Eval episode: 89, Game ended after 2 steps
2023-04-12 14:13:13,928,[Eval] episode:89,avg_a_R:0.66,avg_d_R:0.34,avg_t:5.53,avg_h:0.66,acc_A_R:77.00,acc_D_R:113.00,replay_s:-1,lr:0.00E+00,c_h:0.41
2023-04-12 14:13:13,931,Eval episode: 90, Game ended after 6 steps
2023-04-12 14:13:13,931,[Eval] episode:90,avg_a_R:0.66,avg_d_R:0.34,avg_t:5.54,avg_h:0.66,acc_A_R:78.00,acc_D_R:113.00,replay_s:-1,lr:0.00E+00,c_h:0.41
2023-04-12 14:13:13,932,Eval episode: 91, Game ended after 4 steps
2023-04-12 14:13:13,932,[Eval] episode:91,avg_a_R:0.65,avg_d_R:0.35,avg_t:5.52,avg_h:0.65,acc_A_R:78.00,acc_D_R:114.00,replay_s:-1,lr:0.00E+00,c_h:0.41
2023-04-12 14:13:13,935,Eval episode: 92, Game ended after 7 steps
2023-04-12 14:13:13,935,[Eval] episode:92,avg_a_R:0.66,avg_d_R:0.34,avg_t:5.54,avg_h:0.66,acc_A_R:79.00,acc_D_R:114.00,replay_s:-1,lr:0.00E+00,c_h:0.41
2023-04-12 14:13:13,937,Eval episode: 93, Game ended after 6 steps
2023-04-12 14:13:13,937,[Eval] episode:93,avg_a_R:0.66,avg_d_R:0.34,avg_t:5.54,avg_h:0.66,acc_A_R:80.00,acc_D_R:114.00,replay_s:-1,lr:0.00E+00,c_h:0.41
2023-04-12 14:13:13,939,Eval episode: 94, Game ended after 6 steps
2023-04-12 14:13:13,939,[Eval] episode:94,avg_a_R:0.66,avg_d_R:0.34,avg_t:5.55,avg_h:0.66,acc_A_R:81.00,acc_D_R:114.00,replay_s:-1,lr:0.00E+00,c_h:0.42
2023-04-12 14:13:13,942,Eval episode: 95, Game ended after 7 steps
2023-04-12 14:13:13,942,[Eval] episode:95,avg_a_R:0.67,avg_d_R:0.33,avg_t:5.56,avg_h:0.67,acc_A_R:82.00,acc_D_R:114.00,replay_s:-1,lr:0.00E+00,c_h:0.42
2023-04-12 14:13:13,944,Eval episode: 96, Game ended after 5 steps
2023-04-12 14:13:13,944,[Eval] episode:96,avg_a_R:0.66,avg_d_R:0.34,avg_t:5.56,avg_h:0.66,acc_A_R:82.00,acc_D_R:115.00,replay_s:-1,lr:0.00E+00,c_h:0.42
2023-04-12 14:13:13,946,Eval episode: 97, Game ended after 5 steps
2023-04-12 14:13:13,946,[Eval] episode:97,avg_a_R:0.65,avg_d_R:0.35,avg_t:5.55,avg_h:0.65,acc_A_R:82.00,acc_D_R:116.00,replay_s:-1,lr:0.00E+00,c_h:0.41
2023-04-12 14:13:13,948,Eval episode: 98, Game ended after 6 steps
2023-04-12 14:13:13,948,[Eval] episode:98,avg_a_R:0.66,avg_d_R:0.34,avg_t:5.56,avg_h:0.66,acc_A_R:83.00,acc_D_R:116.00,replay_s:-1,lr:0.00E+00,c_h:0.42
2023-04-12 14:13:13,951,Eval episode: 99, Game ended after 8 steps
2023-04-12 14:13:13,951,[Eval] episode:99,avg_a_R:0.66,avg_d_R:0.34,avg_t:5.58,avg_h:0.66,acc_A_R:84.00,acc_D_R:116.00,replay_s:-1,lr:0.00E+00,c_h:0.42
2023-04-12 14:13:13,951,[Eval] episode:1000,avg_a_R:0.66,avg_d_R:0.34,avg_t:5.58,avg_h:0.66,acc_A_R:84.00,acc_D_R:116.00,replay_s:-1,lr:0.00E+00,c_h:0.42
2023-04-12 14:13:13,951,Evaluation Complete
2023-04-12 14:13:14,146,[Train] episode: 1100.00 epsilon:0.90,avg_a_R:0.57,avg_d_R:0.43,avg_t:5.51,avg_h:0.57,acc_A_R:599.00,acc_D_R:499.00,A_loss:0.000000,D_loss:0.000000,replay_s:-1,lr:5.00E-04,c_h:0.54
2023-04-12 14:13:14,316,[Train] episode: 1200.00 epsilon:0.89,avg_a_R:0.45,avg_d_R:0.55,avg_t:4.85,avg_h:0.45,acc_A_R:644.00,acc_D_R:554.00,A_loss:0.000000,D_loss:0.000000,replay_s:-1,lr:5.00E-04,c_h:0.54
2023-04-12 14:13:14,496,[Train] episode: 1300.00 epsilon:0.88,avg_a_R:0.59,avg_d_R:0.41,avg_t:5.22,avg_h:0.59,acc_A_R:703.00,acc_D_R:595.00,A_loss:0.000000,D_loss:0.000000,replay_s:-1,lr:5.00E-04,c_h:0.54
2023-04-12 14:13:14,686,[Train] episode: 1400.00 epsilon:0.87,avg_a_R:0.60,avg_d_R:0.40,avg_t:5.34,avg_h:0.60,acc_A_R:762.00,acc_D_R:636.00,A_loss:0.000000,D_loss:0.000000,replay_s:-1,lr:5.00E-04,c_h:0.55
2023-04-12 14:13:14,884,[Train] episode: 1500.00 epsilon:0.86,avg_a_R:0.64,avg_d_R:0.36,avg_t:5.70,avg_h:0.64,acc_A_R:826.00,acc_D_R:672.00,A_loss:0.000000,D_loss:0.000000,replay_s:-1,lr:5.00E-04,c_h:0.55
2023-04-12 14:13:15,069,[Train] episode: 1600.00 epsilon:0.85,avg_a_R:0.56,avg_d_R:0.44,avg_t:5.18,avg_h:0.56,acc_A_R:882.00,acc_D_R:716.00,A_loss:0.000000,D_loss:0.000000,replay_s:-1,lr:5.00E-04,c_h:0.55
2023-04-12 14:13:15,254,[Train] episode: 1700.00 epsilon:0.84,avg_a_R:0.60,avg_d_R:0.40,avg_t:5.37,avg_h:0.60,acc_A_R:942.00,acc_D_R:756.00,A_loss:0.000000,D_loss:0.000000,replay_s:-1,lr:5.00E-04,c_h:0.55
2023-04-12 14:13:15,433,[Train] episode: 1800.00 epsilon:0.84,avg_a_R:0.55,avg_d_R:0.45,avg_t:5.11,avg_h:0.55,acc_A_R:998.00,acc_D_R:800.00,A_loss:0.000000,D_loss:0.000000,replay_s:-1,lr:5.00E-04,c_h:0.55
2023-04-12 14:13:15,622,[Train] episode: 1900.00 epsilon:0.83,avg_a_R:0.59,avg_d_R:0.41,avg_t:5.39,avg_h:0.59,acc_A_R:1056.00,acc_D_R:842.00,A_loss:0.000000,D_loss:0.000000,replay_s:-1,lr:5.00E-04,c_h:0.56
2023-04-12 14:13:15,806,[Train] episode: 2000.00 epsilon:0.82,avg_a_R:0.55,avg_d_R:0.45,avg_t:5.04,avg_h:0.55,acc_A_R:1112.00,acc_D_R:886.00,A_loss:0.000000,D_loss:0.000000,replay_s:-1,lr:5.00E-04,c_h:0.56
2023-04-12 14:13:15,806,Starting Evaluation
2023-04-12 14:13:15,806,starting eval with non-empty result object
2023-04-12 14:13:15,806,Eval episode: 0, Game ended after 1 steps
2023-04-12 14:13:15,806,[Eval] episode:0,avg_a_R:0.00,avg_d_R:1.00,avg_t:1.00,avg_h:0.00,acc_A_R:84.00,acc_D_R:117.00,replay_s:-1,lr:0.00E+00,c_h:0.42
2023-04-12 14:13:15,809,Eval episode: 1, Game ended after 6 steps
2023-04-12 14:13:15,809,[Eval] episode:1,avg_a_R:0.50,avg_d_R:0.50,avg_t:3.50,avg_h:0.50,acc_A_R:85.00,acc_D_R:117.00,replay_s:-1,lr:0.00E+00,c_h:0.42
2023-04-12 14:13:15,809,Eval episode: 2, Game ended after 1 steps
2023-04-12 14:13:15,809,[Eval] episode:2,avg_a_R:0.33,avg_d_R:0.67,avg_t:2.67,avg_h:0.33,acc_A_R:85.00,acc_D_R:118.00,replay_s:-1,lr:0.00E+00,c_h:0.42
2023-04-12 14:13:15,812,Eval episode: 3, Game ended after 8 steps
2023-04-12 14:13:15,812,[Eval] episode:3,avg_a_R:0.50,avg_d_R:0.50,avg_t:4.00,avg_h:0.50,acc_A_R:86.00,acc_D_R:118.00,replay_s:-1,lr:0.00E+00,c_h:0.42
2023-04-12 14:13:15,813,Eval episode: 4, Game ended after 1 steps
2023-04-12 14:13:15,813,[Eval] episode:4,avg_a_R:0.40,avg_d_R:0.60,avg_t:3.40,avg_h:0.40,acc_A_R:86.00,acc_D_R:119.00,replay_s:-1,lr:0.00E+00,c_h:0.42
2023-04-12 14:13:15,814,Eval episode: 5, Game ended after 2 steps
2023-04-12 14:13:15,814,[Eval] episode:5,avg_a_R:0.33,avg_d_R:0.67,avg_t:3.17,avg_h:0.33,acc_A_R:86.00,acc_D_R:120.00,replay_s:-1,lr:0.00E+00,c_h:0.42
2023-04-12 14:13:15,816,Eval episode: 6, Game ended after 5 steps
2023-04-12 14:13:15,816,[Eval] episode:6,avg_a_R:0.29,avg_d_R:0.71,avg_t:3.43,avg_h:0.29,acc_A_R:86.00,acc_D_R:121.00,replay_s:-1,lr:0.00E+00,c_h:0.42
2023-04-12 14:13:15,818,Eval episode: 7, Game ended after 6 steps
2023-04-12 14:13:15,818,[Eval] episode:7,avg_a_R:0.38,avg_d_R:0.62,avg_t:3.75,avg_h:0.38,acc_A_R:87.00,acc_D_R:121.00,replay_s:-1,lr:0.00E+00,c_h:0.42
2023-04-12 14:13:15,819,Eval episode: 8, Game ended after 4 steps
2023-04-12 14:13:15,819,[Eval] episode:8,avg_a_R:0.33,avg_d_R:0.67,avg_t:3.78,avg_h:0.33,acc_A_R:87.00,acc_D_R:122.00,replay_s:-1,lr:0.00E+00,c_h:0.42
2023-04-12 14:13:15,822,Eval episode: 9, Game ended after 6 steps
2023-04-12 14:13:15,822,[Eval] episode:9,avg_a_R:0.40,avg_d_R:0.60,avg_t:4.00,avg_h:0.40,acc_A_R:88.00,acc_D_R:122.00,replay_s:-1,lr:0.00E+00,c_h:0.42
2023-04-12 14:13:15,825,Eval episode: 10, Game ended after 8 steps
2023-04-12 14:13:15,825,[Eval] episode:10,avg_a_R:0.45,avg_d_R:0.55,avg_t:4.36,avg_h:0.45,acc_A_R:89.00,acc_D_R:122.00,replay_s:-1,lr:0.00E+00,c_h:0.42
2023-04-12 14:13:15,827,Eval episode: 11, Game ended after 6 steps
2023-04-12 14:13:15,827,[Eval] episode:11,avg_a_R:0.50,avg_d_R:0.50,avg_t:4.50,avg_h:0.50,acc_A_R:90.00,acc_D_R:122.00,replay_s:-1,lr:0.00E+00,c_h:0.42
2023-04-12 14:13:15,828,Eval episode: 12, Game ended after 1 steps
2023-04-12 14:13:15,828,[Eval] episode:12,avg_a_R:0.46,avg_d_R:0.54,avg_t:4.23,avg_h:0.46,acc_A_R:90.00,acc_D_R:123.00,replay_s:-1,lr:0.00E+00,c_h:0.42
2023-04-12 14:13:15,830,Eval episode: 13, Game ended after 7 steps
2023-04-12 14:13:15,831,[Eval] episode:13,avg_a_R:0.50,avg_d_R:0.50,avg_t:4.43,avg_h:0.50,acc_A_R:91.00,acc_D_R:123.00,replay_s:-1,lr:0.00E+00,c_h:0.43
2023-04-12 14:13:15,831,Eval episode: 14, Game ended after 2 steps
2023-04-12 14:13:15,831,[Eval] episode:14,avg_a_R:0.47,avg_d_R:0.53,avg_t:4.27,avg_h:0.47,acc_A_R:91.00,acc_D_R:124.00,replay_s:-1,lr:0.00E+00,c_h:0.42
2023-04-12 14:13:15,834,Eval episode: 15, Game ended after 7 steps
2023-04-12 14:13:15,834,[Eval] episode:15,avg_a_R:0.50,avg_d_R:0.50,avg_t:4.44,avg_h:0.50,acc_A_R:92.00,acc_D_R:124.00,replay_s:-1,lr:0.00E+00,c_h:0.43
2023-04-12 14:13:15,836,Eval episode: 16, Game ended after 7 steps
2023-04-12 14:13:15,837,[Eval] episode:16,avg_a_R:0.53,avg_d_R:0.47,avg_t:4.59,avg_h:0.53,acc_A_R:93.00,acc_D_R:124.00,replay_s:-1,lr:0.00E+00,c_h:0.43
2023-04-12 14:13:15,837,Eval episode: 17, Game ended after 1 steps
2023-04-12 14:13:15,837,[Eval] episode:17,avg_a_R:0.50,avg_d_R:0.50,avg_t:4.39,avg_h:0.50,acc_A_R:93.00,acc_D_R:125.00,replay_s:-1,lr:0.00E+00,c_h:0.43
2023-04-12 14:13:15,839,Eval episode: 18, Game ended after 6 steps
2023-04-12 14:13:15,839,[Eval] episode:18,avg_a_R:0.53,avg_d_R:0.47,avg_t:4.47,avg_h:0.53,acc_A_R:94.00,acc_D_R:125.00,replay_s:-1,lr:0.00E+00,c_h:0.43
2023-04-12 14:13:15,840,Eval episode: 19, Game ended after 1 steps
2023-04-12 14:13:15,840,[Eval] episode:19,avg_a_R:0.50,avg_d_R:0.50,avg_t:4.30,avg_h:0.50,acc_A_R:94.00,acc_D_R:126.00,replay_s:-1,lr:0.00E+00,c_h:0.43
2023-04-12 14:13:15,841,Eval episode: 20, Game ended after 2 steps
2023-04-12 14:13:15,841,[Eval] episode:20,avg_a_R:0.48,avg_d_R:0.52,avg_t:4.19,avg_h:0.48,acc_A_R:94.00,acc_D_R:127.00,replay_s:-1,lr:0.00E+00,c_h:0.43
2023-04-12 14:13:15,842,Eval episode: 21, Game ended after 2 steps
2023-04-12 14:13:15,842,[Eval] episode:21,avg_a_R:0.45,avg_d_R:0.55,avg_t:4.09,avg_h:0.45,acc_A_R:94.00,acc_D_R:128.00,replay_s:-1,lr:0.00E+00,c_h:0.42
2023-04-12 14:13:15,844,Eval episode: 22, Game ended after 6 steps
2023-04-12 14:13:15,844,[Eval] episode:22,avg_a_R:0.48,avg_d_R:0.52,avg_t:4.17,avg_h:0.48,acc_A_R:95.00,acc_D_R:128.00,replay_s:-1,lr:0.00E+00,c_h:0.43
2023-04-12 14:13:15,847,Eval episode: 23, Game ended after 8 steps
2023-04-12 14:13:15,847,[Eval] episode:23,avg_a_R:0.50,avg_d_R:0.50,avg_t:4.33,avg_h:0.50,acc_A_R:96.00,acc_D_R:128.00,replay_s:-1,lr:0.00E+00,c_h:0.43
2023-04-12 14:13:15,849,Eval episode: 24, Game ended after 6 steps
2023-04-12 14:13:15,849,[Eval] episode:24,avg_a_R:0.52,avg_d_R:0.48,avg_t:4.40,avg_h:0.52,acc_A_R:97.00,acc_D_R:128.00,replay_s:-1,lr:0.00E+00,c_h:0.43
2023-04-12 14:13:15,851,Eval episode: 25, Game ended after 4 steps
2023-04-12 14:13:15,851,[Eval] episode:25,avg_a_R:0.50,avg_d_R:0.50,avg_t:4.38,avg_h:0.50,acc_A_R:97.00,acc_D_R:129.00,replay_s:-1,lr:0.00E+00,c_h:0.43
2023-04-12 14:13:15,853,Eval episode: 26, Game ended after 6 steps
2023-04-12 14:13:15,853,[Eval] episode:26,avg_a_R:0.48,avg_d_R:0.52,avg_t:4.44,avg_h:0.48,acc_A_R:97.00,acc_D_R:130.00,replay_s:-1,lr:0.00E+00,c_h:0.43
2023-04-12 14:13:15,855,Eval episode: 27, Game ended after 6 steps
2023-04-12 14:13:15,855,[Eval] episode:27,avg_a_R:0.50,avg_d_R:0.50,avg_t:4.50,avg_h:0.50,acc_A_R:98.00,acc_D_R:130.00,replay_s:-1,lr:0.00E+00,c_h:0.43
2023-04-12 14:13:15,857,Eval episode: 28, Game ended after 6 steps
2023-04-12 14:13:15,857,[Eval] episode:28,avg_a_R:0.52,avg_d_R:0.48,avg_t:4.55,avg_h:0.52,acc_A_R:99.00,acc_D_R:130.00,replay_s:-1,lr:0.00E+00,c_h:0.43
2023-04-12 14:13:15,859,Eval episode: 29, Game ended after 6 steps
2023-04-12 14:13:15,860,[Eval] episode:29,avg_a_R:0.53,avg_d_R:0.47,avg_t:4.60,avg_h:0.53,acc_A_R:100.00,acc_D_R:130.00,replay_s:-1,lr:0.00E+00,c_h:0.43
2023-04-12 14:13:15,861,Eval episode: 30, Game ended after 4 steps
2023-04-12 14:13:15,861,[Eval] episode:30,avg_a_R:0.52,avg_d_R:0.48,avg_t:4.58,avg_h:0.52,acc_A_R:100.00,acc_D_R:131.00,replay_s:-1,lr:0.00E+00,c_h:0.43
2023-04-12 14:13:15,863,Eval episode: 31, Game ended after 4 steps
2023-04-12 14:13:15,863,[Eval] episode:31,avg_a_R:0.50,avg_d_R:0.50,avg_t:4.56,avg_h:0.50,acc_A_R:100.00,acc_D_R:132.00,replay_s:-1,lr:0.00E+00,c_h:0.43
2023-04-12 14:13:15,865,Eval episode: 32, Game ended after 7 steps
2023-04-12 14:13:15,865,[Eval] episode:32,avg_a_R:0.52,avg_d_R:0.48,avg_t:4.64,avg_h:0.52,acc_A_R:101.00,acc_D_R:132.00,replay_s:-1,lr:0.00E+00,c_h:0.43
2023-04-12 14:13:15,868,Eval episode: 33, Game ended after 7 steps
2023-04-12 14:13:15,868,[Eval] episode:33,avg_a_R:0.53,avg_d_R:0.47,avg_t:4.71,avg_h:0.53,acc_A_R:102.00,acc_D_R:132.00,replay_s:-1,lr:0.00E+00,c_h:0.44
2023-04-12 14:13:15,868,Eval episode: 34, Game ended after 1 steps
2023-04-12 14:13:15,868,[Eval] episode:34,avg_a_R:0.51,avg_d_R:0.49,avg_t:4.60,avg_h:0.51,acc_A_R:102.00,acc_D_R:133.00,replay_s:-1,lr:0.00E+00,c_h:0.43
2023-04-12 14:13:15,871,Eval episode: 35, Game ended after 6 steps
2023-04-12 14:13:15,871,[Eval] episode:35,avg_a_R:0.53,avg_d_R:0.47,avg_t:4.64,avg_h:0.53,acc_A_R:103.00,acc_D_R:133.00,replay_s:-1,lr:0.00E+00,c_h:0.44
2023-04-12 14:13:15,872,Eval episode: 36, Game ended after 3 steps
2023-04-12 14:13:15,872,[Eval] episode:36,avg_a_R:0.51,avg_d_R:0.49,avg_t:4.59,avg_h:0.51,acc_A_R:103.00,acc_D_R:134.00,replay_s:-1,lr:0.00E+00,c_h:0.43
2023-04-12 14:13:15,872,Eval episode: 37, Game ended after 1 steps
2023-04-12 14:13:15,872,[Eval] episode:37,avg_a_R:0.50,avg_d_R:0.50,avg_t:4.50,avg_h:0.50,acc_A_R:103.00,acc_D_R:135.00,replay_s:-1,lr:0.00E+00,c_h:0.43
2023-04-12 14:13:15,874,Eval episode: 38, Game ended after 5 steps
2023-04-12 14:13:15,874,[Eval] episode:38,avg_a_R:0.49,avg_d_R:0.51,avg_t:4.51,avg_h:0.49,acc_A_R:103.00,acc_D_R:136.00,replay_s:-1,lr:0.00E+00,c_h:0.43
2023-04-12 14:13:15,876,Eval episode: 39, Game ended after 5 steps
2023-04-12 14:13:15,876,[Eval] episode:39,avg_a_R:0.47,avg_d_R:0.53,avg_t:4.53,avg_h:0.47,acc_A_R:103.00,acc_D_R:137.00,replay_s:-1,lr:0.00E+00,c_h:0.43
2023-04-12 14:13:15,879,Eval episode: 40, Game ended after 7 steps
2023-04-12 14:13:15,879,[Eval] episode:40,avg_a_R:0.49,avg_d_R:0.51,avg_t:4.59,avg_h:0.49,acc_A_R:104.00,acc_D_R:137.00,replay_s:-1,lr:0.00E+00,c_h:0.43
2023-04-12 14:13:15,881,Eval episode: 41, Game ended after 7 steps
2023-04-12 14:13:15,881,[Eval] episode:41,avg_a_R:0.50,avg_d_R:0.50,avg_t:4.64,avg_h:0.50,acc_A_R:105.00,acc_D_R:137.00,replay_s:-1,lr:0.00E+00,c_h:0.43
2023-04-12 14:13:15,883,Eval episode: 42, Game ended after 6 steps
2023-04-12 14:13:15,884,[Eval] episode:42,avg_a_R:0.51,avg_d_R:0.49,avg_t:4.67,avg_h:0.51,acc_A_R:106.00,acc_D_R:137.00,replay_s:-1,lr:0.00E+00,c_h:0.44
2023-04-12 14:13:15,884,Eval episode: 43, Game ended after 1 steps
2023-04-12 14:13:15,884,[Eval] episode:43,avg_a_R:0.50,avg_d_R:0.50,avg_t:4.59,avg_h:0.50,acc_A_R:106.00,acc_D_R:138.00,replay_s:-1,lr:0.00E+00,c_h:0.43
2023-04-12 14:13:15,886,Eval episode: 44, Game ended after 6 steps
2023-04-12 14:13:15,886,[Eval] episode:44,avg_a_R:0.51,avg_d_R:0.49,avg_t:4.62,avg_h:0.51,acc_A_R:107.00,acc_D_R:138.00,replay_s:-1,lr:0.00E+00,c_h:0.44
2023-04-12 14:13:15,887,Eval episode: 45, Game ended after 2 steps
2023-04-12 14:13:15,887,[Eval] episode:45,avg_a_R:0.50,avg_d_R:0.50,avg_t:4.57,avg_h:0.50,acc_A_R:107.00,acc_D_R:139.00,replay_s:-1,lr:0.00E+00,c_h:0.43
2023-04-12 14:13:15,889,Eval episode: 46, Game ended after 6 steps
2023-04-12 14:13:15,889,[Eval] episode:46,avg_a_R:0.51,avg_d_R:0.49,avg_t:4.60,avg_h:0.51,acc_A_R:108.00,acc_D_R:139.00,replay_s:-1,lr:0.00E+00,c_h:0.44
2023-04-12 14:13:15,892,Eval episode: 47, Game ended after 6 steps
2023-04-12 14:13:15,892,[Eval] episode:47,avg_a_R:0.52,avg_d_R:0.48,avg_t:4.62,avg_h:0.52,acc_A_R:109.00,acc_D_R:139.00,replay_s:-1,lr:0.00E+00,c_h:0.44
2023-04-12 14:13:15,894,Eval episode: 48, Game ended after 6 steps
2023-04-12 14:13:15,894,[Eval] episode:48,avg_a_R:0.53,avg_d_R:0.47,avg_t:4.65,avg_h:0.53,acc_A_R:110.00,acc_D_R:139.00,replay_s:-1,lr:0.00E+00,c_h:0.44
2023-04-12 14:13:15,896,Eval episode: 49, Game ended after 6 steps
2023-04-12 14:13:15,896,[Eval] episode:49,avg_a_R:0.54,avg_d_R:0.46,avg_t:4.68,avg_h:0.54,acc_A_R:111.00,acc_D_R:139.00,replay_s:-1,lr:0.00E+00,c_h:0.44
2023-04-12 14:13:15,898,Eval episode: 50, Game ended after 7 steps
2023-04-12 14:13:15,899,[Eval] episode:50,avg_a_R:0.55,avg_d_R:0.45,avg_t:4.73,avg_h:0.55,acc_A_R:112.00,acc_D_R:139.00,replay_s:-1,lr:0.00E+00,c_h:0.45
2023-04-12 14:13:15,901,Eval episode: 51, Game ended after 6 steps
2023-04-12 14:13:15,901,[Eval] episode:51,avg_a_R:0.54,avg_d_R:0.46,avg_t:4.75,avg_h:0.54,acc_A_R:112.00,acc_D_R:140.00,replay_s:-1,lr:0.00E+00,c_h:0.44
2023-04-12 14:13:15,901,Eval episode: 52, Game ended after 1 steps
2023-04-12 14:13:15,901,[Eval] episode:52,avg_a_R:0.53,avg_d_R:0.47,avg_t:4.68,avg_h:0.53,acc_A_R:112.00,acc_D_R:141.00,replay_s:-1,lr:0.00E+00,c_h:0.44
2023-04-12 14:13:15,902,Eval episode: 53, Game ended after 3 steps
2023-04-12 14:13:15,903,[Eval] episode:53,avg_a_R:0.52,avg_d_R:0.48,avg_t:4.65,avg_h:0.52,acc_A_R:112.00,acc_D_R:142.00,replay_s:-1,lr:0.00E+00,c_h:0.44
2023-04-12 14:13:15,905,Eval episode: 54, Game ended after 7 steps
2023-04-12 14:13:15,905,[Eval] episode:54,avg_a_R:0.53,avg_d_R:0.47,avg_t:4.69,avg_h:0.53,acc_A_R:113.00,acc_D_R:142.00,replay_s:-1,lr:0.00E+00,c_h:0.44
2023-04-12 14:13:15,907,Eval episode: 55, Game ended after 5 steps
2023-04-12 14:13:15,907,[Eval] episode:55,avg_a_R:0.52,avg_d_R:0.48,avg_t:4.70,avg_h:0.52,acc_A_R:113.00,acc_D_R:143.00,replay_s:-1,lr:0.00E+00,c_h:0.44
2023-04-12 14:13:15,910,Eval episode: 56, Game ended after 7 steps
2023-04-12 14:13:15,910,[Eval] episode:56,avg_a_R:0.53,avg_d_R:0.47,avg_t:4.74,avg_h:0.53,acc_A_R:114.00,acc_D_R:143.00,replay_s:-1,lr:0.00E+00,c_h:0.44
2023-04-12 14:13:15,910,Eval episode: 57, Game ended after 1 steps
2023-04-12 14:13:15,910,[Eval] episode:57,avg_a_R:0.52,avg_d_R:0.48,avg_t:4.67,avg_h:0.52,acc_A_R:114.00,acc_D_R:144.00,replay_s:-1,lr:0.00E+00,c_h:0.44
2023-04-12 14:13:15,912,Eval episode: 58, Game ended after 4 steps
2023-04-12 14:13:15,912,[Eval] episode:58,avg_a_R:0.51,avg_d_R:0.49,avg_t:4.66,avg_h:0.51,acc_A_R:114.00,acc_D_R:145.00,replay_s:-1,lr:0.00E+00,c_h:0.44
2023-04-12 14:13:15,913,Eval episode: 59, Game ended after 4 steps
2023-04-12 14:13:15,913,[Eval] episode:59,avg_a_R:0.50,avg_d_R:0.50,avg_t:4.65,avg_h:0.50,acc_A_R:114.00,acc_D_R:146.00,replay_s:-1,lr:0.00E+00,c_h:0.44
2023-04-12 14:13:15,916,Eval episode: 60, Game ended after 7 steps
2023-04-12 14:13:15,916,[Eval] episode:60,avg_a_R:0.51,avg_d_R:0.49,avg_t:4.69,avg_h:0.51,acc_A_R:115.00,acc_D_R:146.00,replay_s:-1,lr:0.00E+00,c_h:0.44
2023-04-12 14:13:15,917,Eval episode: 61, Game ended after 1 steps
2023-04-12 14:13:15,917,[Eval] episode:61,avg_a_R:0.50,avg_d_R:0.50,avg_t:4.63,avg_h:0.50,acc_A_R:115.00,acc_D_R:147.00,replay_s:-1,lr:0.00E+00,c_h:0.44
2023-04-12 14:13:15,919,Eval episode: 62, Game ended after 7 steps
2023-04-12 14:13:15,919,[Eval] episode:62,avg_a_R:0.51,avg_d_R:0.49,avg_t:4.67,avg_h:0.51,acc_A_R:116.00,acc_D_R:147.00,replay_s:-1,lr:0.00E+00,c_h:0.44
2023-04-12 14:13:15,922,Eval episode: 63, Game ended after 7 steps
2023-04-12 14:13:15,922,[Eval] episode:63,avg_a_R:0.52,avg_d_R:0.48,avg_t:4.70,avg_h:0.52,acc_A_R:117.00,acc_D_R:147.00,replay_s:-1,lr:0.00E+00,c_h:0.44
2023-04-12 14:13:15,924,Eval episode: 64, Game ended after 6 steps
2023-04-12 14:13:15,925,[Eval] episode:64,avg_a_R:0.52,avg_d_R:0.48,avg_t:4.72,avg_h:0.52,acc_A_R:118.00,acc_D_R:147.00,replay_s:-1,lr:0.00E+00,c_h:0.45
2023-04-12 14:13:15,927,Eval episode: 65, Game ended after 6 steps
2023-04-12 14:13:15,927,[Eval] episode:65,avg_a_R:0.53,avg_d_R:0.47,avg_t:4.74,avg_h:0.53,acc_A_R:119.00,acc_D_R:147.00,replay_s:-1,lr:0.00E+00,c_h:0.45
2023-04-12 14:13:15,929,Eval episode: 66, Game ended after 6 steps
2023-04-12 14:13:15,929,[Eval] episode:66,avg_a_R:0.54,avg_d_R:0.46,avg_t:4.76,avg_h:0.54,acc_A_R:120.00,acc_D_R:147.00,replay_s:-1,lr:0.00E+00,c_h:0.45
2023-04-12 14:13:15,930,Eval episode: 67, Game ended after 1 steps
2023-04-12 14:13:15,930,[Eval] episode:67,avg_a_R:0.53,avg_d_R:0.47,avg_t:4.71,avg_h:0.53,acc_A_R:120.00,acc_D_R:148.00,replay_s:-1,lr:0.00E+00,c_h:0.45
2023-04-12 14:13:15,932,Eval episode: 68, Game ended after 6 steps
2023-04-12 14:13:15,932,[Eval] episode:68,avg_a_R:0.54,avg_d_R:0.46,avg_t:4.72,avg_h:0.54,acc_A_R:121.00,acc_D_R:148.00,replay_s:-1,lr:0.00E+00,c_h:0.45
2023-04-12 14:13:15,934,Eval episode: 69, Game ended after 6 steps
2023-04-12 14:13:15,935,[Eval] episode:69,avg_a_R:0.54,avg_d_R:0.46,avg_t:4.74,avg_h:0.54,acc_A_R:122.00,acc_D_R:148.00,replay_s:-1,lr:0.00E+00,c_h:0.45
2023-04-12 14:13:15,937,Eval episode: 70, Game ended after 6 steps
2023-04-12 14:13:15,937,[Eval] episode:70,avg_a_R:0.55,avg_d_R:0.45,avg_t:4.76,avg_h:0.55,acc_A_R:123.00,acc_D_R:148.00,replay_s:-1,lr:0.00E+00,c_h:0.45
2023-04-12 14:13:15,939,Eval episode: 71, Game ended after 6 steps
2023-04-12 14:13:15,939,[Eval] episode:71,avg_a_R:0.56,avg_d_R:0.44,avg_t:4.78,avg_h:0.56,acc_A_R:124.00,acc_D_R:148.00,replay_s:-1,lr:0.00E+00,c_h:0.46
2023-04-12 14:13:15,942,Eval episode: 72, Game ended after 7 steps
2023-04-12 14:13:15,942,[Eval] episode:72,avg_a_R:0.56,avg_d_R:0.44,avg_t:4.81,avg_h:0.56,acc_A_R:125.00,acc_D_R:148.00,replay_s:-1,lr:0.00E+00,c_h:0.46
2023-04-12 14:13:15,944,Eval episode: 73, Game ended after 6 steps
2023-04-12 14:13:15,944,[Eval] episode:73,avg_a_R:0.57,avg_d_R:0.43,avg_t:4.82,avg_h:0.57,acc_A_R:126.00,acc_D_R:148.00,replay_s:-1,lr:0.00E+00,c_h:0.46
2023-04-12 14:13:15,947,Eval episode: 74, Game ended after 6 steps
2023-04-12 14:13:15,947,[Eval] episode:74,avg_a_R:0.57,avg_d_R:0.43,avg_t:4.84,avg_h:0.57,acc_A_R:127.00,acc_D_R:148.00,replay_s:-1,lr:0.00E+00,c_h:0.46
2023-04-12 14:13:15,949,Eval episode: 75, Game ended after 6 steps
2023-04-12 14:13:15,949,[Eval] episode:75,avg_a_R:0.58,avg_d_R:0.42,avg_t:4.86,avg_h:0.58,acc_A_R:128.00,acc_D_R:148.00,replay_s:-1,lr:0.00E+00,c_h:0.46
2023-04-12 14:13:15,952,Eval episode: 76, Game ended after 7 steps
2023-04-12 14:13:15,952,[Eval] episode:76,avg_a_R:0.58,avg_d_R:0.42,avg_t:4.88,avg_h:0.58,acc_A_R:129.00,acc_D_R:148.00,replay_s:-1,lr:0.00E+00,c_h:0.47
2023-04-12 14:13:15,954,Eval episode: 77, Game ended after 6 steps
2023-04-12 14:13:15,954,[Eval] episode:77,avg_a_R:0.59,avg_d_R:0.41,avg_t:4.90,avg_h:0.59,acc_A_R:130.00,acc_D_R:148.00,replay_s:-1,lr:0.00E+00,c_h:0.47
2023-04-12 14:13:15,958,Eval episode: 78, Game ended after 9 steps
2023-04-12 14:13:15,958,[Eval] episode:78,avg_a_R:0.59,avg_d_R:0.41,avg_t:4.95,avg_h:0.59,acc_A_R:131.00,acc_D_R:148.00,replay_s:-1,lr:0.00E+00,c_h:0.47
2023-04-12 14:13:15,960,Eval episode: 79, Game ended after 6 steps
2023-04-12 14:13:15,960,[Eval] episode:79,avg_a_R:0.60,avg_d_R:0.40,avg_t:4.96,avg_h:0.60,acc_A_R:132.00,acc_D_R:148.00,replay_s:-1,lr:0.00E+00,c_h:0.47
2023-04-12 14:13:15,962,Eval episode: 80, Game ended after 6 steps
2023-04-12 14:13:15,962,[Eval] episode:80,avg_a_R:0.60,avg_d_R:0.40,avg_t:4.98,avg_h:0.60,acc_A_R:133.00,acc_D_R:148.00,replay_s:-1,lr:0.00E+00,c_h:0.47
2023-04-12 14:13:15,965,Eval episode: 81, Game ended after 6 steps
2023-04-12 14:13:15,965,[Eval] episode:81,avg_a_R:0.61,avg_d_R:0.39,avg_t:4.99,avg_h:0.61,acc_A_R:134.00,acc_D_R:148.00,replay_s:-1,lr:0.00E+00,c_h:0.48
2023-04-12 14:13:15,966,Eval episode: 82, Game ended after 3 steps
2023-04-12 14:13:15,966,[Eval] episode:82,avg_a_R:0.60,avg_d_R:0.40,avg_t:4.96,avg_h:0.60,acc_A_R:134.00,acc_D_R:149.00,replay_s:-1,lr:0.00E+00,c_h:0.47
2023-04-12 14:13:15,969,Eval episode: 83, Game ended after 9 steps
2023-04-12 14:13:15,969,[Eval] episode:83,avg_a_R:0.61,avg_d_R:0.39,avg_t:5.01,avg_h:0.61,acc_A_R:135.00,acc_D_R:149.00,replay_s:-1,lr:0.00E+00,c_h:0.48
2023-04-12 14:13:15,970,Eval episode: 84, Game ended after 1 steps
2023-04-12 14:13:15,970,[Eval] episode:84,avg_a_R:0.60,avg_d_R:0.40,avg_t:4.96,avg_h:0.60,acc_A_R:135.00,acc_D_R:150.00,replay_s:-1,lr:0.00E+00,c_h:0.47
2023-04-12 14:13:15,972,Eval episode: 85, Game ended after 6 steps
2023-04-12 14:13:15,972,[Eval] episode:85,avg_a_R:0.60,avg_d_R:0.40,avg_t:4.98,avg_h:0.60,acc_A_R:136.00,acc_D_R:150.00,replay_s:-1,lr:0.00E+00,c_h:0.48
2023-04-12 14:13:15,974,Eval episode: 86, Game ended after 6 steps
2023-04-12 14:13:15,975,[Eval] episode:86,avg_a_R:0.61,avg_d_R:0.39,avg_t:4.99,avg_h:0.61,acc_A_R:137.00,acc_D_R:150.00,replay_s:-1,lr:0.00E+00,c_h:0.48
2023-04-12 14:13:15,975,Eval episode: 87, Game ended after 1 steps
2023-04-12 14:13:15,975,[Eval] episode:87,avg_a_R:0.60,avg_d_R:0.40,avg_t:4.94,avg_h:0.60,acc_A_R:137.00,acc_D_R:151.00,replay_s:-1,lr:0.00E+00,c_h:0.48
2023-04-12 14:13:15,978,Eval episode: 88, Game ended after 7 steps
2023-04-12 14:13:15,978,[Eval] episode:88,avg_a_R:0.61,avg_d_R:0.39,avg_t:4.97,avg_h:0.61,acc_A_R:138.00,acc_D_R:151.00,replay_s:-1,lr:0.00E+00,c_h:0.48
2023-04-12 14:13:15,980,Eval episode: 89, Game ended after 6 steps
2023-04-12 14:13:15,980,[Eval] episode:89,avg_a_R:0.61,avg_d_R:0.39,avg_t:4.98,avg_h:0.61,acc_A_R:139.00,acc_D_R:151.00,replay_s:-1,lr:0.00E+00,c_h:0.48
2023-04-12 14:13:15,983,Eval episode: 90, Game ended after 7 steps
2023-04-12 14:13:15,983,[Eval] episode:90,avg_a_R:0.62,avg_d_R:0.38,avg_t:5.00,avg_h:0.62,acc_A_R:140.00,acc_D_R:151.00,replay_s:-1,lr:0.00E+00,c_h:0.48
2023-04-12 14:13:15,985,Eval episode: 91, Game ended after 7 steps
2023-04-12 14:13:15,985,[Eval] episode:91,avg_a_R:0.62,avg_d_R:0.38,avg_t:5.02,avg_h:0.62,acc_A_R:141.00,acc_D_R:151.00,replay_s:-1,lr:0.00E+00,c_h:0.48
2023-04-12 14:13:15,988,Eval episode: 92, Game ended after 7 steps
2023-04-12 14:13:15,988,[Eval] episode:92,avg_a_R:0.62,avg_d_R:0.38,avg_t:5.04,avg_h:0.62,acc_A_R:142.00,acc_D_R:151.00,replay_s:-1,lr:0.00E+00,c_h:0.48
2023-04-12 14:13:15,990,Eval episode: 93, Game ended after 6 steps
2023-04-12 14:13:15,990,[Eval] episode:93,avg_a_R:0.63,avg_d_R:0.37,avg_t:5.05,avg_h:0.63,acc_A_R:143.00,acc_D_R:151.00,replay_s:-1,lr:0.00E+00,c_h:0.49
2023-04-12 14:13:15,991,Eval episode: 94, Game ended after 2 steps
2023-04-12 14:13:15,991,[Eval] episode:94,avg_a_R:0.62,avg_d_R:0.38,avg_t:5.02,avg_h:0.62,acc_A_R:143.00,acc_D_R:152.00,replay_s:-1,lr:0.00E+00,c_h:0.48
2023-04-12 14:13:15,993,Eval episode: 95, Game ended after 4 steps
2023-04-12 14:13:15,993,[Eval] episode:95,avg_a_R:0.61,avg_d_R:0.39,avg_t:5.01,avg_h:0.61,acc_A_R:143.00,acc_D_R:153.00,replay_s:-1,lr:0.00E+00,c_h:0.48
2023-04-12 14:13:15,995,Eval episode: 96, Game ended after 6 steps
2023-04-12 14:13:15,995,[Eval] episode:96,avg_a_R:0.62,avg_d_R:0.38,avg_t:5.02,avg_h:0.62,acc_A_R:144.00,acc_D_R:153.00,replay_s:-1,lr:0.00E+00,c_h:0.48
2023-04-12 14:13:15,996,Eval episode: 97, Game ended after 2 steps
2023-04-12 14:13:15,996,[Eval] episode:97,avg_a_R:0.61,avg_d_R:0.39,avg_t:4.99,avg_h:0.61,acc_A_R:144.00,acc_D_R:154.00,replay_s:-1,lr:0.00E+00,c_h:0.48
2023-04-12 14:13:15,996,Eval episode: 98, Game ended after 1 steps
2023-04-12 14:13:15,996,[Eval] episode:98,avg_a_R:0.61,avg_d_R:0.39,avg_t:4.95,avg_h:0.61,acc_A_R:144.00,acc_D_R:155.00,replay_s:-1,lr:0.00E+00,c_h:0.48
2023-04-12 14:13:15,999,Eval episode: 99, Game ended after 6 steps
2023-04-12 14:13:15,999,[Eval] episode:99,avg_a_R:0.61,avg_d_R:0.39,avg_t:4.96,avg_h:0.61,acc_A_R:145.00,acc_D_R:155.00,replay_s:-1,lr:0.00E+00,c_h:0.48
2023-04-12 14:13:15,999,[Eval] episode:2000,avg_a_R:0.61,avg_d_R:0.39,avg_t:4.96,avg_h:0.61,acc_A_R:145.00,acc_D_R:155.00,replay_s:-1,lr:0.00E+00,c_h:0.48
2023-04-12 14:13:15,999,Evaluation Complete
2023-04-12 14:13:15,999,Training Complete
2023-04-12 14:13:15,999,Starting Evaluation
2023-04-12 14:13:15,999,starting eval with non-empty result object
2023-04-12 14:13:16,001,Eval episode: 0, Game ended after 4 steps
2023-04-12 14:13:16,003,Eval episode: 1, Game ended after 6 steps
2023-04-12 14:13:16,005,Eval episode: 2, Game ended after 6 steps
2023-04-12 14:13:16,005,Eval episode: 3, Game ended after 1 steps
2023-04-12 14:13:16,007,Eval episode: 4, Game ended after 6 steps
2023-04-12 14:13:16,009,Eval episode: 5, Game ended after 6 steps
2023-04-12 14:13:16,011,Eval episode: 6, Game ended after 6 steps
2023-04-12 14:13:16,014,Eval episode: 7, Game ended after 7 steps
2023-04-12 14:13:16,016,Eval episode: 8, Game ended after 6 steps
2023-04-12 14:13:16,017,Eval episode: 9, Game ended after 4 steps
2023-04-12 14:13:16,019,Eval episode: 10, Game ended after 6 steps
2023-04-12 14:13:16,022,Eval episode: 11, Game ended after 7 steps
2023-04-12 14:13:16,023,Eval episode: 12, Game ended after 2 steps
2023-04-12 14:13:16,024,Eval episode: 13, Game ended after 4 steps
2023-04-12 14:13:16,024,Eval episode: 14, Game ended after 1 steps
2023-04-12 14:13:16,026,Eval episode: 15, Game ended after 5 steps
2023-04-12 14:13:16,028,Eval episode: 16, Game ended after 6 steps
2023-04-12 14:13:16,030,Eval episode: 17, Game ended after 6 steps
2023-04-12 14:13:16,032,Eval episode: 18, Game ended after 5 steps
2023-04-12 14:13:16,032,Eval episode: 19, Game ended after 1 steps
2023-04-12 14:13:16,034,Eval episode: 20, Game ended after 4 steps
2023-04-12 14:13:16,034,Eval episode: 21, Game ended after 2 steps
2023-04-12 14:13:16,038,Eval episode: 22, Game ended after 10 steps
2023-04-12 14:13:16,040,Eval episode: 23, Game ended after 5 steps
2023-04-12 14:13:16,042,Eval episode: 24, Game ended after 6 steps
2023-04-12 14:13:16,042,Eval episode: 25, Game ended after 2 steps
2023-04-12 14:13:16,043,Eval episode: 26, Game ended after 2 steps
2023-04-12 14:13:16,045,Eval episode: 27, Game ended after 6 steps
2023-04-12 14:13:16,047,Eval episode: 28, Game ended after 7 steps
2023-04-12 14:13:16,049,Eval episode: 29, Game ended after 6 steps
2023-04-12 14:13:16,052,Eval episode: 30, Game ended after 8 steps
2023-04-12 14:13:16,054,Eval episode: 31, Game ended after 6 steps
2023-04-12 14:13:16,056,Eval episode: 32, Game ended after 5 steps
2023-04-12 14:13:16,057,Eval episode: 33, Game ended after 2 steps
2023-04-12 14:13:16,059,Eval episode: 34, Game ended after 6 steps
2023-04-12 14:13:16,061,Eval episode: 35, Game ended after 6 steps
2023-04-12 14:13:16,063,Eval episode: 36, Game ended after 6 steps
2023-04-12 14:13:16,065,Eval episode: 37, Game ended after 6 steps
2023-04-12 14:13:16,066,Eval episode: 38, Game ended after 2 steps
2023-04-12 14:13:16,068,Eval episode: 39, Game ended after 7 steps
2023-04-12 14:13:16,070,Eval episode: 40, Game ended after 6 steps
2023-04-12 14:13:16,071,Eval episode: 41, Game ended after 2 steps
2023-04-12 14:13:16,072,Eval episode: 42, Game ended after 5 steps
2023-04-12 14:13:16,074,Eval episode: 43, Game ended after 6 steps
2023-04-12 14:13:16,075,Eval episode: 44, Game ended after 1 steps
2023-04-12 14:13:16,077,Eval episode: 45, Game ended after 6 steps
2023-04-12 14:13:16,079,Eval episode: 46, Game ended after 6 steps
2023-04-12 14:13:16,080,Eval episode: 47, Game ended after 4 steps
2023-04-12 14:13:16,081,Eval episode: 48, Game ended after 1 steps
2023-04-12 14:13:16,083,Eval episode: 49, Game ended after 7 steps
2023-04-12 14:13:16,085,Eval episode: 50, Game ended after 4 steps
2023-04-12 14:13:16,087,Eval episode: 51, Game ended after 6 steps
2023-04-12 14:13:16,087,Eval episode: 52, Game ended after 2 steps
2023-04-12 14:13:16,088,Eval episode: 53, Game ended after 2 steps
2023-04-12 14:13:16,090,Eval episode: 54, Game ended after 7 steps
2023-04-12 14:13:16,091,Eval episode: 55, Game ended after 1 steps
2023-04-12 14:13:16,093,Eval episode: 56, Game ended after 6 steps
2023-04-12 14:13:16,094,Eval episode: 57, Game ended after 2 steps
2023-04-12 14:13:16,096,Eval episode: 58, Game ended after 6 steps
2023-04-12 14:13:16,098,Eval episode: 59, Game ended after 6 steps
2023-04-12 14:13:16,100,Eval episode: 60, Game ended after 6 steps
2023-04-12 14:13:16,101,Eval episode: 61, Game ended after 5 steps
2023-04-12 14:13:16,104,Eval episode: 62, Game ended after 6 steps
2023-04-12 14:13:16,106,Eval episode: 63, Game ended after 7 steps
2023-04-12 14:13:16,109,Eval episode: 64, Game ended after 8 steps
2023-04-12 14:13:16,110,Eval episode: 65, Game ended after 4 steps
2023-04-12 14:13:16,111,Eval episode: 66, Game ended after 2 steps
2023-04-12 14:13:16,111,Eval episode: 67, Game ended after 1 steps
2023-04-12 14:13:16,113,Eval episode: 68, Game ended after 6 steps
2023-04-12 14:13:16,115,Eval episode: 69, Game ended after 4 steps
2023-04-12 14:13:16,116,Eval episode: 70, Game ended after 4 steps
2023-04-12 14:13:16,118,Eval episode: 71, Game ended after 6 steps
2023-04-12 14:13:16,120,Eval episode: 72, Game ended after 6 steps
2023-04-12 14:13:16,121,Eval episode: 73, Game ended after 1 steps
2023-04-12 14:13:16,123,Eval episode: 74, Game ended after 6 steps
2023-04-12 14:13:16,125,Eval episode: 75, Game ended after 6 steps
2023-04-12 14:13:16,127,Eval episode: 76, Game ended after 7 steps
2023-04-12 14:13:16,130,Eval episode: 77, Game ended after 7 steps
2023-04-12 14:13:16,132,Eval episode: 78, Game ended after 6 steps
2023-04-12 14:13:16,134,Eval episode: 79, Game ended after 7 steps
2023-04-12 14:13:16,135,Eval episode: 80, Game ended after 4 steps
2023-04-12 14:13:16,136,Eval episode: 81, Game ended after 2 steps
2023-04-12 14:13:16,138,Eval episode: 82, Game ended after 6 steps
2023-04-12 14:13:16,138,Eval episode: 83, Game ended after 1 steps
2023-04-12 14:13:16,140,Eval episode: 84, Game ended after 4 steps
2023-04-12 14:13:16,142,Eval episode: 85, Game ended after 5 steps
2023-04-12 14:13:16,144,Eval episode: 86, Game ended after 7 steps
2023-04-12 14:13:16,146,Eval episode: 87, Game ended after 6 steps
2023-04-12 14:13:16,146,Eval episode: 88, Game ended after 1 steps
2023-04-12 14:13:16,148,Eval episode: 89, Game ended after 6 steps
2023-04-12 14:13:16,151,Eval episode: 90, Game ended after 6 steps
2023-04-12 14:13:16,153,Eval episode: 91, Game ended after 6 steps
2023-04-12 14:13:16,153,Eval episode: 92, Game ended after 2 steps
2023-04-12 14:13:16,156,Eval episode: 93, Game ended after 7 steps
2023-04-12 14:13:16,158,Eval episode: 94, Game ended after 6 steps
2023-04-12 14:13:16,160,Eval episode: 95, Game ended after 6 steps
2023-04-12 14:13:16,162,Eval episode: 96, Game ended after 7 steps
2023-04-12 14:13:16,165,Eval episode: 97, Game ended after 6 steps
2023-04-12 14:13:16,168,Eval episode: 98, Game ended after 6 steps
2023-04-12 14:13:16,172,Eval episode: 99, Game ended after 6 steps
2023-04-12 14:13:16,172,Evaluation Complete
2023-04-12 14:13:16,172,--- Defender State Values ---
2023-04-12 14:13:16,172,s:0,V(s):0.5072252299244916
2023-04-12 14:13:16,172,--------------------
2023-04-12 14:13:16,172,Saving Q-table to: /Users/evink/Desktop/ai/second/gym-idsgame-master/experiments/training/v0/maximal_attack/tabular_q_learning_modified/results/data/0//1681276396.172269_defender_q_table.npy
