2023-04-12 14:23:34,499,Starting Training
2023-04-12 14:23:34,500,Hyperparameters: gamma:0.999,alpha:0.0005,epsilon:1,render:False,eval_sleep:0.9,epsilon_decay:0.9999,min_epsilon:0.01,eval_episodes:100,train_log_frequency:100,eval_log_frequency:1,video:False,video_fps:5,video_dir:/Users/evink/Desktop/ai/second/gym-idsgame-master/experiments/training/v0/maximal_attack/tabular_q_learning_modified/results/videos/499/,num_episodes:2001,eval_render:False,gifs:False,gifdir:/Users/evink/Desktop/ai/second/gym-idsgame-master/experiments/training/v0/maximal_attack/tabular_q_learning_modified/results/gifs/499/,eval_frequency:1000,video_frequency:101,attackerFalse,defender:True,checkpoint_freq:100000,random_seed:499,eval_epsilon:0.0,tab_full_state_space:False
2023-04-12 14:23:34,503,[Train] episode: 0.00 epsilon:1.00,avg_a_R:1.00,avg_d_R:0.00,avg_t:6.00,avg_h:1.00,acc_A_R:0.00,acc_D_R:0.00,A_loss:0.000000,D_loss:0.000000,replay_s:-1,lr:5.00E-04,c_h:1.00
2023-04-12 14:23:34,503,Starting Evaluation
2023-04-12 14:23:34,507,Eval episode: 0, Game ended after 10 steps
2023-04-12 14:23:34,507,[Eval] episode:0,avg_a_R:0.00,avg_d_R:1.00,avg_t:10.00,avg_h:0.00,acc_A_R:0.00,acc_D_R:1.00,replay_s:-1,lr:0.00E+00,c_h:0.00
2023-04-12 14:23:34,509,Eval episode: 1, Game ended after 5 steps
2023-04-12 14:23:34,509,[Eval] episode:1,avg_a_R:0.00,avg_d_R:1.00,avg_t:7.50,avg_h:0.00,acc_A_R:0.00,acc_D_R:2.00,replay_s:-1,lr:0.00E+00,c_h:0.00
2023-04-12 14:23:34,513,Eval episode: 2, Game ended after 12 steps
2023-04-12 14:23:34,514,[Eval] episode:2,avg_a_R:0.00,avg_d_R:1.00,avg_t:9.00,avg_h:0.00,acc_A_R:0.00,acc_D_R:3.00,replay_s:-1,lr:0.00E+00,c_h:0.00
2023-04-12 14:23:34,523,Eval episode: 3, Game ended after 25 steps
2023-04-12 14:23:34,523,[Eval] episode:3,avg_a_R:0.25,avg_d_R:0.75,avg_t:13.00,avg_h:0.25,acc_A_R:1.00,acc_D_R:3.00,replay_s:-1,lr:0.00E+00,c_h:0.25
2023-04-12 14:23:34,524,Eval episode: 4, Game ended after 1 steps
2023-04-12 14:23:34,524,[Eval] episode:4,avg_a_R:0.20,avg_d_R:0.80,avg_t:10.60,avg_h:0.20,acc_A_R:1.00,acc_D_R:4.00,replay_s:-1,lr:0.00E+00,c_h:0.20
2023-04-12 14:23:34,528,Eval episode: 5, Game ended after 12 steps
2023-04-12 14:23:34,528,[Eval] episode:5,avg_a_R:0.17,avg_d_R:0.83,avg_t:10.83,avg_h:0.17,acc_A_R:1.00,acc_D_R:5.00,replay_s:-1,lr:0.00E+00,c_h:0.17
2023-04-12 14:23:34,530,Eval episode: 6, Game ended after 4 steps
2023-04-12 14:23:34,530,[Eval] episode:6,avg_a_R:0.14,avg_d_R:0.86,avg_t:9.86,avg_h:0.14,acc_A_R:1.00,acc_D_R:6.00,replay_s:-1,lr:0.00E+00,c_h:0.14
2023-04-12 14:23:34,534,Eval episode: 7, Game ended after 11 steps
2023-04-12 14:23:34,534,[Eval] episode:7,avg_a_R:0.12,avg_d_R:0.88,avg_t:10.00,avg_h:0.12,acc_A_R:1.00,acc_D_R:7.00,replay_s:-1,lr:0.00E+00,c_h:0.12
2023-04-12 14:23:34,536,Eval episode: 8, Game ended after 3 steps
2023-04-12 14:23:34,536,[Eval] episode:8,avg_a_R:0.11,avg_d_R:0.89,avg_t:9.22,avg_h:0.11,acc_A_R:1.00,acc_D_R:8.00,replay_s:-1,lr:0.00E+00,c_h:0.11
2023-04-12 14:23:34,544,Eval episode: 9, Game ended after 23 steps
2023-04-12 14:23:34,544,[Eval] episode:9,avg_a_R:0.10,avg_d_R:0.90,avg_t:10.60,avg_h:0.10,acc_A_R:1.00,acc_D_R:9.00,replay_s:-1,lr:0.00E+00,c_h:0.10
2023-04-12 14:23:34,553,Eval episode: 10, Game ended after 23 steps
2023-04-12 14:23:34,553,[Eval] episode:10,avg_a_R:0.18,avg_d_R:0.82,avg_t:11.73,avg_h:0.18,acc_A_R:2.00,acc_D_R:9.00,replay_s:-1,lr:0.00E+00,c_h:0.18
2023-04-12 14:23:34,556,Eval episode: 11, Game ended after 8 steps
2023-04-12 14:23:34,556,[Eval] episode:11,avg_a_R:0.17,avg_d_R:0.83,avg_t:11.42,avg_h:0.17,acc_A_R:2.00,acc_D_R:10.00,replay_s:-1,lr:0.00E+00,c_h:0.17
2023-04-12 14:23:34,558,Eval episode: 12, Game ended after 6 steps
2023-04-12 14:23:34,559,[Eval] episode:12,avg_a_R:0.15,avg_d_R:0.85,avg_t:11.00,avg_h:0.15,acc_A_R:2.00,acc_D_R:11.00,replay_s:-1,lr:0.00E+00,c_h:0.15
2023-04-12 14:23:34,559,Eval episode: 13, Game ended after 1 steps
2023-04-12 14:23:34,559,[Eval] episode:13,avg_a_R:0.14,avg_d_R:0.86,avg_t:10.29,avg_h:0.14,acc_A_R:2.00,acc_D_R:12.00,replay_s:-1,lr:0.00E+00,c_h:0.14
2023-04-12 14:23:34,560,Eval episode: 14, Game ended after 3 steps
2023-04-12 14:23:34,560,[Eval] episode:14,avg_a_R:0.13,avg_d_R:0.87,avg_t:9.80,avg_h:0.13,acc_A_R:2.00,acc_D_R:13.00,replay_s:-1,lr:0.00E+00,c_h:0.13
2023-04-12 14:23:34,566,Eval episode: 15, Game ended after 16 steps
2023-04-12 14:23:34,567,[Eval] episode:15,avg_a_R:0.12,avg_d_R:0.88,avg_t:10.19,avg_h:0.12,acc_A_R:2.00,acc_D_R:14.00,replay_s:-1,lr:0.00E+00,c_h:0.12
2023-04-12 14:23:34,571,Eval episode: 16, Game ended after 12 steps
2023-04-12 14:23:34,571,[Eval] episode:16,avg_a_R:0.12,avg_d_R:0.88,avg_t:10.29,avg_h:0.12,acc_A_R:2.00,acc_D_R:15.00,replay_s:-1,lr:0.00E+00,c_h:0.12
2023-04-12 14:23:34,576,Eval episode: 17, Game ended after 14 steps
2023-04-12 14:23:34,576,[Eval] episode:17,avg_a_R:0.11,avg_d_R:0.89,avg_t:10.50,avg_h:0.11,acc_A_R:2.00,acc_D_R:16.00,replay_s:-1,lr:0.00E+00,c_h:0.11
2023-04-12 14:23:34,579,Eval episode: 18, Game ended after 8 steps
2023-04-12 14:23:34,579,[Eval] episode:18,avg_a_R:0.11,avg_d_R:0.89,avg_t:10.37,avg_h:0.11,acc_A_R:2.00,acc_D_R:17.00,replay_s:-1,lr:0.00E+00,c_h:0.11
2023-04-12 14:23:34,581,Eval episode: 19, Game ended after 4 steps
2023-04-12 14:23:34,581,[Eval] episode:19,avg_a_R:0.10,avg_d_R:0.90,avg_t:10.05,avg_h:0.10,acc_A_R:2.00,acc_D_R:18.00,replay_s:-1,lr:0.00E+00,c_h:0.10
2023-04-12 14:23:34,584,Eval episode: 20, Game ended after 9 steps
2023-04-12 14:23:34,585,[Eval] episode:20,avg_a_R:0.10,avg_d_R:0.90,avg_t:10.00,avg_h:0.10,acc_A_R:2.00,acc_D_R:19.00,replay_s:-1,lr:0.00E+00,c_h:0.10
2023-04-12 14:23:34,585,Eval episode: 21, Game ended after 2 steps
2023-04-12 14:23:34,585,[Eval] episode:21,avg_a_R:0.09,avg_d_R:0.91,avg_t:9.64,avg_h:0.09,acc_A_R:2.00,acc_D_R:20.00,replay_s:-1,lr:0.00E+00,c_h:0.09
2023-04-12 14:23:34,590,Eval episode: 22, Game ended after 12 steps
2023-04-12 14:23:34,590,[Eval] episode:22,avg_a_R:0.09,avg_d_R:0.91,avg_t:9.74,avg_h:0.09,acc_A_R:2.00,acc_D_R:21.00,replay_s:-1,lr:0.00E+00,c_h:0.09
2023-04-12 14:23:34,592,Eval episode: 23, Game ended after 5 steps
2023-04-12 14:23:34,592,[Eval] episode:23,avg_a_R:0.08,avg_d_R:0.92,avg_t:9.54,avg_h:0.08,acc_A_R:2.00,acc_D_R:22.00,replay_s:-1,lr:0.00E+00,c_h:0.08
2023-04-12 14:23:34,598,Eval episode: 24, Game ended after 16 steps
2023-04-12 14:23:34,598,[Eval] episode:24,avg_a_R:0.08,avg_d_R:0.92,avg_t:9.80,avg_h:0.08,acc_A_R:2.00,acc_D_R:23.00,replay_s:-1,lr:0.00E+00,c_h:0.08
2023-04-12 14:23:34,603,Eval episode: 25, Game ended after 15 steps
2023-04-12 14:23:34,603,[Eval] episode:25,avg_a_R:0.08,avg_d_R:0.92,avg_t:10.00,avg_h:0.08,acc_A_R:2.00,acc_D_R:24.00,replay_s:-1,lr:0.00E+00,c_h:0.08
2023-04-12 14:23:34,604,Eval episode: 26, Game ended after 1 steps
2023-04-12 14:23:34,604,[Eval] episode:26,avg_a_R:0.07,avg_d_R:0.93,avg_t:9.67,avg_h:0.07,acc_A_R:2.00,acc_D_R:25.00,replay_s:-1,lr:0.00E+00,c_h:0.07
2023-04-12 14:23:34,605,Eval episode: 27, Game ended after 1 steps
2023-04-12 14:23:34,605,[Eval] episode:27,avg_a_R:0.07,avg_d_R:0.93,avg_t:9.36,avg_h:0.07,acc_A_R:2.00,acc_D_R:26.00,replay_s:-1,lr:0.00E+00,c_h:0.07
2023-04-12 14:23:34,607,Eval episode: 28, Game ended after 5 steps
2023-04-12 14:23:34,607,[Eval] episode:28,avg_a_R:0.07,avg_d_R:0.93,avg_t:9.21,avg_h:0.07,acc_A_R:2.00,acc_D_R:27.00,replay_s:-1,lr:0.00E+00,c_h:0.07
2023-04-12 14:23:34,614,Eval episode: 29, Game ended after 19 steps
2023-04-12 14:23:34,614,[Eval] episode:29,avg_a_R:0.10,avg_d_R:0.90,avg_t:9.53,avg_h:0.10,acc_A_R:3.00,acc_D_R:27.00,replay_s:-1,lr:0.00E+00,c_h:0.10
2023-04-12 14:23:34,621,Eval episode: 30, Game ended after 19 steps
2023-04-12 14:23:34,621,[Eval] episode:30,avg_a_R:0.10,avg_d_R:0.90,avg_t:9.84,avg_h:0.10,acc_A_R:3.00,acc_D_R:28.00,replay_s:-1,lr:0.00E+00,c_h:0.10
2023-04-12 14:23:34,621,Eval episode: 31, Game ended after 1 steps
2023-04-12 14:23:34,621,[Eval] episode:31,avg_a_R:0.09,avg_d_R:0.91,avg_t:9.56,avg_h:0.09,acc_A_R:3.00,acc_D_R:29.00,replay_s:-1,lr:0.00E+00,c_h:0.09
2023-04-12 14:23:34,624,Eval episode: 32, Game ended after 8 steps
2023-04-12 14:23:34,624,[Eval] episode:32,avg_a_R:0.09,avg_d_R:0.91,avg_t:9.52,avg_h:0.09,acc_A_R:3.00,acc_D_R:30.00,replay_s:-1,lr:0.00E+00,c_h:0.09
2023-04-12 14:23:34,627,Eval episode: 33, Game ended after 6 steps
2023-04-12 14:23:34,627,[Eval] episode:33,avg_a_R:0.09,avg_d_R:0.91,avg_t:9.41,avg_h:0.09,acc_A_R:3.00,acc_D_R:31.00,replay_s:-1,lr:0.00E+00,c_h:0.09
2023-04-12 14:23:34,633,Eval episode: 34, Game ended after 18 steps
2023-04-12 14:23:34,634,[Eval] episode:34,avg_a_R:0.11,avg_d_R:0.89,avg_t:9.66,avg_h:0.11,acc_A_R:4.00,acc_D_R:31.00,replay_s:-1,lr:0.00E+00,c_h:0.11
2023-04-12 14:23:34,642,Eval episode: 35, Game ended after 23 steps
2023-04-12 14:23:34,642,[Eval] episode:35,avg_a_R:0.11,avg_d_R:0.89,avg_t:10.03,avg_h:0.11,acc_A_R:4.00,acc_D_R:32.00,replay_s:-1,lr:0.00E+00,c_h:0.11
2023-04-12 14:23:34,643,Eval episode: 36, Game ended after 2 steps
2023-04-12 14:23:34,643,[Eval] episode:36,avg_a_R:0.11,avg_d_R:0.89,avg_t:9.81,avg_h:0.11,acc_A_R:4.00,acc_D_R:33.00,replay_s:-1,lr:0.00E+00,c_h:0.11
2023-04-12 14:23:34,645,Eval episode: 37, Game ended after 6 steps
2023-04-12 14:23:34,645,[Eval] episode:37,avg_a_R:0.11,avg_d_R:0.89,avg_t:9.71,avg_h:0.11,acc_A_R:4.00,acc_D_R:34.00,replay_s:-1,lr:0.00E+00,c_h:0.11
2023-04-12 14:23:34,649,Eval episode: 38, Game ended after 10 steps
2023-04-12 14:23:34,649,[Eval] episode:38,avg_a_R:0.10,avg_d_R:0.90,avg_t:9.72,avg_h:0.10,acc_A_R:4.00,acc_D_R:35.00,replay_s:-1,lr:0.00E+00,c_h:0.10
2023-04-12 14:23:34,652,Eval episode: 39, Game ended after 9 steps
2023-04-12 14:23:34,653,[Eval] episode:39,avg_a_R:0.10,avg_d_R:0.90,avg_t:9.70,avg_h:0.10,acc_A_R:4.00,acc_D_R:36.00,replay_s:-1,lr:0.00E+00,c_h:0.10
2023-04-12 14:23:34,657,Eval episode: 40, Game ended after 11 steps
2023-04-12 14:23:34,657,[Eval] episode:40,avg_a_R:0.10,avg_d_R:0.90,avg_t:9.73,avg_h:0.10,acc_A_R:4.00,acc_D_R:37.00,replay_s:-1,lr:0.00E+00,c_h:0.10
2023-04-12 14:23:34,659,Eval episode: 41, Game ended after 6 steps
2023-04-12 14:23:34,659,[Eval] episode:41,avg_a_R:0.10,avg_d_R:0.90,avg_t:9.64,avg_h:0.10,acc_A_R:4.00,acc_D_R:38.00,replay_s:-1,lr:0.00E+00,c_h:0.10
2023-04-12 14:23:34,662,Eval episode: 42, Game ended after 7 steps
2023-04-12 14:23:34,662,[Eval] episode:42,avg_a_R:0.09,avg_d_R:0.91,avg_t:9.58,avg_h:0.09,acc_A_R:4.00,acc_D_R:39.00,replay_s:-1,lr:0.00E+00,c_h:0.09
2023-04-12 14:23:34,670,Eval episode: 43, Game ended after 22 steps
2023-04-12 14:23:34,670,[Eval] episode:43,avg_a_R:0.11,avg_d_R:0.89,avg_t:9.86,avg_h:0.11,acc_A_R:5.00,acc_D_R:39.00,replay_s:-1,lr:0.00E+00,c_h:0.11
2023-04-12 14:23:34,675,Eval episode: 44, Game ended after 15 steps
2023-04-12 14:23:34,675,[Eval] episode:44,avg_a_R:0.11,avg_d_R:0.89,avg_t:9.98,avg_h:0.11,acc_A_R:5.00,acc_D_R:40.00,replay_s:-1,lr:0.00E+00,c_h:0.11
2023-04-12 14:23:34,678,Eval episode: 45, Game ended after 6 steps
2023-04-12 14:23:34,678,[Eval] episode:45,avg_a_R:0.11,avg_d_R:0.89,avg_t:9.89,avg_h:0.11,acc_A_R:5.00,acc_D_R:41.00,replay_s:-1,lr:0.00E+00,c_h:0.11
2023-04-12 14:23:34,682,Eval episode: 46, Game ended after 12 steps
2023-04-12 14:23:34,682,[Eval] episode:46,avg_a_R:0.11,avg_d_R:0.89,avg_t:9.94,avg_h:0.11,acc_A_R:5.00,acc_D_R:42.00,replay_s:-1,lr:0.00E+00,c_h:0.11
2023-04-12 14:23:34,686,Eval episode: 47, Game ended after 10 steps
2023-04-12 14:23:34,686,[Eval] episode:47,avg_a_R:0.10,avg_d_R:0.90,avg_t:9.94,avg_h:0.10,acc_A_R:5.00,acc_D_R:43.00,replay_s:-1,lr:0.00E+00,c_h:0.10
2023-04-12 14:23:34,689,Eval episode: 48, Game ended after 8 steps
2023-04-12 14:23:34,689,[Eval] episode:48,avg_a_R:0.10,avg_d_R:0.90,avg_t:9.90,avg_h:0.10,acc_A_R:5.00,acc_D_R:44.00,replay_s:-1,lr:0.00E+00,c_h:0.10
2023-04-12 14:23:34,697,Eval episode: 49, Game ended after 22 steps
2023-04-12 14:23:34,697,[Eval] episode:49,avg_a_R:0.12,avg_d_R:0.88,avg_t:10.14,avg_h:0.12,acc_A_R:6.00,acc_D_R:44.00,replay_s:-1,lr:0.00E+00,c_h:0.12
2023-04-12 14:23:34,698,Eval episode: 50, Game ended after 1 steps
2023-04-12 14:23:34,698,[Eval] episode:50,avg_a_R:0.12,avg_d_R:0.88,avg_t:9.96,avg_h:0.12,acc_A_R:6.00,acc_D_R:45.00,replay_s:-1,lr:0.00E+00,c_h:0.12
2023-04-12 14:23:34,700,Eval episode: 51, Game ended after 5 steps
2023-04-12 14:23:34,700,[Eval] episode:51,avg_a_R:0.12,avg_d_R:0.88,avg_t:9.87,avg_h:0.12,acc_A_R:6.00,acc_D_R:46.00,replay_s:-1,lr:0.00E+00,c_h:0.12
2023-04-12 14:23:34,704,Eval episode: 52, Game ended after 11 steps
2023-04-12 14:23:34,704,[Eval] episode:52,avg_a_R:0.11,avg_d_R:0.89,avg_t:9.89,avg_h:0.11,acc_A_R:6.00,acc_D_R:47.00,replay_s:-1,lr:0.00E+00,c_h:0.11
2023-04-12 14:23:34,708,Eval episode: 53, Game ended after 10 steps
2023-04-12 14:23:34,708,[Eval] episode:53,avg_a_R:0.11,avg_d_R:0.89,avg_t:9.89,avg_h:0.11,acc_A_R:6.00,acc_D_R:48.00,replay_s:-1,lr:0.00E+00,c_h:0.11
2023-04-12 14:23:34,711,Eval episode: 54, Game ended after 8 steps
2023-04-12 14:23:34,711,[Eval] episode:54,avg_a_R:0.11,avg_d_R:0.89,avg_t:9.85,avg_h:0.11,acc_A_R:6.00,acc_D_R:49.00,replay_s:-1,lr:0.00E+00,c_h:0.11
2023-04-12 14:23:34,719,Eval episode: 55, Game ended after 24 steps
2023-04-12 14:23:34,720,[Eval] episode:55,avg_a_R:0.12,avg_d_R:0.88,avg_t:10.11,avg_h:0.12,acc_A_R:7.00,acc_D_R:49.00,replay_s:-1,lr:0.00E+00,c_h:0.12
2023-04-12 14:23:34,726,Eval episode: 56, Game ended after 17 steps
2023-04-12 14:23:34,726,[Eval] episode:56,avg_a_R:0.12,avg_d_R:0.88,avg_t:10.23,avg_h:0.12,acc_A_R:7.00,acc_D_R:50.00,replay_s:-1,lr:0.00E+00,c_h:0.12
2023-04-12 14:23:34,728,Eval episode: 57, Game ended after 5 steps
2023-04-12 14:23:34,728,[Eval] episode:57,avg_a_R:0.12,avg_d_R:0.88,avg_t:10.14,avg_h:0.12,acc_A_R:7.00,acc_D_R:51.00,replay_s:-1,lr:0.00E+00,c_h:0.12
2023-04-12 14:23:34,734,Eval episode: 58, Game ended after 19 steps
2023-04-12 14:23:34,735,[Eval] episode:58,avg_a_R:0.12,avg_d_R:0.88,avg_t:10.29,avg_h:0.12,acc_A_R:7.00,acc_D_R:52.00,replay_s:-1,lr:0.00E+00,c_h:0.12
2023-04-12 14:23:34,735,Eval episode: 59, Game ended after 1 steps
2023-04-12 14:23:34,735,[Eval] episode:59,avg_a_R:0.12,avg_d_R:0.88,avg_t:10.13,avg_h:0.12,acc_A_R:7.00,acc_D_R:53.00,replay_s:-1,lr:0.00E+00,c_h:0.12
2023-04-12 14:23:34,744,Eval episode: 60, Game ended after 24 steps
2023-04-12 14:23:34,744,[Eval] episode:60,avg_a_R:0.13,avg_d_R:0.87,avg_t:10.36,avg_h:0.13,acc_A_R:8.00,acc_D_R:53.00,replay_s:-1,lr:0.00E+00,c_h:0.13
2023-04-12 14:23:34,750,Eval episode: 61, Game ended after 18 steps
2023-04-12 14:23:34,751,[Eval] episode:61,avg_a_R:0.13,avg_d_R:0.87,avg_t:10.48,avg_h:0.13,acc_A_R:8.00,acc_D_R:54.00,replay_s:-1,lr:0.00E+00,c_h:0.13
2023-04-12 14:23:34,755,Eval episode: 62, Game ended after 11 steps
2023-04-12 14:23:34,755,[Eval] episode:62,avg_a_R:0.13,avg_d_R:0.87,avg_t:10.49,avg_h:0.13,acc_A_R:8.00,acc_D_R:55.00,replay_s:-1,lr:0.00E+00,c_h:0.13
2023-04-12 14:23:34,757,Eval episode: 63, Game ended after 5 steps
2023-04-12 14:23:34,757,[Eval] episode:63,avg_a_R:0.12,avg_d_R:0.88,avg_t:10.41,avg_h:0.12,acc_A_R:8.00,acc_D_R:56.00,replay_s:-1,lr:0.00E+00,c_h:0.12
2023-04-12 14:23:34,765,Eval episode: 64, Game ended after 22 steps
2023-04-12 14:23:34,765,[Eval] episode:64,avg_a_R:0.12,avg_d_R:0.88,avg_t:10.58,avg_h:0.12,acc_A_R:8.00,acc_D_R:57.00,replay_s:-1,lr:0.00E+00,c_h:0.12
2023-04-12 14:23:34,772,Eval episode: 65, Game ended after 20 steps
2023-04-12 14:23:34,772,[Eval] episode:65,avg_a_R:0.12,avg_d_R:0.88,avg_t:10.73,avg_h:0.12,acc_A_R:8.00,acc_D_R:58.00,replay_s:-1,lr:0.00E+00,c_h:0.12
2023-04-12 14:23:34,775,Eval episode: 66, Game ended after 6 steps
2023-04-12 14:23:34,775,[Eval] episode:66,avg_a_R:0.12,avg_d_R:0.88,avg_t:10.66,avg_h:0.12,acc_A_R:8.00,acc_D_R:59.00,replay_s:-1,lr:0.00E+00,c_h:0.12
2023-04-12 14:23:34,778,Eval episode: 67, Game ended after 10 steps
2023-04-12 14:23:34,778,[Eval] episode:67,avg_a_R:0.12,avg_d_R:0.88,avg_t:10.65,avg_h:0.12,acc_A_R:8.00,acc_D_R:60.00,replay_s:-1,lr:0.00E+00,c_h:0.12
2023-04-12 14:23:34,779,Eval episode: 68, Game ended after 2 steps
2023-04-12 14:23:34,779,[Eval] episode:68,avg_a_R:0.12,avg_d_R:0.88,avg_t:10.52,avg_h:0.12,acc_A_R:8.00,acc_D_R:61.00,replay_s:-1,lr:0.00E+00,c_h:0.12
2023-04-12 14:23:34,785,Eval episode: 69, Game ended after 17 steps
2023-04-12 14:23:34,786,[Eval] episode:69,avg_a_R:0.11,avg_d_R:0.89,avg_t:10.61,avg_h:0.11,acc_A_R:8.00,acc_D_R:62.00,replay_s:-1,lr:0.00E+00,c_h:0.11
2023-04-12 14:23:34,793,Eval episode: 70, Game ended after 21 steps
2023-04-12 14:23:34,793,[Eval] episode:70,avg_a_R:0.13,avg_d_R:0.87,avg_t:10.76,avg_h:0.13,acc_A_R:9.00,acc_D_R:62.00,replay_s:-1,lr:0.00E+00,c_h:0.13
2023-04-12 14:23:34,797,Eval episode: 71, Game ended after 11 steps
2023-04-12 14:23:34,797,[Eval] episode:71,avg_a_R:0.12,avg_d_R:0.88,avg_t:10.76,avg_h:0.12,acc_A_R:9.00,acc_D_R:63.00,replay_s:-1,lr:0.00E+00,c_h:0.12
2023-04-12 14:23:34,799,Eval episode: 72, Game ended after 4 steps
2023-04-12 14:23:34,799,[Eval] episode:72,avg_a_R:0.12,avg_d_R:0.88,avg_t:10.67,avg_h:0.12,acc_A_R:9.00,acc_D_R:64.00,replay_s:-1,lr:0.00E+00,c_h:0.12
2023-04-12 14:23:34,801,Eval episode: 73, Game ended after 4 steps
2023-04-12 14:23:34,801,[Eval] episode:73,avg_a_R:0.12,avg_d_R:0.88,avg_t:10.58,avg_h:0.12,acc_A_R:9.00,acc_D_R:65.00,replay_s:-1,lr:0.00E+00,c_h:0.12
2023-04-12 14:23:34,805,Eval episode: 74, Game ended after 11 steps
2023-04-12 14:23:34,805,[Eval] episode:74,avg_a_R:0.12,avg_d_R:0.88,avg_t:10.59,avg_h:0.12,acc_A_R:9.00,acc_D_R:66.00,replay_s:-1,lr:0.00E+00,c_h:0.12
2023-04-12 14:23:34,808,Eval episode: 75, Game ended after 8 steps
2023-04-12 14:23:34,808,[Eval] episode:75,avg_a_R:0.12,avg_d_R:0.88,avg_t:10.55,avg_h:0.12,acc_A_R:9.00,acc_D_R:67.00,replay_s:-1,lr:0.00E+00,c_h:0.12
2023-04-12 14:23:34,810,Eval episode: 76, Game ended after 5 steps
2023-04-12 14:23:34,810,[Eval] episode:76,avg_a_R:0.12,avg_d_R:0.88,avg_t:10.48,avg_h:0.12,acc_A_R:9.00,acc_D_R:68.00,replay_s:-1,lr:0.00E+00,c_h:0.12
2023-04-12 14:23:34,811,Eval episode: 77, Game ended after 2 steps
2023-04-12 14:23:34,811,[Eval] episode:77,avg_a_R:0.12,avg_d_R:0.88,avg_t:10.37,avg_h:0.12,acc_A_R:9.00,acc_D_R:69.00,replay_s:-1,lr:0.00E+00,c_h:0.12
2023-04-12 14:23:34,812,Eval episode: 78, Game ended after 2 steps
2023-04-12 14:23:34,812,[Eval] episode:78,avg_a_R:0.11,avg_d_R:0.89,avg_t:10.27,avg_h:0.11,acc_A_R:9.00,acc_D_R:70.00,replay_s:-1,lr:0.00E+00,c_h:0.11
2023-04-12 14:23:34,815,Eval episode: 79, Game ended after 10 steps
2023-04-12 14:23:34,816,[Eval] episode:79,avg_a_R:0.11,avg_d_R:0.89,avg_t:10.26,avg_h:0.11,acc_A_R:9.00,acc_D_R:71.00,replay_s:-1,lr:0.00E+00,c_h:0.11
2023-04-12 14:23:34,818,Eval episode: 80, Game ended after 6 steps
2023-04-12 14:23:34,818,[Eval] episode:80,avg_a_R:0.11,avg_d_R:0.89,avg_t:10.21,avg_h:0.11,acc_A_R:9.00,acc_D_R:72.00,replay_s:-1,lr:0.00E+00,c_h:0.11
2023-04-12 14:23:34,819,Eval episode: 81, Game ended after 1 steps
2023-04-12 14:23:34,819,[Eval] episode:81,avg_a_R:0.11,avg_d_R:0.89,avg_t:10.10,avg_h:0.11,acc_A_R:9.00,acc_D_R:73.00,replay_s:-1,lr:0.00E+00,c_h:0.11
2023-04-12 14:23:34,820,Eval episode: 82, Game ended after 4 steps
2023-04-12 14:23:34,820,[Eval] episode:82,avg_a_R:0.11,avg_d_R:0.89,avg_t:10.02,avg_h:0.11,acc_A_R:9.00,acc_D_R:74.00,replay_s:-1,lr:0.00E+00,c_h:0.11
2023-04-12 14:23:34,821,Eval episode: 83, Game ended after 1 steps
2023-04-12 14:23:34,821,[Eval] episode:83,avg_a_R:0.11,avg_d_R:0.89,avg_t:9.92,avg_h:0.11,acc_A_R:9.00,acc_D_R:75.00,replay_s:-1,lr:0.00E+00,c_h:0.11
2023-04-12 14:23:34,823,Eval episode: 84, Game ended after 6 steps
2023-04-12 14:23:34,823,[Eval] episode:84,avg_a_R:0.11,avg_d_R:0.89,avg_t:9.87,avg_h:0.11,acc_A_R:9.00,acc_D_R:76.00,replay_s:-1,lr:0.00E+00,c_h:0.11
2023-04-12 14:23:34,827,Eval episode: 85, Game ended after 11 steps
2023-04-12 14:23:34,827,[Eval] episode:85,avg_a_R:0.10,avg_d_R:0.90,avg_t:9.88,avg_h:0.10,acc_A_R:9.00,acc_D_R:77.00,replay_s:-1,lr:0.00E+00,c_h:0.10
2023-04-12 14:23:34,835,Eval episode: 86, Game ended after 23 steps
2023-04-12 14:23:34,836,[Eval] episode:86,avg_a_R:0.10,avg_d_R:0.90,avg_t:10.03,avg_h:0.10,acc_A_R:9.00,acc_D_R:78.00,replay_s:-1,lr:0.00E+00,c_h:0.10
2023-04-12 14:23:34,839,Eval episode: 87, Game ended after 8 steps
2023-04-12 14:23:34,839,[Eval] episode:87,avg_a_R:0.10,avg_d_R:0.90,avg_t:10.01,avg_h:0.10,acc_A_R:9.00,acc_D_R:79.00,replay_s:-1,lr:0.00E+00,c_h:0.10
2023-04-12 14:23:34,841,Eval episode: 88, Game ended after 5 steps
2023-04-12 14:23:34,841,[Eval] episode:88,avg_a_R:0.10,avg_d_R:0.90,avg_t:9.96,avg_h:0.10,acc_A_R:9.00,acc_D_R:80.00,replay_s:-1,lr:0.00E+00,c_h:0.10
2023-04-12 14:23:34,847,Eval episode: 89, Game ended after 17 steps
2023-04-12 14:23:34,847,[Eval] episode:89,avg_a_R:0.10,avg_d_R:0.90,avg_t:10.03,avg_h:0.10,acc_A_R:9.00,acc_D_R:81.00,replay_s:-1,lr:0.00E+00,c_h:0.10
2023-04-12 14:23:34,853,Eval episode: 90, Game ended after 18 steps
2023-04-12 14:23:34,853,[Eval] episode:90,avg_a_R:0.10,avg_d_R:0.90,avg_t:10.12,avg_h:0.10,acc_A_R:9.00,acc_D_R:82.00,replay_s:-1,lr:0.00E+00,c_h:0.10
2023-04-12 14:23:34,859,Eval episode: 91, Game ended after 17 steps
2023-04-12 14:23:34,860,[Eval] episode:91,avg_a_R:0.10,avg_d_R:0.90,avg_t:10.20,avg_h:0.10,acc_A_R:9.00,acc_D_R:83.00,replay_s:-1,lr:0.00E+00,c_h:0.10
2023-04-12 14:23:34,865,Eval episode: 92, Game ended after 14 steps
2023-04-12 14:23:34,865,[Eval] episode:92,avg_a_R:0.10,avg_d_R:0.90,avg_t:10.24,avg_h:0.10,acc_A_R:9.00,acc_D_R:84.00,replay_s:-1,lr:0.00E+00,c_h:0.10
2023-04-12 14:23:34,870,Eval episode: 93, Game ended after 14 steps
2023-04-12 14:23:34,870,[Eval] episode:93,avg_a_R:0.10,avg_d_R:0.90,avg_t:10.28,avg_h:0.10,acc_A_R:9.00,acc_D_R:85.00,replay_s:-1,lr:0.00E+00,c_h:0.10
2023-04-12 14:23:34,876,Eval episode: 94, Game ended after 16 steps
2023-04-12 14:23:34,876,[Eval] episode:94,avg_a_R:0.11,avg_d_R:0.89,avg_t:10.34,avg_h:0.11,acc_A_R:10.00,acc_D_R:85.00,replay_s:-1,lr:0.00E+00,c_h:0.11
2023-04-12 14:23:34,880,Eval episode: 95, Game ended after 12 steps
2023-04-12 14:23:34,880,[Eval] episode:95,avg_a_R:0.10,avg_d_R:0.90,avg_t:10.35,avg_h:0.10,acc_A_R:10.00,acc_D_R:86.00,replay_s:-1,lr:0.00E+00,c_h:0.10
2023-04-12 14:23:34,888,Eval episode: 96, Game ended after 22 steps
2023-04-12 14:23:34,889,[Eval] episode:96,avg_a_R:0.11,avg_d_R:0.89,avg_t:10.47,avg_h:0.11,acc_A_R:11.00,acc_D_R:86.00,replay_s:-1,lr:0.00E+00,c_h:0.11
2023-04-12 14:23:34,893,Eval episode: 97, Game ended after 12 steps
2023-04-12 14:23:34,893,[Eval] episode:97,avg_a_R:0.11,avg_d_R:0.89,avg_t:10.49,avg_h:0.11,acc_A_R:11.00,acc_D_R:87.00,replay_s:-1,lr:0.00E+00,c_h:0.11
2023-04-12 14:23:34,896,Eval episode: 98, Game ended after 9 steps
2023-04-12 14:23:34,897,[Eval] episode:98,avg_a_R:0.11,avg_d_R:0.89,avg_t:10.47,avg_h:0.11,acc_A_R:11.00,acc_D_R:88.00,replay_s:-1,lr:0.00E+00,c_h:0.11
2023-04-12 14:23:34,903,Eval episode: 99, Game ended after 19 steps
2023-04-12 14:23:34,904,[Eval] episode:99,avg_a_R:0.11,avg_d_R:0.89,avg_t:10.56,avg_h:0.11,acc_A_R:11.00,acc_D_R:89.00,replay_s:-1,lr:0.00E+00,c_h:0.11
2023-04-12 14:23:34,904,[Eval] episode:0,avg_a_R:0.11,avg_d_R:0.89,avg_t:10.56,avg_h:0.11,acc_A_R:11.00,acc_D_R:89.00,replay_s:-1,lr:0.00E+00,c_h:0.11
2023-04-12 14:23:34,904,Evaluation Complete
2023-04-12 14:23:34,904,Saving Q-table to: /Users/evink/Desktop/ai/second/gym-idsgame-master/experiments/training/v0/maximal_attack/tabular_q_learning_modified/results/data/499//1681277014.9043598_defender_q_table.npy
2023-04-12 14:23:35,083,[Train] episode: 100.00 epsilon:0.99,avg_a_R:0.48,avg_d_R:0.52,avg_t:4.95,avg_h:0.48,acc_A_R:47.00,acc_D_R:52.00,A_loss:0.000000,D_loss:0.000000,replay_s:-1,lr:5.00E-04,c_h:0.49
2023-04-12 14:23:35,263,[Train] episode: 200.00 epsilon:0.98,avg_a_R:0.56,avg_d_R:0.44,avg_t:5.10,avg_h:0.56,acc_A_R:104.00,acc_D_R:95.00,A_loss:0.000000,D_loss:0.000000,replay_s:-1,lr:5.00E-04,c_h:0.52
2023-04-12 14:23:35,442,[Train] episode: 300.00 epsilon:0.97,avg_a_R:0.56,avg_d_R:0.44,avg_t:5.03,avg_h:0.56,acc_A_R:159.00,acc_D_R:140.00,A_loss:0.000000,D_loss:0.000000,replay_s:-1,lr:5.00E-04,c_h:0.53
2023-04-12 14:23:35,633,[Train] episode: 400.00 epsilon:0.96,avg_a_R:0.50,avg_d_R:0.50,avg_t:5.22,avg_h:0.50,acc_A_R:209.00,acc_D_R:190.00,A_loss:0.000000,D_loss:0.000000,replay_s:-1,lr:5.00E-04,c_h:0.53
2023-04-12 14:23:35,825,[Train] episode: 500.00 epsilon:0.95,avg_a_R:0.52,avg_d_R:0.48,avg_t:5.37,avg_h:0.52,acc_A_R:261.00,acc_D_R:238.00,A_loss:0.000000,D_loss:0.000000,replay_s:-1,lr:5.00E-04,c_h:0.52
2023-04-12 14:23:36,002,[Train] episode: 600.00 epsilon:0.94,avg_a_R:0.60,avg_d_R:0.40,avg_t:4.99,avg_h:0.60,acc_A_R:322.00,acc_D_R:277.00,A_loss:0.000000,D_loss:0.000000,replay_s:-1,lr:5.00E-04,c_h:0.54
2023-04-12 14:23:36,197,[Train] episode: 700.00 epsilon:0.93,avg_a_R:0.61,avg_d_R:0.39,avg_t:5.50,avg_h:0.61,acc_A_R:383.00,acc_D_R:316.00,A_loss:0.000000,D_loss:0.000000,replay_s:-1,lr:5.00E-04,c_h:0.55
2023-04-12 14:23:36,399,[Train] episode: 800.00 epsilon:0.92,avg_a_R:0.68,avg_d_R:0.32,avg_t:5.68,avg_h:0.68,acc_A_R:450.00,acc_D_R:349.00,A_loss:0.000000,D_loss:0.000000,replay_s:-1,lr:5.00E-04,c_h:0.56
2023-04-12 14:23:36,592,[Train] episode: 900.00 epsilon:0.91,avg_a_R:0.64,avg_d_R:0.36,avg_t:5.47,avg_h:0.64,acc_A_R:514.00,acc_D_R:385.00,A_loss:0.000000,D_loss:0.000000,replay_s:-1,lr:5.00E-04,c_h:0.57
2023-04-12 14:23:36,789,[Train] episode: 1000.00 epsilon:0.90,avg_a_R:0.67,avg_d_R:0.33,avg_t:5.55,avg_h:0.67,acc_A_R:582.00,acc_D_R:417.00,A_loss:0.000000,D_loss:0.000000,replay_s:-1,lr:5.00E-04,c_h:0.58
2023-04-12 14:23:36,789,Starting Evaluation
2023-04-12 14:23:36,790,starting eval with non-empty result object
2023-04-12 14:23:36,791,Eval episode: 0, Game ended after 4 steps
2023-04-12 14:23:36,791,[Eval] episode:0,avg_a_R:0.00,avg_d_R:1.00,avg_t:4.00,avg_h:0.00,acc_A_R:11.00,acc_D_R:90.00,replay_s:-1,lr:0.00E+00,c_h:0.11
2023-04-12 14:23:36,792,Eval episode: 1, Game ended after 1 steps
2023-04-12 14:23:36,792,[Eval] episode:1,avg_a_R:0.00,avg_d_R:1.00,avg_t:2.50,avg_h:0.00,acc_A_R:11.00,acc_D_R:91.00,replay_s:-1,lr:0.00E+00,c_h:0.11
2023-04-12 14:23:36,795,Eval episode: 2, Game ended after 7 steps
2023-04-12 14:23:36,795,[Eval] episode:2,avg_a_R:0.33,avg_d_R:0.67,avg_t:4.00,avg_h:0.33,acc_A_R:12.00,acc_D_R:91.00,replay_s:-1,lr:0.00E+00,c_h:0.12
2023-04-12 14:23:36,795,Eval episode: 3, Game ended after 1 steps
2023-04-12 14:23:36,795,[Eval] episode:3,avg_a_R:0.25,avg_d_R:0.75,avg_t:3.25,avg_h:0.25,acc_A_R:12.00,acc_D_R:92.00,replay_s:-1,lr:0.00E+00,c_h:0.12
2023-04-12 14:23:36,797,Eval episode: 4, Game ended after 6 steps
2023-04-12 14:23:36,798,[Eval] episode:4,avg_a_R:0.20,avg_d_R:0.80,avg_t:3.80,avg_h:0.20,acc_A_R:12.00,acc_D_R:93.00,replay_s:-1,lr:0.00E+00,c_h:0.11
2023-04-12 14:23:36,799,Eval episode: 5, Game ended after 2 steps
2023-04-12 14:23:36,799,[Eval] episode:5,avg_a_R:0.17,avg_d_R:0.83,avg_t:3.50,avg_h:0.17,acc_A_R:12.00,acc_D_R:94.00,replay_s:-1,lr:0.00E+00,c_h:0.11
2023-04-12 14:23:36,800,Eval episode: 6, Game ended after 4 steps
2023-04-12 14:23:36,800,[Eval] episode:6,avg_a_R:0.14,avg_d_R:0.86,avg_t:3.57,avg_h:0.14,acc_A_R:12.00,acc_D_R:95.00,replay_s:-1,lr:0.00E+00,c_h:0.11
2023-04-12 14:23:36,803,Eval episode: 7, Game ended after 7 steps
2023-04-12 14:23:36,803,[Eval] episode:7,avg_a_R:0.25,avg_d_R:0.75,avg_t:4.00,avg_h:0.25,acc_A_R:13.00,acc_D_R:95.00,replay_s:-1,lr:0.00E+00,c_h:0.12
2023-04-12 14:23:36,805,Eval episode: 8, Game ended after 5 steps
2023-04-12 14:23:36,805,[Eval] episode:8,avg_a_R:0.22,avg_d_R:0.78,avg_t:4.11,avg_h:0.22,acc_A_R:13.00,acc_D_R:96.00,replay_s:-1,lr:0.00E+00,c_h:0.12
2023-04-12 14:23:36,807,Eval episode: 9, Game ended after 6 steps
2023-04-12 14:23:36,808,[Eval] episode:9,avg_a_R:0.30,avg_d_R:0.70,avg_t:4.30,avg_h:0.30,acc_A_R:14.00,acc_D_R:96.00,replay_s:-1,lr:0.00E+00,c_h:0.13
2023-04-12 14:23:36,808,Eval episode: 10, Game ended after 2 steps
2023-04-12 14:23:36,809,[Eval] episode:10,avg_a_R:0.27,avg_d_R:0.73,avg_t:4.09,avg_h:0.27,acc_A_R:14.00,acc_D_R:97.00,replay_s:-1,lr:0.00E+00,c_h:0.13
2023-04-12 14:23:36,810,Eval episode: 11, Game ended after 4 steps
2023-04-12 14:23:36,810,[Eval] episode:11,avg_a_R:0.25,avg_d_R:0.75,avg_t:4.08,avg_h:0.25,acc_A_R:14.00,acc_D_R:98.00,replay_s:-1,lr:0.00E+00,c_h:0.12
2023-04-12 14:23:36,812,Eval episode: 12, Game ended after 6 steps
2023-04-12 14:23:36,812,[Eval] episode:12,avg_a_R:0.23,avg_d_R:0.77,avg_t:4.23,avg_h:0.23,acc_A_R:14.00,acc_D_R:99.00,replay_s:-1,lr:0.00E+00,c_h:0.12
2023-04-12 14:23:36,815,Eval episode: 13, Game ended after 6 steps
2023-04-12 14:23:36,815,[Eval] episode:13,avg_a_R:0.29,avg_d_R:0.71,avg_t:4.36,avg_h:0.29,acc_A_R:15.00,acc_D_R:99.00,replay_s:-1,lr:0.00E+00,c_h:0.13
2023-04-12 14:23:36,817,Eval episode: 14, Game ended after 6 steps
2023-04-12 14:23:36,817,[Eval] episode:14,avg_a_R:0.33,avg_d_R:0.67,avg_t:4.47,avg_h:0.33,acc_A_R:16.00,acc_D_R:99.00,replay_s:-1,lr:0.00E+00,c_h:0.14
2023-04-12 14:23:36,819,Eval episode: 15, Game ended after 5 steps
2023-04-12 14:23:36,819,[Eval] episode:15,avg_a_R:0.31,avg_d_R:0.69,avg_t:4.50,avg_h:0.31,acc_A_R:16.00,acc_D_R:100.00,replay_s:-1,lr:0.00E+00,c_h:0.14
2023-04-12 14:23:36,822,Eval episode: 16, Game ended after 6 steps
2023-04-12 14:23:36,822,[Eval] episode:16,avg_a_R:0.35,avg_d_R:0.65,avg_t:4.59,avg_h:0.35,acc_A_R:17.00,acc_D_R:100.00,replay_s:-1,lr:0.00E+00,c_h:0.15
2023-04-12 14:23:36,823,Eval episode: 17, Game ended after 2 steps
2023-04-12 14:23:36,823,[Eval] episode:17,avg_a_R:0.33,avg_d_R:0.67,avg_t:4.44,avg_h:0.33,acc_A_R:17.00,acc_D_R:101.00,replay_s:-1,lr:0.00E+00,c_h:0.14
2023-04-12 14:23:36,823,Eval episode: 18, Game ended after 1 steps
2023-04-12 14:23:36,823,[Eval] episode:18,avg_a_R:0.32,avg_d_R:0.68,avg_t:4.26,avg_h:0.32,acc_A_R:17.00,acc_D_R:102.00,replay_s:-1,lr:0.00E+00,c_h:0.14
2023-04-12 14:23:36,826,Eval episode: 19, Game ended after 6 steps
2023-04-12 14:23:36,826,[Eval] episode:19,avg_a_R:0.35,avg_d_R:0.65,avg_t:4.35,avg_h:0.35,acc_A_R:18.00,acc_D_R:102.00,replay_s:-1,lr:0.00E+00,c_h:0.15
2023-04-12 14:23:36,828,Eval episode: 20, Game ended after 6 steps
2023-04-12 14:23:36,828,[Eval] episode:20,avg_a_R:0.38,avg_d_R:0.62,avg_t:4.43,avg_h:0.38,acc_A_R:19.00,acc_D_R:102.00,replay_s:-1,lr:0.00E+00,c_h:0.16
2023-04-12 14:23:36,830,Eval episode: 21, Game ended after 6 steps
2023-04-12 14:23:36,830,[Eval] episode:21,avg_a_R:0.41,avg_d_R:0.59,avg_t:4.50,avg_h:0.41,acc_A_R:20.00,acc_D_R:102.00,replay_s:-1,lr:0.00E+00,c_h:0.16
2023-04-12 14:23:36,833,Eval episode: 22, Game ended after 7 steps
2023-04-12 14:23:36,833,[Eval] episode:22,avg_a_R:0.43,avg_d_R:0.57,avg_t:4.61,avg_h:0.43,acc_A_R:21.00,acc_D_R:102.00,replay_s:-1,lr:0.00E+00,c_h:0.17
2023-04-12 14:23:36,835,Eval episode: 23, Game ended after 6 steps
2023-04-12 14:23:36,835,[Eval] episode:23,avg_a_R:0.46,avg_d_R:0.54,avg_t:4.67,avg_h:0.46,acc_A_R:22.00,acc_D_R:102.00,replay_s:-1,lr:0.00E+00,c_h:0.18
2023-04-12 14:23:36,838,Eval episode: 24, Game ended after 7 steps
2023-04-12 14:23:36,838,[Eval] episode:24,avg_a_R:0.48,avg_d_R:0.52,avg_t:4.76,avg_h:0.48,acc_A_R:23.00,acc_D_R:102.00,replay_s:-1,lr:0.00E+00,c_h:0.18
2023-04-12 14:23:36,840,Eval episode: 25, Game ended after 7 steps
2023-04-12 14:23:36,841,[Eval] episode:25,avg_a_R:0.50,avg_d_R:0.50,avg_t:4.85,avg_h:0.50,acc_A_R:24.00,acc_D_R:102.00,replay_s:-1,lr:0.00E+00,c_h:0.19
2023-04-12 14:23:36,841,Eval episode: 26, Game ended after 1 steps
2023-04-12 14:23:36,841,[Eval] episode:26,avg_a_R:0.48,avg_d_R:0.52,avg_t:4.70,avg_h:0.48,acc_A_R:24.00,acc_D_R:103.00,replay_s:-1,lr:0.00E+00,c_h:0.19
2023-04-12 14:23:36,843,Eval episode: 27, Game ended after 6 steps
2023-04-12 14:23:36,844,[Eval] episode:27,avg_a_R:0.50,avg_d_R:0.50,avg_t:4.75,avg_h:0.50,acc_A_R:25.00,acc_D_R:103.00,replay_s:-1,lr:0.00E+00,c_h:0.20
2023-04-12 14:23:36,846,Eval episode: 28, Game ended after 6 steps
2023-04-12 14:23:36,846,[Eval] episode:28,avg_a_R:0.52,avg_d_R:0.48,avg_t:4.79,avg_h:0.52,acc_A_R:26.00,acc_D_R:103.00,replay_s:-1,lr:0.00E+00,c_h:0.20
2023-04-12 14:23:36,847,Eval episode: 29, Game ended after 4 steps
2023-04-12 14:23:36,848,[Eval] episode:29,avg_a_R:0.50,avg_d_R:0.50,avg_t:4.77,avg_h:0.50,acc_A_R:26.00,acc_D_R:104.00,replay_s:-1,lr:0.00E+00,c_h:0.20
2023-04-12 14:23:36,850,Eval episode: 30, Game ended after 7 steps
2023-04-12 14:23:36,850,[Eval] episode:30,avg_a_R:0.52,avg_d_R:0.48,avg_t:4.84,avg_h:0.52,acc_A_R:27.00,acc_D_R:104.00,replay_s:-1,lr:0.00E+00,c_h:0.21
2023-04-12 14:23:36,852,Eval episode: 31, Game ended after 4 steps
2023-04-12 14:23:36,852,[Eval] episode:31,avg_a_R:0.50,avg_d_R:0.50,avg_t:4.81,avg_h:0.50,acc_A_R:27.00,acc_D_R:105.00,replay_s:-1,lr:0.00E+00,c_h:0.20
2023-04-12 14:23:36,854,Eval episode: 32, Game ended after 6 steps
2023-04-12 14:23:36,854,[Eval] episode:32,avg_a_R:0.52,avg_d_R:0.48,avg_t:4.85,avg_h:0.52,acc_A_R:28.00,acc_D_R:105.00,replay_s:-1,lr:0.00E+00,c_h:0.21
2023-04-12 14:23:36,857,Eval episode: 33, Game ended after 7 steps
2023-04-12 14:23:36,857,[Eval] episode:33,avg_a_R:0.53,avg_d_R:0.47,avg_t:4.91,avg_h:0.53,acc_A_R:29.00,acc_D_R:105.00,replay_s:-1,lr:0.00E+00,c_h:0.22
2023-04-12 14:23:36,857,Eval episode: 34, Game ended after 1 steps
2023-04-12 14:23:36,858,[Eval] episode:34,avg_a_R:0.51,avg_d_R:0.49,avg_t:4.80,avg_h:0.51,acc_A_R:29.00,acc_D_R:106.00,replay_s:-1,lr:0.00E+00,c_h:0.21
2023-04-12 14:23:36,860,Eval episode: 35, Game ended after 6 steps
2023-04-12 14:23:36,860,[Eval] episode:35,avg_a_R:0.53,avg_d_R:0.47,avg_t:4.83,avg_h:0.53,acc_A_R:30.00,acc_D_R:106.00,replay_s:-1,lr:0.00E+00,c_h:0.22
2023-04-12 14:23:36,861,Eval episode: 36, Game ended after 2 steps
2023-04-12 14:23:36,861,[Eval] episode:36,avg_a_R:0.51,avg_d_R:0.49,avg_t:4.76,avg_h:0.51,acc_A_R:30.00,acc_D_R:107.00,replay_s:-1,lr:0.00E+00,c_h:0.22
2023-04-12 14:23:36,864,Eval episode: 37, Game ended after 8 steps
2023-04-12 14:23:36,864,[Eval] episode:37,avg_a_R:0.53,avg_d_R:0.47,avg_t:4.84,avg_h:0.53,acc_A_R:31.00,acc_D_R:107.00,replay_s:-1,lr:0.00E+00,c_h:0.22
2023-04-12 14:23:36,866,Eval episode: 38, Game ended after 6 steps
2023-04-12 14:23:36,866,[Eval] episode:38,avg_a_R:0.54,avg_d_R:0.46,avg_t:4.87,avg_h:0.54,acc_A_R:32.00,acc_D_R:107.00,replay_s:-1,lr:0.00E+00,c_h:0.23
2023-04-12 14:23:36,868,Eval episode: 39, Game ended after 4 steps
2023-04-12 14:23:36,868,[Eval] episode:39,avg_a_R:0.53,avg_d_R:0.47,avg_t:4.85,avg_h:0.53,acc_A_R:32.00,acc_D_R:108.00,replay_s:-1,lr:0.00E+00,c_h:0.23
2023-04-12 14:23:36,870,Eval episode: 40, Game ended after 7 steps
2023-04-12 14:23:36,870,[Eval] episode:40,avg_a_R:0.54,avg_d_R:0.46,avg_t:4.90,avg_h:0.54,acc_A_R:33.00,acc_D_R:108.00,replay_s:-1,lr:0.00E+00,c_h:0.23
2023-04-12 14:23:36,871,Eval episode: 41, Game ended after 2 steps
2023-04-12 14:23:36,871,[Eval] episode:41,avg_a_R:0.52,avg_d_R:0.48,avg_t:4.83,avg_h:0.52,acc_A_R:33.00,acc_D_R:109.00,replay_s:-1,lr:0.00E+00,c_h:0.23
2023-04-12 14:23:36,873,Eval episode: 42, Game ended after 3 steps
2023-04-12 14:23:36,873,[Eval] episode:42,avg_a_R:0.51,avg_d_R:0.49,avg_t:4.79,avg_h:0.51,acc_A_R:33.00,acc_D_R:110.00,replay_s:-1,lr:0.00E+00,c_h:0.23
2023-04-12 14:23:36,875,Eval episode: 43, Game ended after 7 steps
2023-04-12 14:23:36,875,[Eval] episode:43,avg_a_R:0.52,avg_d_R:0.48,avg_t:4.84,avg_h:0.52,acc_A_R:34.00,acc_D_R:110.00,replay_s:-1,lr:0.00E+00,c_h:0.24
2023-04-12 14:23:36,878,Eval episode: 44, Game ended after 7 steps
2023-04-12 14:23:36,878,[Eval] episode:44,avg_a_R:0.53,avg_d_R:0.47,avg_t:4.89,avg_h:0.53,acc_A_R:35.00,acc_D_R:110.00,replay_s:-1,lr:0.00E+00,c_h:0.24
2023-04-12 14:23:36,881,Eval episode: 45, Game ended after 7 steps
2023-04-12 14:23:36,881,[Eval] episode:45,avg_a_R:0.54,avg_d_R:0.46,avg_t:4.93,avg_h:0.54,acc_A_R:36.00,acc_D_R:110.00,replay_s:-1,lr:0.00E+00,c_h:0.25
2023-04-12 14:23:36,883,Eval episode: 46, Game ended after 7 steps
2023-04-12 14:23:36,883,[Eval] episode:46,avg_a_R:0.55,avg_d_R:0.45,avg_t:4.98,avg_h:0.55,acc_A_R:37.00,acc_D_R:110.00,replay_s:-1,lr:0.00E+00,c_h:0.25
2023-04-12 14:23:36,886,Eval episode: 47, Game ended after 7 steps
2023-04-12 14:23:36,886,[Eval] episode:47,avg_a_R:0.56,avg_d_R:0.44,avg_t:5.02,avg_h:0.56,acc_A_R:38.00,acc_D_R:110.00,replay_s:-1,lr:0.00E+00,c_h:0.26
2023-04-12 14:23:36,888,Eval episode: 48, Game ended after 6 steps
2023-04-12 14:23:36,888,[Eval] episode:48,avg_a_R:0.57,avg_d_R:0.43,avg_t:5.04,avg_h:0.57,acc_A_R:39.00,acc_D_R:110.00,replay_s:-1,lr:0.00E+00,c_h:0.26
2023-04-12 14:23:36,891,Eval episode: 49, Game ended after 6 steps
2023-04-12 14:23:36,891,[Eval] episode:49,avg_a_R:0.58,avg_d_R:0.42,avg_t:5.06,avg_h:0.58,acc_A_R:40.00,acc_D_R:110.00,replay_s:-1,lr:0.00E+00,c_h:0.27
2023-04-12 14:23:36,892,Eval episode: 50, Game ended after 4 steps
2023-04-12 14:23:36,893,[Eval] episode:50,avg_a_R:0.57,avg_d_R:0.43,avg_t:5.04,avg_h:0.57,acc_A_R:40.00,acc_D_R:111.00,replay_s:-1,lr:0.00E+00,c_h:0.26
2023-04-12 14:23:36,893,Eval episode: 51, Game ended after 1 steps
2023-04-12 14:23:36,893,[Eval] episode:51,avg_a_R:0.56,avg_d_R:0.44,avg_t:4.96,avg_h:0.56,acc_A_R:40.00,acc_D_R:112.00,replay_s:-1,lr:0.00E+00,c_h:0.26
2023-04-12 14:23:36,895,Eval episode: 52, Game ended after 6 steps
2023-04-12 14:23:36,895,[Eval] episode:52,avg_a_R:0.57,avg_d_R:0.43,avg_t:4.98,avg_h:0.57,acc_A_R:41.00,acc_D_R:112.00,replay_s:-1,lr:0.00E+00,c_h:0.27
2023-04-12 14:23:36,898,Eval episode: 53, Game ended after 7 steps
2023-04-12 14:23:36,898,[Eval] episode:53,avg_a_R:0.57,avg_d_R:0.43,avg_t:5.02,avg_h:0.57,acc_A_R:42.00,acc_D_R:112.00,replay_s:-1,lr:0.00E+00,c_h:0.27
2023-04-12 14:23:36,900,Eval episode: 54, Game ended after 6 steps
2023-04-12 14:23:36,900,[Eval] episode:54,avg_a_R:0.58,avg_d_R:0.42,avg_t:5.04,avg_h:0.58,acc_A_R:43.00,acc_D_R:112.00,replay_s:-1,lr:0.00E+00,c_h:0.28
2023-04-12 14:23:36,903,Eval episode: 55, Game ended after 6 steps
2023-04-12 14:23:36,903,[Eval] episode:55,avg_a_R:0.59,avg_d_R:0.41,avg_t:5.05,avg_h:0.59,acc_A_R:44.00,acc_D_R:112.00,replay_s:-1,lr:0.00E+00,c_h:0.28
2023-04-12 14:23:36,906,Eval episode: 56, Game ended after 8 steps
2023-04-12 14:23:36,906,[Eval] episode:56,avg_a_R:0.60,avg_d_R:0.40,avg_t:5.11,avg_h:0.60,acc_A_R:45.00,acc_D_R:112.00,replay_s:-1,lr:0.00E+00,c_h:0.29
2023-04-12 14:23:36,908,Eval episode: 57, Game ended after 6 steps
2023-04-12 14:23:36,908,[Eval] episode:57,avg_a_R:0.60,avg_d_R:0.40,avg_t:5.12,avg_h:0.60,acc_A_R:46.00,acc_D_R:112.00,replay_s:-1,lr:0.00E+00,c_h:0.29
2023-04-12 14:23:36,910,Eval episode: 58, Game ended after 5 steps
2023-04-12 14:23:36,910,[Eval] episode:58,avg_a_R:0.59,avg_d_R:0.41,avg_t:5.12,avg_h:0.59,acc_A_R:46.00,acc_D_R:113.00,replay_s:-1,lr:0.00E+00,c_h:0.29
2023-04-12 14:23:36,911,Eval episode: 59, Game ended after 1 steps
2023-04-12 14:23:36,911,[Eval] episode:59,avg_a_R:0.58,avg_d_R:0.42,avg_t:5.05,avg_h:0.58,acc_A_R:46.00,acc_D_R:114.00,replay_s:-1,lr:0.00E+00,c_h:0.29
2023-04-12 14:23:36,913,Eval episode: 60, Game ended after 6 steps
2023-04-12 14:23:36,913,[Eval] episode:60,avg_a_R:0.59,avg_d_R:0.41,avg_t:5.07,avg_h:0.59,acc_A_R:47.00,acc_D_R:114.00,replay_s:-1,lr:0.00E+00,c_h:0.29
2023-04-12 14:23:36,915,Eval episode: 61, Game ended after 6 steps
2023-04-12 14:23:36,915,[Eval] episode:61,avg_a_R:0.60,avg_d_R:0.40,avg_t:5.08,avg_h:0.60,acc_A_R:48.00,acc_D_R:114.00,replay_s:-1,lr:0.00E+00,c_h:0.30
2023-04-12 14:23:36,918,Eval episode: 62, Game ended after 6 steps
2023-04-12 14:23:36,918,[Eval] episode:62,avg_a_R:0.60,avg_d_R:0.40,avg_t:5.10,avg_h:0.60,acc_A_R:49.00,acc_D_R:114.00,replay_s:-1,lr:0.00E+00,c_h:0.30
2023-04-12 14:23:36,918,Eval episode: 63, Game ended after 2 steps
2023-04-12 14:23:36,919,[Eval] episode:63,avg_a_R:0.59,avg_d_R:0.41,avg_t:5.05,avg_h:0.59,acc_A_R:49.00,acc_D_R:115.00,replay_s:-1,lr:0.00E+00,c_h:0.30
2023-04-12 14:23:36,921,Eval episode: 64, Game ended after 6 steps
2023-04-12 14:23:36,921,[Eval] episode:64,avg_a_R:0.60,avg_d_R:0.40,avg_t:5.06,avg_h:0.60,acc_A_R:50.00,acc_D_R:115.00,replay_s:-1,lr:0.00E+00,c_h:0.30
2023-04-12 14:23:36,923,Eval episode: 65, Game ended after 5 steps
2023-04-12 14:23:36,923,[Eval] episode:65,avg_a_R:0.59,avg_d_R:0.41,avg_t:5.06,avg_h:0.59,acc_A_R:50.00,acc_D_R:116.00,replay_s:-1,lr:0.00E+00,c_h:0.30
2023-04-12 14:23:36,924,Eval episode: 66, Game ended after 3 steps
2023-04-12 14:23:36,924,[Eval] episode:66,avg_a_R:0.58,avg_d_R:0.42,avg_t:5.03,avg_h:0.58,acc_A_R:50.00,acc_D_R:117.00,replay_s:-1,lr:0.00E+00,c_h:0.30
2023-04-12 14:23:36,927,Eval episode: 67, Game ended after 7 steps
2023-04-12 14:23:36,927,[Eval] episode:67,avg_a_R:0.59,avg_d_R:0.41,avg_t:5.06,avg_h:0.59,acc_A_R:51.00,acc_D_R:117.00,replay_s:-1,lr:0.00E+00,c_h:0.30
2023-04-12 14:23:36,928,Eval episode: 68, Game ended after 4 steps
2023-04-12 14:23:36,928,[Eval] episode:68,avg_a_R:0.58,avg_d_R:0.42,avg_t:5.04,avg_h:0.58,acc_A_R:51.00,acc_D_R:118.00,replay_s:-1,lr:0.00E+00,c_h:0.30
2023-04-12 14:23:36,931,Eval episode: 69, Game ended after 6 steps
2023-04-12 14:23:36,931,[Eval] episode:69,avg_a_R:0.57,avg_d_R:0.43,avg_t:5.06,avg_h:0.57,acc_A_R:51.00,acc_D_R:119.00,replay_s:-1,lr:0.00E+00,c_h:0.30
2023-04-12 14:23:36,933,Eval episode: 70, Game ended after 7 steps
2023-04-12 14:23:36,934,[Eval] episode:70,avg_a_R:0.58,avg_d_R:0.42,avg_t:5.08,avg_h:0.58,acc_A_R:52.00,acc_D_R:119.00,replay_s:-1,lr:0.00E+00,c_h:0.30
2023-04-12 14:23:36,936,Eval episode: 71, Game ended after 6 steps
2023-04-12 14:23:36,936,[Eval] episode:71,avg_a_R:0.57,avg_d_R:0.43,avg_t:5.10,avg_h:0.57,acc_A_R:52.00,acc_D_R:120.00,replay_s:-1,lr:0.00E+00,c_h:0.30
2023-04-12 14:23:36,938,Eval episode: 72, Game ended after 6 steps
2023-04-12 14:23:36,938,[Eval] episode:72,avg_a_R:0.58,avg_d_R:0.42,avg_t:5.11,avg_h:0.58,acc_A_R:53.00,acc_D_R:120.00,replay_s:-1,lr:0.00E+00,c_h:0.31
2023-04-12 14:23:36,940,Eval episode: 73, Game ended after 6 steps
2023-04-12 14:23:36,941,[Eval] episode:73,avg_a_R:0.58,avg_d_R:0.42,avg_t:5.12,avg_h:0.58,acc_A_R:54.00,acc_D_R:120.00,replay_s:-1,lr:0.00E+00,c_h:0.31
2023-04-12 14:23:36,943,Eval episode: 74, Game ended after 6 steps
2023-04-12 14:23:36,943,[Eval] episode:74,avg_a_R:0.59,avg_d_R:0.41,avg_t:5.13,avg_h:0.59,acc_A_R:55.00,acc_D_R:120.00,replay_s:-1,lr:0.00E+00,c_h:0.31
2023-04-12 14:23:36,945,Eval episode: 75, Game ended after 6 steps
2023-04-12 14:23:36,945,[Eval] episode:75,avg_a_R:0.59,avg_d_R:0.41,avg_t:5.14,avg_h:0.59,acc_A_R:56.00,acc_D_R:120.00,replay_s:-1,lr:0.00E+00,c_h:0.32
2023-04-12 14:23:36,948,Eval episode: 76, Game ended after 7 steps
2023-04-12 14:23:36,948,[Eval] episode:76,avg_a_R:0.60,avg_d_R:0.40,avg_t:5.17,avg_h:0.60,acc_A_R:57.00,acc_D_R:120.00,replay_s:-1,lr:0.00E+00,c_h:0.32
2023-04-12 14:23:36,950,Eval episode: 77, Game ended after 7 steps
2023-04-12 14:23:36,951,[Eval] episode:77,avg_a_R:0.60,avg_d_R:0.40,avg_t:5.19,avg_h:0.60,acc_A_R:58.00,acc_D_R:120.00,replay_s:-1,lr:0.00E+00,c_h:0.33
2023-04-12 14:23:36,952,Eval episode: 78, Game ended after 4 steps
2023-04-12 14:23:36,952,[Eval] episode:78,avg_a_R:0.59,avg_d_R:0.41,avg_t:5.18,avg_h:0.59,acc_A_R:58.00,acc_D_R:121.00,replay_s:-1,lr:0.00E+00,c_h:0.32
2023-04-12 14:23:36,954,Eval episode: 79, Game ended after 6 steps
2023-04-12 14:23:36,954,[Eval] episode:79,avg_a_R:0.60,avg_d_R:0.40,avg_t:5.19,avg_h:0.60,acc_A_R:59.00,acc_D_R:121.00,replay_s:-1,lr:0.00E+00,c_h:0.33
2023-04-12 14:23:36,957,Eval episode: 80, Game ended after 6 steps
2023-04-12 14:23:36,957,[Eval] episode:80,avg_a_R:0.60,avg_d_R:0.40,avg_t:5.20,avg_h:0.60,acc_A_R:60.00,acc_D_R:121.00,replay_s:-1,lr:0.00E+00,c_h:0.33
2023-04-12 14:23:36,958,Eval episode: 81, Game ended after 4 steps
2023-04-12 14:23:36,958,[Eval] episode:81,avg_a_R:0.60,avg_d_R:0.40,avg_t:5.18,avg_h:0.60,acc_A_R:60.00,acc_D_R:122.00,replay_s:-1,lr:0.00E+00,c_h:0.33
2023-04-12 14:23:36,961,Eval episode: 82, Game ended after 7 steps
2023-04-12 14:23:36,961,[Eval] episode:82,avg_a_R:0.60,avg_d_R:0.40,avg_t:5.20,avg_h:0.60,acc_A_R:61.00,acc_D_R:122.00,replay_s:-1,lr:0.00E+00,c_h:0.33
2023-04-12 14:23:36,962,Eval episode: 83, Game ended after 2 steps
2023-04-12 14:23:36,962,[Eval] episode:83,avg_a_R:0.60,avg_d_R:0.40,avg_t:5.17,avg_h:0.60,acc_A_R:61.00,acc_D_R:123.00,replay_s:-1,lr:0.00E+00,c_h:0.33
2023-04-12 14:23:36,964,Eval episode: 84, Game ended after 6 steps
2023-04-12 14:23:36,964,[Eval] episode:84,avg_a_R:0.60,avg_d_R:0.40,avg_t:5.18,avg_h:0.60,acc_A_R:62.00,acc_D_R:123.00,replay_s:-1,lr:0.00E+00,c_h:0.34
2023-04-12 14:23:36,967,Eval episode: 85, Game ended after 7 steps
2023-04-12 14:23:36,967,[Eval] episode:85,avg_a_R:0.60,avg_d_R:0.40,avg_t:5.20,avg_h:0.60,acc_A_R:63.00,acc_D_R:123.00,replay_s:-1,lr:0.00E+00,c_h:0.34
2023-04-12 14:23:36,970,Eval episode: 86, Game ended after 7 steps
2023-04-12 14:23:36,970,[Eval] episode:86,avg_a_R:0.61,avg_d_R:0.39,avg_t:5.22,avg_h:0.61,acc_A_R:64.00,acc_D_R:123.00,replay_s:-1,lr:0.00E+00,c_h:0.34
2023-04-12 14:23:36,972,Eval episode: 87, Game ended after 6 steps
2023-04-12 14:23:36,972,[Eval] episode:87,avg_a_R:0.61,avg_d_R:0.39,avg_t:5.23,avg_h:0.61,acc_A_R:65.00,acc_D_R:123.00,replay_s:-1,lr:0.00E+00,c_h:0.35
2023-04-12 14:23:36,972,Eval episode: 88, Game ended after 1 steps
2023-04-12 14:23:36,973,[Eval] episode:88,avg_a_R:0.61,avg_d_R:0.39,avg_t:5.18,avg_h:0.61,acc_A_R:65.00,acc_D_R:124.00,replay_s:-1,lr:0.00E+00,c_h:0.34
2023-04-12 14:23:36,975,Eval episode: 89, Game ended after 6 steps
2023-04-12 14:23:36,975,[Eval] episode:89,avg_a_R:0.61,avg_d_R:0.39,avg_t:5.19,avg_h:0.61,acc_A_R:66.00,acc_D_R:124.00,replay_s:-1,lr:0.00E+00,c_h:0.35
2023-04-12 14:23:36,977,Eval episode: 90, Game ended after 6 steps
2023-04-12 14:23:36,977,[Eval] episode:90,avg_a_R:0.62,avg_d_R:0.38,avg_t:5.20,avg_h:0.62,acc_A_R:67.00,acc_D_R:124.00,replay_s:-1,lr:0.00E+00,c_h:0.35
2023-04-12 14:23:36,978,Eval episode: 91, Game ended after 2 steps
2023-04-12 14:23:36,978,[Eval] episode:91,avg_a_R:0.61,avg_d_R:0.39,avg_t:5.16,avg_h:0.61,acc_A_R:67.00,acc_D_R:125.00,replay_s:-1,lr:0.00E+00,c_h:0.35
2023-04-12 14:23:36,979,Eval episode: 92, Game ended after 1 steps
2023-04-12 14:23:36,979,[Eval] episode:92,avg_a_R:0.60,avg_d_R:0.40,avg_t:5.12,avg_h:0.60,acc_A_R:67.00,acc_D_R:126.00,replay_s:-1,lr:0.00E+00,c_h:0.35
2023-04-12 14:23:36,980,Eval episode: 93, Game ended after 2 steps
2023-04-12 14:23:36,980,[Eval] episode:93,avg_a_R:0.60,avg_d_R:0.40,avg_t:5.09,avg_h:0.60,acc_A_R:67.00,acc_D_R:127.00,replay_s:-1,lr:0.00E+00,c_h:0.35
2023-04-12 14:23:36,982,Eval episode: 94, Game ended after 6 steps
2023-04-12 14:23:36,982,[Eval] episode:94,avg_a_R:0.60,avg_d_R:0.40,avg_t:5.09,avg_h:0.60,acc_A_R:68.00,acc_D_R:127.00,replay_s:-1,lr:0.00E+00,c_h:0.35
2023-04-12 14:23:36,985,Eval episode: 95, Game ended after 7 steps
2023-04-12 14:23:36,985,[Eval] episode:95,avg_a_R:0.59,avg_d_R:0.41,avg_t:5.11,avg_h:0.59,acc_A_R:68.00,acc_D_R:128.00,replay_s:-1,lr:0.00E+00,c_h:0.35
2023-04-12 14:23:36,987,Eval episode: 96, Game ended after 6 steps
2023-04-12 14:23:36,988,[Eval] episode:96,avg_a_R:0.60,avg_d_R:0.40,avg_t:5.12,avg_h:0.60,acc_A_R:69.00,acc_D_R:128.00,replay_s:-1,lr:0.00E+00,c_h:0.35
2023-04-12 14:23:36,990,Eval episode: 97, Game ended after 6 steps
2023-04-12 14:23:36,990,[Eval] episode:97,avg_a_R:0.60,avg_d_R:0.40,avg_t:5.13,avg_h:0.60,acc_A_R:70.00,acc_D_R:128.00,replay_s:-1,lr:0.00E+00,c_h:0.35
2023-04-12 14:23:36,993,Eval episode: 98, Game ended after 7 steps
2023-04-12 14:23:36,993,[Eval] episode:98,avg_a_R:0.61,avg_d_R:0.39,avg_t:5.15,avg_h:0.61,acc_A_R:71.00,acc_D_R:128.00,replay_s:-1,lr:0.00E+00,c_h:0.36
2023-04-12 14:23:36,996,Eval episode: 99, Game ended after 8 steps
2023-04-12 14:23:36,996,[Eval] episode:99,avg_a_R:0.61,avg_d_R:0.39,avg_t:5.18,avg_h:0.61,acc_A_R:72.00,acc_D_R:128.00,replay_s:-1,lr:0.00E+00,c_h:0.36
2023-04-12 14:23:36,996,[Eval] episode:1000,avg_a_R:0.61,avg_d_R:0.39,avg_t:5.18,avg_h:0.61,acc_A_R:72.00,acc_D_R:128.00,replay_s:-1,lr:0.00E+00,c_h:0.36
2023-04-12 14:23:36,996,Evaluation Complete
2023-04-12 14:23:37,182,[Train] episode: 1100.00 epsilon:0.90,avg_a_R:0.56,avg_d_R:0.44,avg_t:5.22,avg_h:0.56,acc_A_R:637.00,acc_D_R:461.00,A_loss:0.000000,D_loss:0.000000,replay_s:-1,lr:5.00E-04,c_h:0.58
2023-04-12 14:23:37,363,[Train] episode: 1200.00 epsilon:0.89,avg_a_R:0.57,avg_d_R:0.43,avg_t:5.12,avg_h:0.57,acc_A_R:695.00,acc_D_R:503.00,A_loss:0.000000,D_loss:0.000000,replay_s:-1,lr:5.00E-04,c_h:0.58
2023-04-12 14:23:37,548,[Train] episode: 1300.00 epsilon:0.88,avg_a_R:0.57,avg_d_R:0.43,avg_t:5.21,avg_h:0.57,acc_A_R:751.00,acc_D_R:547.00,A_loss:0.000000,D_loss:0.000000,replay_s:-1,lr:5.00E-04,c_h:0.58
2023-04-12 14:23:37,729,[Train] episode: 1400.00 epsilon:0.87,avg_a_R:0.53,avg_d_R:0.47,avg_t:5.06,avg_h:0.53,acc_A_R:804.00,acc_D_R:594.00,A_loss:0.000000,D_loss:0.000000,replay_s:-1,lr:5.00E-04,c_h:0.58
2023-04-12 14:23:37,897,[Train] episode: 1500.00 epsilon:0.86,avg_a_R:0.38,avg_d_R:0.62,avg_t:4.73,avg_h:0.38,acc_A_R:843.00,acc_D_R:655.00,A_loss:0.000000,D_loss:0.000000,replay_s:-1,lr:5.00E-04,c_h:0.56
2023-04-12 14:23:38,083,[Train] episode: 1600.00 epsilon:0.85,avg_a_R:0.56,avg_d_R:0.44,avg_t:5.25,avg_h:0.56,acc_A_R:898.00,acc_D_R:700.00,A_loss:0.000000,D_loss:0.000000,replay_s:-1,lr:5.00E-04,c_h:0.56
2023-04-12 14:23:38,266,[Train] episode: 1700.00 epsilon:0.84,avg_a_R:0.58,avg_d_R:0.42,avg_t:5.13,avg_h:0.58,acc_A_R:957.00,acc_D_R:741.00,A_loss:0.000000,D_loss:0.000000,replay_s:-1,lr:5.00E-04,c_h:0.56
2023-04-12 14:23:38,452,[Train] episode: 1800.00 epsilon:0.84,avg_a_R:0.61,avg_d_R:0.39,avg_t:5.24,avg_h:0.61,acc_A_R:1018.00,acc_D_R:780.00,A_loss:0.000000,D_loss:0.000000,replay_s:-1,lr:5.00E-04,c_h:0.57
2023-04-12 14:23:38,644,[Train] episode: 1900.00 epsilon:0.83,avg_a_R:0.61,avg_d_R:0.39,avg_t:5.45,avg_h:0.61,acc_A_R:1078.00,acc_D_R:820.00,A_loss:0.000000,D_loss:0.000000,replay_s:-1,lr:5.00E-04,c_h:0.57
2023-04-12 14:23:38,813,[Train] episode: 2000.00 epsilon:0.82,avg_a_R:0.46,avg_d_R:0.54,avg_t:4.77,avg_h:0.46,acc_A_R:1124.00,acc_D_R:874.00,A_loss:0.000000,D_loss:0.000000,replay_s:-1,lr:5.00E-04,c_h:0.56
2023-04-12 14:23:38,813,Starting Evaluation
2023-04-12 14:23:38,813,starting eval with non-empty result object
2023-04-12 14:23:38,816,Eval episode: 0, Game ended after 6 steps
2023-04-12 14:23:38,816,[Eval] episode:0,avg_a_R:1.00,avg_d_R:0.00,avg_t:6.00,avg_h:1.00,acc_A_R:73.00,acc_D_R:128.00,replay_s:-1,lr:0.00E+00,c_h:0.36
2023-04-12 14:23:38,818,Eval episode: 1, Game ended after 6 steps
2023-04-12 14:23:38,818,[Eval] episode:1,avg_a_R:1.00,avg_d_R:0.00,avg_t:6.00,avg_h:1.00,acc_A_R:74.00,acc_D_R:128.00,replay_s:-1,lr:0.00E+00,c_h:0.37
2023-04-12 14:23:38,820,Eval episode: 2, Game ended after 6 steps
2023-04-12 14:23:38,821,[Eval] episode:2,avg_a_R:1.00,avg_d_R:0.00,avg_t:6.00,avg_h:1.00,acc_A_R:75.00,acc_D_R:128.00,replay_s:-1,lr:0.00E+00,c_h:0.37
2023-04-12 14:23:38,823,Eval episode: 3, Game ended after 6 steps
2023-04-12 14:23:38,823,[Eval] episode:3,avg_a_R:1.00,avg_d_R:0.00,avg_t:6.00,avg_h:1.00,acc_A_R:76.00,acc_D_R:128.00,replay_s:-1,lr:0.00E+00,c_h:0.37
2023-04-12 14:23:38,825,Eval episode: 4, Game ended after 6 steps
2023-04-12 14:23:38,825,[Eval] episode:4,avg_a_R:1.00,avg_d_R:0.00,avg_t:6.00,avg_h:1.00,acc_A_R:77.00,acc_D_R:128.00,replay_s:-1,lr:0.00E+00,c_h:0.38
2023-04-12 14:23:38,828,Eval episode: 5, Game ended after 7 steps
2023-04-12 14:23:38,828,[Eval] episode:5,avg_a_R:1.00,avg_d_R:0.00,avg_t:6.17,avg_h:1.00,acc_A_R:78.00,acc_D_R:128.00,replay_s:-1,lr:0.00E+00,c_h:0.38
2023-04-12 14:23:38,830,Eval episode: 6, Game ended after 5 steps
2023-04-12 14:23:38,830,[Eval] episode:6,avg_a_R:0.86,avg_d_R:0.14,avg_t:6.00,avg_h:0.86,acc_A_R:78.00,acc_D_R:129.00,replay_s:-1,lr:0.00E+00,c_h:0.38
2023-04-12 14:23:38,832,Eval episode: 7, Game ended after 6 steps
2023-04-12 14:23:38,832,[Eval] episode:7,avg_a_R:0.88,avg_d_R:0.12,avg_t:6.00,avg_h:0.88,acc_A_R:79.00,acc_D_R:129.00,replay_s:-1,lr:0.00E+00,c_h:0.38
2023-04-12 14:23:38,833,Eval episode: 8, Game ended after 1 steps
2023-04-12 14:23:38,833,[Eval] episode:8,avg_a_R:0.78,avg_d_R:0.22,avg_t:5.44,avg_h:0.78,acc_A_R:79.00,acc_D_R:130.00,replay_s:-1,lr:0.00E+00,c_h:0.38
2023-04-12 14:23:38,836,Eval episode: 9, Game ended after 10 steps
2023-04-12 14:23:38,836,[Eval] episode:9,avg_a_R:0.80,avg_d_R:0.20,avg_t:5.90,avg_h:0.80,acc_A_R:80.00,acc_D_R:130.00,replay_s:-1,lr:0.00E+00,c_h:0.38
2023-04-12 14:23:38,839,Eval episode: 10, Game ended after 7 steps
2023-04-12 14:23:38,839,[Eval] episode:10,avg_a_R:0.82,avg_d_R:0.18,avg_t:6.00,avg_h:0.82,acc_A_R:81.00,acc_D_R:130.00,replay_s:-1,lr:0.00E+00,c_h:0.38
2023-04-12 14:23:38,841,Eval episode: 11, Game ended after 6 steps
2023-04-12 14:23:38,842,[Eval] episode:11,avg_a_R:0.83,avg_d_R:0.17,avg_t:6.00,avg_h:0.83,acc_A_R:82.00,acc_D_R:130.00,replay_s:-1,lr:0.00E+00,c_h:0.39
2023-04-12 14:23:38,844,Eval episode: 12, Game ended after 7 steps
2023-04-12 14:23:38,844,[Eval] episode:12,avg_a_R:0.85,avg_d_R:0.15,avg_t:6.08,avg_h:0.85,acc_A_R:83.00,acc_D_R:130.00,replay_s:-1,lr:0.00E+00,c_h:0.39
2023-04-12 14:23:38,845,Eval episode: 13, Game ended after 1 steps
2023-04-12 14:23:38,845,[Eval] episode:13,avg_a_R:0.79,avg_d_R:0.21,avg_t:5.71,avg_h:0.79,acc_A_R:83.00,acc_D_R:131.00,replay_s:-1,lr:0.00E+00,c_h:0.39
2023-04-12 14:23:38,845,Eval episode: 14, Game ended after 1 steps
2023-04-12 14:23:38,845,[Eval] episode:14,avg_a_R:0.73,avg_d_R:0.27,avg_t:5.40,avg_h:0.73,acc_A_R:83.00,acc_D_R:132.00,replay_s:-1,lr:0.00E+00,c_h:0.39
2023-04-12 14:23:38,848,Eval episode: 15, Game ended after 6 steps
2023-04-12 14:23:38,848,[Eval] episode:15,avg_a_R:0.75,avg_d_R:0.25,avg_t:5.44,avg_h:0.75,acc_A_R:84.00,acc_D_R:132.00,replay_s:-1,lr:0.00E+00,c_h:0.39
2023-04-12 14:23:38,850,Eval episode: 16, Game ended after 5 steps
2023-04-12 14:23:38,850,[Eval] episode:16,avg_a_R:0.71,avg_d_R:0.29,avg_t:5.41,avg_h:0.71,acc_A_R:84.00,acc_D_R:133.00,replay_s:-1,lr:0.00E+00,c_h:0.39
2023-04-12 14:23:38,852,Eval episode: 17, Game ended after 6 steps
2023-04-12 14:23:38,852,[Eval] episode:17,avg_a_R:0.72,avg_d_R:0.28,avg_t:5.44,avg_h:0.72,acc_A_R:85.00,acc_D_R:133.00,replay_s:-1,lr:0.00E+00,c_h:0.39
2023-04-12 14:23:38,855,Eval episode: 18, Game ended after 7 steps
2023-04-12 14:23:38,855,[Eval] episode:18,avg_a_R:0.74,avg_d_R:0.26,avg_t:5.53,avg_h:0.74,acc_A_R:86.00,acc_D_R:133.00,replay_s:-1,lr:0.00E+00,c_h:0.39
2023-04-12 14:23:38,857,Eval episode: 19, Game ended after 6 steps
2023-04-12 14:23:38,858,[Eval] episode:19,avg_a_R:0.75,avg_d_R:0.25,avg_t:5.55,avg_h:0.75,acc_A_R:87.00,acc_D_R:133.00,replay_s:-1,lr:0.00E+00,c_h:0.40
2023-04-12 14:23:38,859,Eval episode: 20, Game ended after 2 steps
2023-04-12 14:23:38,859,[Eval] episode:20,avg_a_R:0.71,avg_d_R:0.29,avg_t:5.38,avg_h:0.71,acc_A_R:87.00,acc_D_R:134.00,replay_s:-1,lr:0.00E+00,c_h:0.39
2023-04-12 14:23:38,861,Eval episode: 21, Game ended after 6 steps
2023-04-12 14:23:38,861,[Eval] episode:21,avg_a_R:0.73,avg_d_R:0.27,avg_t:5.41,avg_h:0.73,acc_A_R:88.00,acc_D_R:134.00,replay_s:-1,lr:0.00E+00,c_h:0.40
2023-04-12 14:23:38,863,Eval episode: 22, Game ended after 6 steps
2023-04-12 14:23:38,863,[Eval] episode:22,avg_a_R:0.74,avg_d_R:0.26,avg_t:5.43,avg_h:0.74,acc_A_R:89.00,acc_D_R:134.00,replay_s:-1,lr:0.00E+00,c_h:0.40
2023-04-12 14:23:38,865,Eval episode: 23, Game ended after 6 steps
2023-04-12 14:23:38,866,[Eval] episode:23,avg_a_R:0.75,avg_d_R:0.25,avg_t:5.46,avg_h:0.75,acc_A_R:90.00,acc_D_R:134.00,replay_s:-1,lr:0.00E+00,c_h:0.40
2023-04-12 14:23:38,868,Eval episode: 24, Game ended after 6 steps
2023-04-12 14:23:38,868,[Eval] episode:24,avg_a_R:0.76,avg_d_R:0.24,avg_t:5.48,avg_h:0.76,acc_A_R:91.00,acc_D_R:134.00,replay_s:-1,lr:0.00E+00,c_h:0.40
2023-04-12 14:23:38,870,Eval episode: 25, Game ended after 6 steps
2023-04-12 14:23:38,870,[Eval] episode:25,avg_a_R:0.77,avg_d_R:0.23,avg_t:5.50,avg_h:0.77,acc_A_R:92.00,acc_D_R:134.00,replay_s:-1,lr:0.00E+00,c_h:0.41
2023-04-12 14:23:38,873,Eval episode: 26, Game ended after 6 steps
2023-04-12 14:23:38,873,[Eval] episode:26,avg_a_R:0.78,avg_d_R:0.22,avg_t:5.52,avg_h:0.78,acc_A_R:93.00,acc_D_R:134.00,replay_s:-1,lr:0.00E+00,c_h:0.41
2023-04-12 14:23:38,875,Eval episode: 27, Game ended after 7 steps
2023-04-12 14:23:38,876,[Eval] episode:27,avg_a_R:0.79,avg_d_R:0.21,avg_t:5.57,avg_h:0.79,acc_A_R:94.00,acc_D_R:134.00,replay_s:-1,lr:0.00E+00,c_h:0.41
2023-04-12 14:23:38,878,Eval episode: 28, Game ended after 6 steps
2023-04-12 14:23:38,878,[Eval] episode:28,avg_a_R:0.79,avg_d_R:0.21,avg_t:5.59,avg_h:0.79,acc_A_R:95.00,acc_D_R:134.00,replay_s:-1,lr:0.00E+00,c_h:0.41
2023-04-12 14:23:38,880,Eval episode: 29, Game ended after 6 steps
2023-04-12 14:23:38,880,[Eval] episode:29,avg_a_R:0.80,avg_d_R:0.20,avg_t:5.60,avg_h:0.80,acc_A_R:96.00,acc_D_R:134.00,replay_s:-1,lr:0.00E+00,c_h:0.42
2023-04-12 14:23:38,881,Eval episode: 30, Game ended after 1 steps
2023-04-12 14:23:38,881,[Eval] episode:30,avg_a_R:0.77,avg_d_R:0.23,avg_t:5.45,avg_h:0.77,acc_A_R:96.00,acc_D_R:135.00,replay_s:-1,lr:0.00E+00,c_h:0.42
2023-04-12 14:23:38,883,Eval episode: 31, Game ended after 6 steps
2023-04-12 14:23:38,883,[Eval] episode:31,avg_a_R:0.78,avg_d_R:0.22,avg_t:5.47,avg_h:0.78,acc_A_R:97.00,acc_D_R:135.00,replay_s:-1,lr:0.00E+00,c_h:0.42
2023-04-12 14:23:38,884,Eval episode: 32, Game ended after 1 steps
2023-04-12 14:23:38,884,[Eval] episode:32,avg_a_R:0.76,avg_d_R:0.24,avg_t:5.33,avg_h:0.76,acc_A_R:97.00,acc_D_R:136.00,replay_s:-1,lr:0.00E+00,c_h:0.42
2023-04-12 14:23:38,886,Eval episode: 33, Game ended after 6 steps
2023-04-12 14:23:38,886,[Eval] episode:33,avg_a_R:0.76,avg_d_R:0.24,avg_t:5.35,avg_h:0.76,acc_A_R:98.00,acc_D_R:136.00,replay_s:-1,lr:0.00E+00,c_h:0.42
2023-04-12 14:23:38,888,Eval episode: 34, Game ended after 5 steps
2023-04-12 14:23:38,888,[Eval] episode:34,avg_a_R:0.74,avg_d_R:0.26,avg_t:5.34,avg_h:0.74,acc_A_R:98.00,acc_D_R:137.00,replay_s:-1,lr:0.00E+00,c_h:0.42
2023-04-12 14:23:38,890,Eval episode: 35, Game ended after 5 steps
2023-04-12 14:23:38,890,[Eval] episode:35,avg_a_R:0.72,avg_d_R:0.28,avg_t:5.33,avg_h:0.72,acc_A_R:98.00,acc_D_R:138.00,replay_s:-1,lr:0.00E+00,c_h:0.42
2023-04-12 14:23:38,893,Eval episode: 36, Game ended after 8 steps
2023-04-12 14:23:38,893,[Eval] episode:36,avg_a_R:0.73,avg_d_R:0.27,avg_t:5.41,avg_h:0.73,acc_A_R:99.00,acc_D_R:138.00,replay_s:-1,lr:0.00E+00,c_h:0.42
2023-04-12 14:23:38,895,Eval episode: 37, Game ended after 6 steps
2023-04-12 14:23:38,895,[Eval] episode:37,avg_a_R:0.74,avg_d_R:0.26,avg_t:5.42,avg_h:0.74,acc_A_R:100.00,acc_D_R:138.00,replay_s:-1,lr:0.00E+00,c_h:0.42
2023-04-12 14:23:38,898,Eval episode: 38, Game ended after 6 steps
2023-04-12 14:23:38,898,[Eval] episode:38,avg_a_R:0.74,avg_d_R:0.26,avg_t:5.44,avg_h:0.74,acc_A_R:101.00,acc_D_R:138.00,replay_s:-1,lr:0.00E+00,c_h:0.42
2023-04-12 14:23:38,900,Eval episode: 39, Game ended after 7 steps
2023-04-12 14:23:38,901,[Eval] episode:39,avg_a_R:0.75,avg_d_R:0.25,avg_t:5.47,avg_h:0.75,acc_A_R:102.00,acc_D_R:138.00,replay_s:-1,lr:0.00E+00,c_h:0.42
2023-04-12 14:23:38,901,Eval episode: 40, Game ended after 2 steps
2023-04-12 14:23:38,901,[Eval] episode:40,avg_a_R:0.73,avg_d_R:0.27,avg_t:5.39,avg_h:0.73,acc_A_R:102.00,acc_D_R:139.00,replay_s:-1,lr:0.00E+00,c_h:0.42
2023-04-12 14:23:38,904,Eval episode: 41, Game ended after 8 steps
2023-04-12 14:23:38,904,[Eval] episode:41,avg_a_R:0.74,avg_d_R:0.26,avg_t:5.45,avg_h:0.74,acc_A_R:103.00,acc_D_R:139.00,replay_s:-1,lr:0.00E+00,c_h:0.43
2023-04-12 14:23:38,907,Eval episode: 42, Game ended after 6 steps
2023-04-12 14:23:38,907,[Eval] episode:42,avg_a_R:0.74,avg_d_R:0.26,avg_t:5.47,avg_h:0.74,acc_A_R:104.00,acc_D_R:139.00,replay_s:-1,lr:0.00E+00,c_h:0.43
2023-04-12 14:23:38,907,Eval episode: 43, Game ended after 1 steps
2023-04-12 14:23:38,907,[Eval] episode:43,avg_a_R:0.73,avg_d_R:0.27,avg_t:5.36,avg_h:0.73,acc_A_R:104.00,acc_D_R:140.00,replay_s:-1,lr:0.00E+00,c_h:0.43
2023-04-12 14:23:38,910,Eval episode: 44, Game ended after 8 steps
2023-04-12 14:23:38,910,[Eval] episode:44,avg_a_R:0.73,avg_d_R:0.27,avg_t:5.42,avg_h:0.73,acc_A_R:105.00,acc_D_R:140.00,replay_s:-1,lr:0.00E+00,c_h:0.43
2023-04-12 14:23:38,913,Eval episode: 45, Game ended after 6 steps
2023-04-12 14:23:38,913,[Eval] episode:45,avg_a_R:0.74,avg_d_R:0.26,avg_t:5.43,avg_h:0.74,acc_A_R:106.00,acc_D_R:140.00,replay_s:-1,lr:0.00E+00,c_h:0.43
2023-04-12 14:23:38,915,Eval episode: 46, Game ended after 6 steps
2023-04-12 14:23:38,915,[Eval] episode:46,avg_a_R:0.74,avg_d_R:0.26,avg_t:5.45,avg_h:0.74,acc_A_R:107.00,acc_D_R:140.00,replay_s:-1,lr:0.00E+00,c_h:0.43
2023-04-12 14:23:38,916,Eval episode: 47, Game ended after 2 steps
2023-04-12 14:23:38,916,[Eval] episode:47,avg_a_R:0.73,avg_d_R:0.27,avg_t:5.38,avg_h:0.73,acc_A_R:107.00,acc_D_R:141.00,replay_s:-1,lr:0.00E+00,c_h:0.43
2023-04-12 14:23:38,916,Eval episode: 48, Game ended after 1 steps
2023-04-12 14:23:38,917,[Eval] episode:48,avg_a_R:0.71,avg_d_R:0.29,avg_t:5.29,avg_h:0.71,acc_A_R:107.00,acc_D_R:142.00,replay_s:-1,lr:0.00E+00,c_h:0.43
2023-04-12 14:23:38,919,Eval episode: 49, Game ended after 7 steps
2023-04-12 14:23:38,919,[Eval] episode:49,avg_a_R:0.72,avg_d_R:0.28,avg_t:5.32,avg_h:0.72,acc_A_R:108.00,acc_D_R:142.00,replay_s:-1,lr:0.00E+00,c_h:0.43
2023-04-12 14:23:38,921,Eval episode: 50, Game ended after 6 steps
2023-04-12 14:23:38,922,[Eval] episode:50,avg_a_R:0.71,avg_d_R:0.29,avg_t:5.33,avg_h:0.71,acc_A_R:108.00,acc_D_R:143.00,replay_s:-1,lr:0.00E+00,c_h:0.43
2023-04-12 14:23:38,923,Eval episode: 51, Game ended after 4 steps
2023-04-12 14:23:38,923,[Eval] episode:51,avg_a_R:0.69,avg_d_R:0.31,avg_t:5.31,avg_h:0.69,acc_A_R:108.00,acc_D_R:144.00,replay_s:-1,lr:0.00E+00,c_h:0.43
2023-04-12 14:23:38,925,Eval episode: 52, Game ended after 6 steps
2023-04-12 14:23:38,926,[Eval] episode:52,avg_a_R:0.70,avg_d_R:0.30,avg_t:5.32,avg_h:0.70,acc_A_R:109.00,acc_D_R:144.00,replay_s:-1,lr:0.00E+00,c_h:0.43
2023-04-12 14:23:38,927,Eval episode: 53, Game ended after 4 steps
2023-04-12 14:23:38,927,[Eval] episode:53,avg_a_R:0.69,avg_d_R:0.31,avg_t:5.30,avg_h:0.69,acc_A_R:109.00,acc_D_R:145.00,replay_s:-1,lr:0.00E+00,c_h:0.43
2023-04-12 14:23:38,928,Eval episode: 54, Game ended after 2 steps
2023-04-12 14:23:38,928,[Eval] episode:54,avg_a_R:0.67,avg_d_R:0.33,avg_t:5.24,avg_h:0.67,acc_A_R:109.00,acc_D_R:146.00,replay_s:-1,lr:0.00E+00,c_h:0.43
2023-04-12 14:23:38,931,Eval episode: 55, Game ended after 7 steps
2023-04-12 14:23:38,931,[Eval] episode:55,avg_a_R:0.68,avg_d_R:0.32,avg_t:5.27,avg_h:0.68,acc_A_R:110.00,acc_D_R:146.00,replay_s:-1,lr:0.00E+00,c_h:0.43
2023-04-12 14:23:38,934,Eval episode: 56, Game ended after 8 steps
2023-04-12 14:23:38,934,[Eval] episode:56,avg_a_R:0.68,avg_d_R:0.32,avg_t:5.32,avg_h:0.68,acc_A_R:111.00,acc_D_R:146.00,replay_s:-1,lr:0.00E+00,c_h:0.43
2023-04-12 14:23:38,936,Eval episode: 57, Game ended after 6 steps
2023-04-12 14:23:38,936,[Eval] episode:57,avg_a_R:0.69,avg_d_R:0.31,avg_t:5.33,avg_h:0.69,acc_A_R:112.00,acc_D_R:146.00,replay_s:-1,lr:0.00E+00,c_h:0.43
2023-04-12 14:23:38,937,Eval episode: 58, Game ended after 2 steps
2023-04-12 14:23:38,937,[Eval] episode:58,avg_a_R:0.68,avg_d_R:0.32,avg_t:5.27,avg_h:0.68,acc_A_R:112.00,acc_D_R:147.00,replay_s:-1,lr:0.00E+00,c_h:0.43
2023-04-12 14:23:38,939,Eval episode: 59, Game ended after 6 steps
2023-04-12 14:23:38,939,[Eval] episode:59,avg_a_R:0.68,avg_d_R:0.32,avg_t:5.28,avg_h:0.68,acc_A_R:113.00,acc_D_R:147.00,replay_s:-1,lr:0.00E+00,c_h:0.43
2023-04-12 14:23:38,942,Eval episode: 60, Game ended after 6 steps
2023-04-12 14:23:38,942,[Eval] episode:60,avg_a_R:0.67,avg_d_R:0.33,avg_t:5.30,avg_h:0.67,acc_A_R:113.00,acc_D_R:148.00,replay_s:-1,lr:0.00E+00,c_h:0.43
2023-04-12 14:23:38,944,Eval episode: 61, Game ended after 6 steps
2023-04-12 14:23:38,944,[Eval] episode:61,avg_a_R:0.68,avg_d_R:0.32,avg_t:5.31,avg_h:0.68,acc_A_R:114.00,acc_D_R:148.00,replay_s:-1,lr:0.00E+00,c_h:0.44
2023-04-12 14:23:38,946,Eval episode: 62, Game ended after 6 steps
2023-04-12 14:23:38,946,[Eval] episode:62,avg_a_R:0.68,avg_d_R:0.32,avg_t:5.32,avg_h:0.68,acc_A_R:115.00,acc_D_R:148.00,replay_s:-1,lr:0.00E+00,c_h:0.44
2023-04-12 14:23:38,949,Eval episode: 63, Game ended after 6 steps
2023-04-12 14:23:38,949,[Eval] episode:63,avg_a_R:0.69,avg_d_R:0.31,avg_t:5.33,avg_h:0.69,acc_A_R:116.00,acc_D_R:148.00,replay_s:-1,lr:0.00E+00,c_h:0.44
2023-04-12 14:23:38,951,Eval episode: 64, Game ended after 6 steps
2023-04-12 14:23:38,951,[Eval] episode:64,avg_a_R:0.69,avg_d_R:0.31,avg_t:5.34,avg_h:0.69,acc_A_R:117.00,acc_D_R:148.00,replay_s:-1,lr:0.00E+00,c_h:0.44
2023-04-12 14:23:38,951,Eval episode: 65, Game ended after 1 steps
2023-04-12 14:23:38,952,[Eval] episode:65,avg_a_R:0.68,avg_d_R:0.32,avg_t:5.27,avg_h:0.68,acc_A_R:117.00,acc_D_R:149.00,replay_s:-1,lr:0.00E+00,c_h:0.44
2023-04-12 14:23:38,954,Eval episode: 66, Game ended after 6 steps
2023-04-12 14:23:38,954,[Eval] episode:66,avg_a_R:0.69,avg_d_R:0.31,avg_t:5.28,avg_h:0.69,acc_A_R:118.00,acc_D_R:149.00,replay_s:-1,lr:0.00E+00,c_h:0.44
2023-04-12 14:23:38,956,Eval episode: 67, Game ended after 6 steps
2023-04-12 14:23:38,956,[Eval] episode:67,avg_a_R:0.69,avg_d_R:0.31,avg_t:5.29,avg_h:0.69,acc_A_R:119.00,acc_D_R:149.00,replay_s:-1,lr:0.00E+00,c_h:0.44
2023-04-12 14:23:38,959,Eval episode: 68, Game ended after 7 steps
2023-04-12 14:23:38,959,[Eval] episode:68,avg_a_R:0.70,avg_d_R:0.30,avg_t:5.32,avg_h:0.70,acc_A_R:120.00,acc_D_R:149.00,replay_s:-1,lr:0.00E+00,c_h:0.45
2023-04-12 14:23:38,961,Eval episode: 69, Game ended after 6 steps
2023-04-12 14:23:38,961,[Eval] episode:69,avg_a_R:0.69,avg_d_R:0.31,avg_t:5.33,avg_h:0.69,acc_A_R:120.00,acc_D_R:150.00,replay_s:-1,lr:0.00E+00,c_h:0.44
2023-04-12 14:23:38,964,Eval episode: 70, Game ended after 7 steps
2023-04-12 14:23:38,964,[Eval] episode:70,avg_a_R:0.69,avg_d_R:0.31,avg_t:5.35,avg_h:0.69,acc_A_R:121.00,acc_D_R:150.00,replay_s:-1,lr:0.00E+00,c_h:0.45
2023-04-12 14:23:38,965,Eval episode: 71, Game ended after 2 steps
2023-04-12 14:23:38,965,[Eval] episode:71,avg_a_R:0.68,avg_d_R:0.32,avg_t:5.31,avg_h:0.68,acc_A_R:121.00,acc_D_R:151.00,replay_s:-1,lr:0.00E+00,c_h:0.44
2023-04-12 14:23:38,968,Eval episode: 72, Game ended after 7 steps
2023-04-12 14:23:38,968,[Eval] episode:72,avg_a_R:0.68,avg_d_R:0.32,avg_t:5.33,avg_h:0.68,acc_A_R:122.00,acc_D_R:151.00,replay_s:-1,lr:0.00E+00,c_h:0.45
2023-04-12 14:23:38,970,Eval episode: 73, Game ended after 5 steps
2023-04-12 14:23:38,970,[Eval] episode:73,avg_a_R:0.68,avg_d_R:0.32,avg_t:5.32,avg_h:0.68,acc_A_R:122.00,acc_D_R:152.00,replay_s:-1,lr:0.00E+00,c_h:0.45
2023-04-12 14:23:38,972,Eval episode: 74, Game ended after 6 steps
2023-04-12 14:23:38,972,[Eval] episode:74,avg_a_R:0.68,avg_d_R:0.32,avg_t:5.33,avg_h:0.68,acc_A_R:123.00,acc_D_R:152.00,replay_s:-1,lr:0.00E+00,c_h:0.45
2023-04-12 14:23:38,974,Eval episode: 75, Game ended after 5 steps
2023-04-12 14:23:38,974,[Eval] episode:75,avg_a_R:0.67,avg_d_R:0.33,avg_t:5.33,avg_h:0.67,acc_A_R:123.00,acc_D_R:153.00,replay_s:-1,lr:0.00E+00,c_h:0.45
2023-04-12 14:23:38,976,Eval episode: 76, Game ended after 6 steps
2023-04-12 14:23:38,976,[Eval] episode:76,avg_a_R:0.66,avg_d_R:0.34,avg_t:5.34,avg_h:0.66,acc_A_R:123.00,acc_D_R:154.00,replay_s:-1,lr:0.00E+00,c_h:0.44
2023-04-12 14:23:38,979,Eval episode: 77, Game ended after 6 steps
2023-04-12 14:23:38,979,[Eval] episode:77,avg_a_R:0.67,avg_d_R:0.33,avg_t:5.35,avg_h:0.67,acc_A_R:124.00,acc_D_R:154.00,replay_s:-1,lr:0.00E+00,c_h:0.45
2023-04-12 14:23:38,979,Eval episode: 78, Game ended after 2 steps
2023-04-12 14:23:38,980,[Eval] episode:78,avg_a_R:0.66,avg_d_R:0.34,avg_t:5.30,avg_h:0.66,acc_A_R:124.00,acc_D_R:155.00,replay_s:-1,lr:0.00E+00,c_h:0.44
2023-04-12 14:23:38,980,Eval episode: 79, Game ended after 2 steps
2023-04-12 14:23:38,981,[Eval] episode:79,avg_a_R:0.65,avg_d_R:0.35,avg_t:5.26,avg_h:0.65,acc_A_R:124.00,acc_D_R:156.00,replay_s:-1,lr:0.00E+00,c_h:0.44
2023-04-12 14:23:38,981,Eval episode: 80, Game ended after 2 steps
2023-04-12 14:23:38,982,[Eval] episode:80,avg_a_R:0.64,avg_d_R:0.36,avg_t:5.22,avg_h:0.64,acc_A_R:124.00,acc_D_R:157.00,replay_s:-1,lr:0.00E+00,c_h:0.44
2023-04-12 14:23:38,984,Eval episode: 81, Game ended after 6 steps
2023-04-12 14:23:38,984,[Eval] episode:81,avg_a_R:0.65,avg_d_R:0.35,avg_t:5.23,avg_h:0.65,acc_A_R:125.00,acc_D_R:157.00,replay_s:-1,lr:0.00E+00,c_h:0.44
2023-04-12 14:23:38,986,Eval episode: 82, Game ended after 5 steps
2023-04-12 14:23:38,986,[Eval] episode:82,avg_a_R:0.64,avg_d_R:0.36,avg_t:5.23,avg_h:0.64,acc_A_R:125.00,acc_D_R:158.00,replay_s:-1,lr:0.00E+00,c_h:0.44
2023-04-12 14:23:38,988,Eval episode: 83, Game ended after 6 steps
2023-04-12 14:23:38,988,[Eval] episode:83,avg_a_R:0.64,avg_d_R:0.36,avg_t:5.24,avg_h:0.64,acc_A_R:126.00,acc_D_R:158.00,replay_s:-1,lr:0.00E+00,c_h:0.44
2023-04-12 14:23:38,989,Eval episode: 84, Game ended after 1 steps
2023-04-12 14:23:38,989,[Eval] episode:84,avg_a_R:0.64,avg_d_R:0.36,avg_t:5.19,avg_h:0.64,acc_A_R:126.00,acc_D_R:159.00,replay_s:-1,lr:0.00E+00,c_h:0.44
2023-04-12 14:23:38,989,Eval episode: 85, Game ended after 1 steps
2023-04-12 14:23:38,989,[Eval] episode:85,avg_a_R:0.63,avg_d_R:0.37,avg_t:5.14,avg_h:0.63,acc_A_R:126.00,acc_D_R:160.00,replay_s:-1,lr:0.00E+00,c_h:0.44
2023-04-12 14:23:38,990,Eval episode: 86, Game ended after 1 steps
2023-04-12 14:23:38,990,[Eval] episode:86,avg_a_R:0.62,avg_d_R:0.38,avg_t:5.09,avg_h:0.62,acc_A_R:126.00,acc_D_R:161.00,replay_s:-1,lr:0.00E+00,c_h:0.44
2023-04-12 14:23:38,992,Eval episode: 87, Game ended after 6 steps
2023-04-12 14:23:38,992,[Eval] episode:87,avg_a_R:0.62,avg_d_R:0.38,avg_t:5.10,avg_h:0.62,acc_A_R:127.00,acc_D_R:161.00,replay_s:-1,lr:0.00E+00,c_h:0.44
2023-04-12 14:23:38,994,Eval episode: 88, Game ended after 6 steps
2023-04-12 14:23:38,995,[Eval] episode:88,avg_a_R:0.63,avg_d_R:0.37,avg_t:5.11,avg_h:0.63,acc_A_R:128.00,acc_D_R:161.00,replay_s:-1,lr:0.00E+00,c_h:0.44
2023-04-12 14:23:38,995,Eval episode: 89, Game ended after 1 steps
2023-04-12 14:23:38,995,[Eval] episode:89,avg_a_R:0.62,avg_d_R:0.38,avg_t:5.07,avg_h:0.62,acc_A_R:128.00,acc_D_R:162.00,replay_s:-1,lr:0.00E+00,c_h:0.44
2023-04-12 14:23:38,997,Eval episode: 90, Game ended after 6 steps
2023-04-12 14:23:38,997,[Eval] episode:90,avg_a_R:0.63,avg_d_R:0.37,avg_t:5.08,avg_h:0.63,acc_A_R:129.00,acc_D_R:162.00,replay_s:-1,lr:0.00E+00,c_h:0.44
2023-04-12 14:23:38,998,Eval episode: 91, Game ended after 1 steps
2023-04-12 14:23:38,998,[Eval] episode:91,avg_a_R:0.62,avg_d_R:0.38,avg_t:5.03,avg_h:0.62,acc_A_R:129.00,acc_D_R:163.00,replay_s:-1,lr:0.00E+00,c_h:0.44
2023-04-12 14:23:39,001,Eval episode: 92, Game ended after 7 steps
2023-04-12 14:23:39,001,[Eval] episode:92,avg_a_R:0.62,avg_d_R:0.38,avg_t:5.05,avg_h:0.62,acc_A_R:130.00,acc_D_R:163.00,replay_s:-1,lr:0.00E+00,c_h:0.44
2023-04-12 14:23:39,003,Eval episode: 93, Game ended after 7 steps
2023-04-12 14:23:39,003,[Eval] episode:93,avg_a_R:0.63,avg_d_R:0.37,avg_t:5.07,avg_h:0.63,acc_A_R:131.00,acc_D_R:163.00,replay_s:-1,lr:0.00E+00,c_h:0.45
2023-04-12 14:23:39,006,Eval episode: 94, Game ended after 6 steps
2023-04-12 14:23:39,006,[Eval] episode:94,avg_a_R:0.63,avg_d_R:0.37,avg_t:5.08,avg_h:0.63,acc_A_R:132.00,acc_D_R:163.00,replay_s:-1,lr:0.00E+00,c_h:0.45
2023-04-12 14:23:39,008,Eval episode: 95, Game ended after 7 steps
2023-04-12 14:23:39,009,[Eval] episode:95,avg_a_R:0.64,avg_d_R:0.36,avg_t:5.10,avg_h:0.64,acc_A_R:133.00,acc_D_R:163.00,replay_s:-1,lr:0.00E+00,c_h:0.45
2023-04-12 14:23:39,011,Eval episode: 96, Game ended after 6 steps
2023-04-12 14:23:39,011,[Eval] episode:96,avg_a_R:0.64,avg_d_R:0.36,avg_t:5.11,avg_h:0.64,acc_A_R:134.00,acc_D_R:163.00,replay_s:-1,lr:0.00E+00,c_h:0.45
2023-04-12 14:23:39,013,Eval episode: 97, Game ended after 6 steps
2023-04-12 14:23:39,013,[Eval] episode:97,avg_a_R:0.64,avg_d_R:0.36,avg_t:5.12,avg_h:0.64,acc_A_R:135.00,acc_D_R:163.00,replay_s:-1,lr:0.00E+00,c_h:0.45
2023-04-12 14:23:39,015,Eval episode: 98, Game ended after 4 steps
2023-04-12 14:23:39,015,[Eval] episode:98,avg_a_R:0.64,avg_d_R:0.36,avg_t:5.11,avg_h:0.64,acc_A_R:135.00,acc_D_R:164.00,replay_s:-1,lr:0.00E+00,c_h:0.45
2023-04-12 14:23:39,017,Eval episode: 99, Game ended after 6 steps
2023-04-12 14:23:39,017,[Eval] episode:99,avg_a_R:0.64,avg_d_R:0.36,avg_t:5.12,avg_h:0.64,acc_A_R:136.00,acc_D_R:164.00,replay_s:-1,lr:0.00E+00,c_h:0.45
2023-04-12 14:23:39,017,[Eval] episode:2000,avg_a_R:0.64,avg_d_R:0.36,avg_t:5.12,avg_h:0.64,acc_A_R:136.00,acc_D_R:164.00,replay_s:-1,lr:0.00E+00,c_h:0.45
2023-04-12 14:23:39,017,Evaluation Complete
2023-04-12 14:23:39,018,Training Complete
2023-04-12 14:23:39,018,Starting Evaluation
2023-04-12 14:23:39,018,starting eval with non-empty result object
2023-04-12 14:23:39,020,Eval episode: 0, Game ended after 6 steps
2023-04-12 14:23:39,021,Eval episode: 1, Game ended after 2 steps
2023-04-12 14:23:39,022,Eval episode: 2, Game ended after 2 steps
2023-04-12 14:23:39,024,Eval episode: 3, Game ended after 6 steps
2023-04-12 14:23:39,026,Eval episode: 4, Game ended after 6 steps
2023-04-12 14:23:39,027,Eval episode: 5, Game ended after 1 steps
2023-04-12 14:23:39,029,Eval episode: 6, Game ended after 6 steps
2023-04-12 14:23:39,031,Eval episode: 7, Game ended after 6 steps
2023-04-12 14:23:39,033,Eval episode: 8, Game ended after 5 steps
2023-04-12 14:23:39,035,Eval episode: 9, Game ended after 6 steps
2023-04-12 14:23:39,036,Eval episode: 10, Game ended after 2 steps
2023-04-12 14:23:39,036,Eval episode: 11, Game ended after 2 steps
2023-04-12 14:23:39,038,Eval episode: 12, Game ended after 6 steps
2023-04-12 14:23:39,041,Eval episode: 13, Game ended after 6 steps
2023-04-12 14:23:39,043,Eval episode: 14, Game ended after 6 steps
2023-04-12 14:23:39,045,Eval episode: 15, Game ended after 7 steps
2023-04-12 14:23:39,048,Eval episode: 16, Game ended after 7 steps
2023-04-12 14:23:39,048,Eval episode: 17, Game ended after 2 steps
2023-04-12 14:23:39,051,Eval episode: 18, Game ended after 6 steps
2023-04-12 14:23:39,053,Eval episode: 19, Game ended after 6 steps
2023-04-12 14:23:39,054,Eval episode: 20, Game ended after 5 steps
2023-04-12 14:23:39,056,Eval episode: 21, Game ended after 4 steps
2023-04-12 14:23:39,058,Eval episode: 22, Game ended after 6 steps
2023-04-12 14:23:39,059,Eval episode: 23, Game ended after 2 steps
2023-04-12 14:23:39,061,Eval episode: 24, Game ended after 6 steps
2023-04-12 14:23:39,064,Eval episode: 25, Game ended after 8 steps
2023-04-12 14:23:39,066,Eval episode: 26, Game ended after 6 steps
2023-04-12 14:23:39,066,Eval episode: 27, Game ended after 1 steps
2023-04-12 14:23:39,068,Eval episode: 28, Game ended after 6 steps
2023-04-12 14:23:39,069,Eval episode: 29, Game ended after 1 steps
2023-04-12 14:23:39,070,Eval episode: 30, Game ended after 4 steps
2023-04-12 14:23:39,072,Eval episode: 31, Game ended after 6 steps
2023-04-12 14:23:39,074,Eval episode: 32, Game ended after 6 steps
2023-04-12 14:23:39,076,Eval episode: 33, Game ended after 6 steps
2023-04-12 14:23:39,078,Eval episode: 34, Game ended after 4 steps
2023-04-12 14:23:39,080,Eval episode: 35, Game ended after 6 steps
2023-04-12 14:23:39,082,Eval episode: 36, Game ended after 7 steps
2023-04-12 14:23:39,085,Eval episode: 37, Game ended after 7 steps
2023-04-12 14:23:39,085,Eval episode: 38, Game ended after 1 steps
2023-04-12 14:23:39,087,Eval episode: 39, Game ended after 6 steps
2023-04-12 14:23:39,088,Eval episode: 40, Game ended after 1 steps
2023-04-12 14:23:39,089,Eval episode: 41, Game ended after 4 steps
2023-04-12 14:23:39,091,Eval episode: 42, Game ended after 5 steps
2023-04-12 14:23:39,094,Eval episode: 43, Game ended after 8 steps
2023-04-12 14:23:39,096,Eval episode: 44, Game ended after 7 steps
2023-04-12 14:23:39,098,Eval episode: 45, Game ended after 6 steps
2023-04-12 14:23:39,101,Eval episode: 46, Game ended after 6 steps
2023-04-12 14:23:39,103,Eval episode: 47, Game ended after 7 steps
2023-04-12 14:23:39,106,Eval episode: 48, Game ended after 8 steps
2023-04-12 14:23:39,108,Eval episode: 49, Game ended after 6 steps
2023-04-12 14:23:39,109,Eval episode: 50, Game ended after 4 steps
2023-04-12 14:23:39,112,Eval episode: 51, Game ended after 8 steps
2023-04-12 14:23:39,113,Eval episode: 52, Game ended after 3 steps
2023-04-12 14:23:39,115,Eval episode: 53, Game ended after 6 steps
2023-04-12 14:23:39,116,Eval episode: 54, Game ended after 1 steps
2023-04-12 14:23:39,116,Eval episode: 55, Game ended after 2 steps
2023-04-12 14:23:39,119,Eval episode: 56, Game ended after 6 steps
2023-04-12 14:23:39,121,Eval episode: 57, Game ended after 6 steps
2023-04-12 14:23:39,123,Eval episode: 58, Game ended after 6 steps
2023-04-12 14:23:39,125,Eval episode: 59, Game ended after 6 steps
2023-04-12 14:23:39,126,Eval episode: 60, Game ended after 2 steps
2023-04-12 14:23:39,127,Eval episode: 61, Game ended after 2 steps
2023-04-12 14:23:39,129,Eval episode: 62, Game ended after 5 steps
2023-04-12 14:23:39,131,Eval episode: 63, Game ended after 6 steps
2023-04-12 14:23:39,134,Eval episode: 64, Game ended after 7 steps
2023-04-12 14:23:39,135,Eval episode: 65, Game ended after 2 steps
2023-04-12 14:23:39,137,Eval episode: 66, Game ended after 6 steps
2023-04-12 14:23:39,139,Eval episode: 67, Game ended after 6 steps
2023-04-12 14:23:39,141,Eval episode: 68, Game ended after 5 steps
2023-04-12 14:23:39,143,Eval episode: 69, Game ended after 7 steps
2023-04-12 14:23:39,145,Eval episode: 70, Game ended after 5 steps
2023-04-12 14:23:39,147,Eval episode: 71, Game ended after 6 steps
2023-04-12 14:23:39,149,Eval episode: 72, Game ended after 6 steps
2023-04-12 14:23:39,151,Eval episode: 73, Game ended after 6 steps
2023-04-12 14:23:39,154,Eval episode: 74, Game ended after 7 steps
2023-04-12 14:23:39,155,Eval episode: 75, Game ended after 2 steps
2023-04-12 14:23:39,157,Eval episode: 76, Game ended after 7 steps
2023-04-12 14:23:39,160,Eval episode: 77, Game ended after 7 steps
2023-04-12 14:23:39,162,Eval episode: 78, Game ended after 6 steps
2023-04-12 14:23:39,163,Eval episode: 79, Game ended after 4 steps
2023-04-12 14:23:39,165,Eval episode: 80, Game ended after 6 steps
2023-04-12 14:23:39,167,Eval episode: 81, Game ended after 6 steps
2023-04-12 14:23:39,169,Eval episode: 82, Game ended after 6 steps
2023-04-12 14:23:39,297,Eval episode: 83, Game ended after 8 steps
2023-04-12 14:23:39,299,Eval episode: 84, Game ended after 6 steps
2023-04-12 14:23:39,301,Eval episode: 85, Game ended after 5 steps
2023-04-12 14:23:39,303,Eval episode: 86, Game ended after 6 steps
2023-04-12 14:23:39,305,Eval episode: 87, Game ended after 6 steps
2023-04-12 14:23:39,307,Eval episode: 88, Game ended after 6 steps
2023-04-12 14:23:39,310,Eval episode: 89, Game ended after 7 steps
2023-04-12 14:23:39,312,Eval episode: 90, Game ended after 6 steps
2023-04-12 14:23:39,313,Eval episode: 91, Game ended after 2 steps
2023-04-12 14:23:39,315,Eval episode: 92, Game ended after 6 steps
2023-04-12 14:23:39,317,Eval episode: 93, Game ended after 6 steps
2023-04-12 14:23:39,319,Eval episode: 94, Game ended after 6 steps
2023-04-12 14:23:39,321,Eval episode: 95, Game ended after 6 steps
2023-04-12 14:23:39,324,Eval episode: 96, Game ended after 7 steps
2023-04-12 14:23:39,326,Eval episode: 97, Game ended after 7 steps
2023-04-12 14:23:39,328,Eval episode: 98, Game ended after 6 steps
2023-04-12 14:23:39,330,Eval episode: 99, Game ended after 6 steps
2023-04-12 14:23:39,330,Evaluation Complete
2023-04-12 14:23:39,330,--- Defender State Values ---
2023-04-12 14:23:39,330,s:0,V(s):0.5169684363388793
2023-04-12 14:23:39,331,--------------------
2023-04-12 14:23:39,331,Saving Q-table to: /Users/evink/Desktop/ai/second/gym-idsgame-master/experiments/training/v0/maximal_attack/tabular_q_learning_modified/results/data/499//1681277019.3310468_defender_q_table.npy
