2023-04-13 18:37:46,166,Starting Training
2023-04-13 18:37:46,166,Hyperparameters: gamma:0.999,alpha:0.0005,epsilon:0.5,render:False,eval_sleep:0.9,epsilon_decay:0.9999,min_epsilon:0.01,eval_episodes:100,train_log_frequency:100,eval_log_frequency:1,video:False,video_fps:5,video_dir:/Users/evink/Desktop/kcc/tabular_q_learning_availability/results/videos/0/,num_episodes:2001,eval_render:False,gifs:False,gifdir:/Users/evink/Desktop/kcc/tabular_q_learning_availability/results/gifs/0/,eval_frequency:1000,video_frequency:101,attackerFalse,defender:True,checkpoint_freq:100000,random_seed:0,eval_epsilon:0.0,tab_full_state_space:False
2023-04-13 18:37:46,170,[Train] episode: 0.00 epsilon:0.50,avg_a_R:1.00,avg_d_R:-2.80,avg_t:8.00,avg_h:1.00,acc_A_R:0.00,acc_D_R:0.00,A_loss:0.000000,D_loss:0.000000,replay_s:-1,lr:5.00E-04,c_h:1.00
2023-04-13 18:37:46,170,Starting Evaluation
2023-04-13 18:37:46,172,Eval episode: 0, Game ended after 6 steps
2023-04-13 18:37:46,173,[Eval] episode:0,avg_a_R:1.00,avg_d_R:-2.20,avg_t:6.00,avg_h:1.00,acc_A_R:1.00,acc_D_R:-2.20,replay_s:-1,lr:0.00E+00,c_h:1.00
2023-04-13 18:37:46,175,Eval episode: 1, Game ended after 6 steps
2023-04-13 18:37:46,175,[Eval] episode:1,avg_a_R:1.00,avg_d_R:-2.20,avg_t:6.00,avg_h:1.00,acc_A_R:2.00,acc_D_R:-4.40,replay_s:-1,lr:0.00E+00,c_h:1.00
2023-04-13 18:37:46,177,Eval episode: 2, Game ended after 6 steps
2023-04-13 18:37:46,177,[Eval] episode:2,avg_a_R:1.00,avg_d_R:-2.20,avg_t:6.00,avg_h:1.00,acc_A_R:3.00,acc_D_R:-6.60,replay_s:-1,lr:0.00E+00,c_h:1.00
2023-04-13 18:37:46,179,Eval episode: 3, Game ended after 6 steps
2023-04-13 18:37:46,180,[Eval] episode:3,avg_a_R:0.50,avg_d_R:-1.78,avg_t:6.00,avg_h:0.75,acc_A_R:2.00,acc_D_R:-7.10,replay_s:-1,lr:0.00E+00,c_h:0.75
2023-04-13 18:37:46,182,Eval episode: 4, Game ended after 6 steps
2023-04-13 18:37:46,182,[Eval] episode:4,avg_a_R:0.60,avg_d_R:-1.86,avg_t:6.00,avg_h:0.80,acc_A_R:3.00,acc_D_R:-9.30,replay_s:-1,lr:0.00E+00,c_h:0.80
2023-04-13 18:37:46,184,Eval episode: 5, Game ended after 6 steps
2023-04-13 18:37:46,184,[Eval] episode:5,avg_a_R:0.67,avg_d_R:-1.92,avg_t:6.00,avg_h:0.83,acc_A_R:4.00,acc_D_R:-11.50,replay_s:-1,lr:0.00E+00,c_h:0.83
2023-04-13 18:37:46,188,Eval episode: 6, Game ended after 10 steps
2023-04-13 18:37:46,188,[Eval] episode:6,avg_a_R:0.71,avg_d_R:-2.04,avg_t:6.57,avg_h:0.86,acc_A_R:5.00,acc_D_R:-14.30,replay_s:-1,lr:0.00E+00,c_h:0.86
2023-04-13 18:37:46,190,Eval episode: 7, Game ended after 6 steps
2023-04-13 18:37:46,190,[Eval] episode:7,avg_a_R:0.50,avg_d_R:-1.85,avg_t:6.50,avg_h:0.75,acc_A_R:4.00,acc_D_R:-14.80,replay_s:-1,lr:0.00E+00,c_h:0.75
2023-04-13 18:37:46,192,Eval episode: 8, Game ended after 5 steps
2023-04-13 18:37:46,192,[Eval] episode:8,avg_a_R:0.33,avg_d_R:-1.67,avg_t:6.33,avg_h:0.67,acc_A_R:3.00,acc_D_R:-15.00,replay_s:-1,lr:0.00E+00,c_h:0.67
2023-04-13 18:37:46,193,Eval episode: 9, Game ended after 2 steps
2023-04-13 18:37:46,193,[Eval] episode:9,avg_a_R:0.20,avg_d_R:-1.46,avg_t:5.90,avg_h:0.60,acc_A_R:2.00,acc_D_R:-14.60,replay_s:-1,lr:0.00E+00,c_h:0.60
2023-04-13 18:37:46,195,Eval episode: 10, Game ended after 6 steps
2023-04-13 18:37:46,195,[Eval] episode:10,avg_a_R:0.27,avg_d_R:-1.53,avg_t:5.91,avg_h:0.64,acc_A_R:3.00,acc_D_R:-16.80,replay_s:-1,lr:0.00E+00,c_h:0.64
2023-04-13 18:37:46,196,Eval episode: 11, Game ended after 1 steps
2023-04-13 18:37:46,196,[Eval] episode:11,avg_a_R:0.17,avg_d_R:-1.34,avg_t:5.50,avg_h:0.58,acc_A_R:2.00,acc_D_R:-16.10,replay_s:-1,lr:0.00E+00,c_h:0.58
2023-04-13 18:37:46,196,Eval episode: 12, Game ended after 2 steps
2023-04-13 18:37:46,197,[Eval] episode:12,avg_a_R:0.08,avg_d_R:-1.21,avg_t:5.23,avg_h:0.54,acc_A_R:1.00,acc_D_R:-15.70,replay_s:-1,lr:0.00E+00,c_h:0.54
2023-04-13 18:37:46,199,Eval episode: 13, Game ended after 6 steps
2023-04-13 18:37:46,199,[Eval] episode:13,avg_a_R:0.14,avg_d_R:-1.28,avg_t:5.29,avg_h:0.57,acc_A_R:2.00,acc_D_R:-17.90,replay_s:-1,lr:0.00E+00,c_h:0.57
2023-04-13 18:37:46,202,Eval episode: 14, Game ended after 9 steps
2023-04-13 18:37:46,202,[Eval] episode:14,avg_a_R:0.20,avg_d_R:-1.38,avg_t:5.53,avg_h:0.60,acc_A_R:3.00,acc_D_R:-20.70,replay_s:-1,lr:0.00E+00,c_h:0.60
2023-04-13 18:37:46,205,Eval episode: 15, Game ended after 6 steps
2023-04-13 18:37:46,205,[Eval] episode:15,avg_a_R:0.12,avg_d_R:-1.33,avg_t:5.56,avg_h:0.56,acc_A_R:2.00,acc_D_R:-21.20,replay_s:-1,lr:0.00E+00,c_h:0.56
2023-04-13 18:37:46,206,Eval episode: 16, Game ended after 2 steps
2023-04-13 18:37:46,206,[Eval] episode:16,avg_a_R:0.06,avg_d_R:-1.22,avg_t:5.35,avg_h:0.53,acc_A_R:1.00,acc_D_R:-20.80,replay_s:-1,lr:0.00E+00,c_h:0.53
2023-04-13 18:37:46,208,Eval episode: 17, Game ended after 6 steps
2023-04-13 18:37:46,208,[Eval] episode:17,avg_a_R:0.11,avg_d_R:-1.28,avg_t:5.39,avg_h:0.56,acc_A_R:2.00,acc_D_R:-23.00,replay_s:-1,lr:0.00E+00,c_h:0.56
2023-04-13 18:37:46,211,Eval episode: 18, Game ended after 7 steps
2023-04-13 18:37:46,211,[Eval] episode:18,avg_a_R:0.16,avg_d_R:-1.34,avg_t:5.47,avg_h:0.58,acc_A_R:3.00,acc_D_R:-25.50,replay_s:-1,lr:0.00E+00,c_h:0.58
2023-04-13 18:37:46,212,Eval episode: 19, Game ended after 2 steps
2023-04-13 18:37:46,212,[Eval] episode:19,avg_a_R:0.10,avg_d_R:-1.26,avg_t:5.30,avg_h:0.55,acc_A_R:2.00,acc_D_R:-25.10,replay_s:-1,lr:0.00E+00,c_h:0.55
2023-04-13 18:37:46,212,Eval episode: 20, Game ended after 1 steps
2023-04-13 18:37:46,212,[Eval] episode:20,avg_a_R:0.05,avg_d_R:-1.16,avg_t:5.10,avg_h:0.52,acc_A_R:1.00,acc_D_R:-24.40,replay_s:-1,lr:0.00E+00,c_h:0.52
2023-04-13 18:37:46,215,Eval episode: 21, Game ended after 6 steps
2023-04-13 18:37:46,215,[Eval] episode:21,avg_a_R:0.09,avg_d_R:-1.21,avg_t:5.14,avg_h:0.55,acc_A_R:2.00,acc_D_R:-26.60,replay_s:-1,lr:0.00E+00,c_h:0.55
2023-04-13 18:37:46,217,Eval episode: 22, Game ended after 6 steps
2023-04-13 18:37:46,217,[Eval] episode:22,avg_a_R:0.04,avg_d_R:-1.18,avg_t:5.17,avg_h:0.52,acc_A_R:1.00,acc_D_R:-27.10,replay_s:-1,lr:0.00E+00,c_h:0.52
2023-04-13 18:37:46,218,Eval episode: 23, Game ended after 2 steps
2023-04-13 18:37:46,218,[Eval] episode:23,avg_a_R:0.00,avg_d_R:-1.11,avg_t:5.04,avg_h:0.50,acc_A_R:0.00,acc_D_R:-26.70,replay_s:-1,lr:0.00E+00,c_h:0.50
2023-04-13 18:37:46,221,Eval episode: 24, Game ended after 7 steps
2023-04-13 18:37:46,221,[Eval] episode:24,avg_a_R:0.04,avg_d_R:-1.17,avg_t:5.12,avg_h:0.52,acc_A_R:1.00,acc_D_R:-29.20,replay_s:-1,lr:0.00E+00,c_h:0.52
2023-04-13 18:37:46,223,Eval episode: 25, Game ended after 6 steps
2023-04-13 18:37:46,223,[Eval] episode:25,avg_a_R:0.08,avg_d_R:-1.21,avg_t:5.15,avg_h:0.54,acc_A_R:2.00,acc_D_R:-31.40,replay_s:-1,lr:0.00E+00,c_h:0.54
2023-04-13 18:37:46,225,Eval episode: 26, Game ended after 4 steps
2023-04-13 18:37:46,225,[Eval] episode:26,avg_a_R:0.04,avg_d_R:-1.17,avg_t:5.11,avg_h:0.52,acc_A_R:1.00,acc_D_R:-31.60,replay_s:-1,lr:0.00E+00,c_h:0.52
2023-04-13 18:37:46,227,Eval episode: 27, Game ended after 4 steps
2023-04-13 18:37:46,227,[Eval] episode:27,avg_a_R:0.00,avg_d_R:-1.12,avg_t:5.07,avg_h:0.50,acc_A_R:0.00,acc_D_R:-31.50,replay_s:-1,lr:0.00E+00,c_h:0.50
2023-04-13 18:37:46,227,Eval episode: 28, Game ended after 1 steps
2023-04-13 18:37:46,228,[Eval] episode:28,avg_a_R:-0.03,avg_d_R:-1.06,avg_t:4.93,avg_h:0.48,acc_A_R:-1.00,acc_D_R:-30.80,replay_s:-1,lr:0.00E+00,c_h:0.48
2023-04-13 18:37:46,230,Eval episode: 29, Game ended after 6 steps
2023-04-13 18:37:46,230,[Eval] episode:29,avg_a_R:0.00,avg_d_R:-1.10,avg_t:4.97,avg_h:0.50,acc_A_R:0.00,acc_D_R:-33.00,replay_s:-1,lr:0.00E+00,c_h:0.50
2023-04-13 18:37:46,232,Eval episode: 30, Game ended after 7 steps
2023-04-13 18:37:46,232,[Eval] episode:30,avg_a_R:0.03,avg_d_R:-1.15,avg_t:5.03,avg_h:0.52,acc_A_R:1.00,acc_D_R:-35.50,replay_s:-1,lr:0.00E+00,c_h:0.52
2023-04-13 18:37:46,235,Eval episode: 31, Game ended after 6 steps
2023-04-13 18:37:46,235,[Eval] episode:31,avg_a_R:0.06,avg_d_R:-1.18,avg_t:5.06,avg_h:0.53,acc_A_R:2.00,acc_D_R:-37.70,replay_s:-1,lr:0.00E+00,c_h:0.53
2023-04-13 18:37:46,237,Eval episode: 32, Game ended after 6 steps
2023-04-13 18:37:46,237,[Eval] episode:32,avg_a_R:0.03,avg_d_R:-1.16,avg_t:5.09,avg_h:0.52,acc_A_R:1.00,acc_D_R:-38.20,replay_s:-1,lr:0.00E+00,c_h:0.52
2023-04-13 18:37:46,240,Eval episode: 33, Game ended after 7 steps
2023-04-13 18:37:46,240,[Eval] episode:33,avg_a_R:0.06,avg_d_R:-1.20,avg_t:5.15,avg_h:0.53,acc_A_R:2.00,acc_D_R:-40.70,replay_s:-1,lr:0.00E+00,c_h:0.53
2023-04-13 18:37:46,242,Eval episode: 34, Game ended after 6 steps
2023-04-13 18:37:46,242,[Eval] episode:34,avg_a_R:0.09,avg_d_R:-1.23,avg_t:5.17,avg_h:0.54,acc_A_R:3.00,acc_D_R:-42.90,replay_s:-1,lr:0.00E+00,c_h:0.54
2023-04-13 18:37:46,244,Eval episode: 35, Game ended after 6 steps
2023-04-13 18:37:46,245,[Eval] episode:35,avg_a_R:0.11,avg_d_R:-1.25,avg_t:5.19,avg_h:0.56,acc_A_R:4.00,acc_D_R:-45.10,replay_s:-1,lr:0.00E+00,c_h:0.56
2023-04-13 18:37:46,246,Eval episode: 36, Game ended after 5 steps
2023-04-13 18:37:46,247,[Eval] episode:36,avg_a_R:0.08,avg_d_R:-1.22,avg_t:5.19,avg_h:0.54,acc_A_R:3.00,acc_D_R:-45.30,replay_s:-1,lr:0.00E+00,c_h:0.54
2023-04-13 18:37:46,247,Eval episode: 37, Game ended after 2 steps
2023-04-13 18:37:46,247,[Eval] episode:37,avg_a_R:0.05,avg_d_R:-1.18,avg_t:5.11,avg_h:0.53,acc_A_R:2.00,acc_D_R:-44.90,replay_s:-1,lr:0.00E+00,c_h:0.53
2023-04-13 18:37:46,249,Eval episode: 38, Game ended after 6 steps
2023-04-13 18:37:46,250,[Eval] episode:38,avg_a_R:0.08,avg_d_R:-1.21,avg_t:5.13,avg_h:0.54,acc_A_R:3.00,acc_D_R:-47.10,replay_s:-1,lr:0.00E+00,c_h:0.54
2023-04-13 18:37:46,252,Eval episode: 39, Game ended after 6 steps
2023-04-13 18:37:46,252,[Eval] episode:39,avg_a_R:0.10,avg_d_R:-1.23,avg_t:5.15,avg_h:0.55,acc_A_R:4.00,acc_D_R:-49.30,replay_s:-1,lr:0.00E+00,c_h:0.55
2023-04-13 18:37:46,252,Eval episode: 40, Game ended after 1 steps
2023-04-13 18:37:46,252,[Eval] episode:40,avg_a_R:0.07,avg_d_R:-1.19,avg_t:5.05,avg_h:0.54,acc_A_R:3.00,acc_D_R:-48.60,replay_s:-1,lr:0.00E+00,c_h:0.54
2023-04-13 18:37:46,255,Eval episode: 41, Game ended after 6 steps
2023-04-13 18:37:46,255,[Eval] episode:41,avg_a_R:0.10,avg_d_R:-1.21,avg_t:5.07,avg_h:0.55,acc_A_R:4.00,acc_D_R:-50.80,replay_s:-1,lr:0.00E+00,c_h:0.55
2023-04-13 18:37:46,257,Eval episode: 42, Game ended after 6 steps
2023-04-13 18:37:46,257,[Eval] episode:42,avg_a_R:0.12,avg_d_R:-1.23,avg_t:5.09,avg_h:0.56,acc_A_R:5.00,acc_D_R:-53.00,replay_s:-1,lr:0.00E+00,c_h:0.56
2023-04-13 18:37:46,259,Eval episode: 43, Game ended after 4 steps
2023-04-13 18:37:46,259,[Eval] episode:43,avg_a_R:0.09,avg_d_R:-1.21,avg_t:5.07,avg_h:0.55,acc_A_R:4.00,acc_D_R:-53.20,replay_s:-1,lr:0.00E+00,c_h:0.55
2023-04-13 18:37:46,262,Eval episode: 44, Game ended after 9 steps
2023-04-13 18:37:46,262,[Eval] episode:44,avg_a_R:0.11,avg_d_R:-1.24,avg_t:5.16,avg_h:0.56,acc_A_R:5.00,acc_D_R:-56.00,replay_s:-1,lr:0.00E+00,c_h:0.56
2023-04-13 18:37:46,264,Eval episode: 45, Game ended after 6 steps
2023-04-13 18:37:46,265,[Eval] episode:45,avg_a_R:0.13,avg_d_R:-1.27,avg_t:5.17,avg_h:0.57,acc_A_R:6.00,acc_D_R:-58.20,replay_s:-1,lr:0.00E+00,c_h:0.57
2023-04-13 18:37:46,267,Eval episode: 46, Game ended after 7 steps
2023-04-13 18:37:46,267,[Eval] episode:46,avg_a_R:0.11,avg_d_R:-1.26,avg_t:5.21,avg_h:0.55,acc_A_R:5.00,acc_D_R:-59.00,replay_s:-1,lr:0.00E+00,c_h:0.55
2023-04-13 18:37:46,268,Eval episode: 47, Game ended after 2 steps
2023-04-13 18:37:46,268,[Eval] episode:47,avg_a_R:0.08,avg_d_R:-1.22,avg_t:5.15,avg_h:0.54,acc_A_R:4.00,acc_D_R:-58.60,replay_s:-1,lr:0.00E+00,c_h:0.54
2023-04-13 18:37:46,269,Eval episode: 48, Game ended after 2 steps
2023-04-13 18:37:46,269,[Eval] episode:48,avg_a_R:0.06,avg_d_R:-1.19,avg_t:5.08,avg_h:0.53,acc_A_R:3.00,acc_D_R:-58.20,replay_s:-1,lr:0.00E+00,c_h:0.53
2023-04-13 18:37:46,271,Eval episode: 49, Game ended after 7 steps
2023-04-13 18:37:46,272,[Eval] episode:49,avg_a_R:0.08,avg_d_R:-1.21,avg_t:5.12,avg_h:0.54,acc_A_R:4.00,acc_D_R:-60.70,replay_s:-1,lr:0.00E+00,c_h:0.54
2023-04-13 18:37:46,274,Eval episode: 50, Game ended after 7 steps
2023-04-13 18:37:46,274,[Eval] episode:50,avg_a_R:0.06,avg_d_R:-1.21,avg_t:5.16,avg_h:0.53,acc_A_R:3.00,acc_D_R:-61.50,replay_s:-1,lr:0.00E+00,c_h:0.53
2023-04-13 18:37:46,275,Eval episode: 51, Game ended after 1 steps
2023-04-13 18:37:46,275,[Eval] episode:51,avg_a_R:0.04,avg_d_R:-1.17,avg_t:5.08,avg_h:0.52,acc_A_R:2.00,acc_D_R:-60.80,replay_s:-1,lr:0.00E+00,c_h:0.52
2023-04-13 18:37:46,277,Eval episode: 52, Game ended after 6 steps
2023-04-13 18:37:46,277,[Eval] episode:52,avg_a_R:0.06,avg_d_R:-1.19,avg_t:5.09,avg_h:0.53,acc_A_R:3.00,acc_D_R:-63.00,replay_s:-1,lr:0.00E+00,c_h:0.53
2023-04-13 18:37:46,279,Eval episode: 53, Game ended after 6 steps
2023-04-13 18:37:46,279,[Eval] episode:53,avg_a_R:0.07,avg_d_R:-1.21,avg_t:5.11,avg_h:0.54,acc_A_R:4.00,acc_D_R:-65.20,replay_s:-1,lr:0.00E+00,c_h:0.54
2023-04-13 18:37:46,282,Eval episode: 54, Game ended after 7 steps
2023-04-13 18:37:46,282,[Eval] episode:54,avg_a_R:0.09,avg_d_R:-1.23,avg_t:5.15,avg_h:0.55,acc_A_R:5.00,acc_D_R:-67.70,replay_s:-1,lr:0.00E+00,c_h:0.55
2023-04-13 18:37:46,284,Eval episode: 55, Game ended after 6 steps
2023-04-13 18:37:46,284,[Eval] episode:55,avg_a_R:0.11,avg_d_R:-1.25,avg_t:5.16,avg_h:0.55,acc_A_R:6.00,acc_D_R:-69.90,replay_s:-1,lr:0.00E+00,c_h:0.55
2023-04-13 18:37:46,285,Eval episode: 56, Game ended after 4 steps
2023-04-13 18:37:46,285,[Eval] episode:56,avg_a_R:0.09,avg_d_R:-1.22,avg_t:5.14,avg_h:0.54,acc_A_R:5.00,acc_D_R:-69.80,replay_s:-1,lr:0.00E+00,c_h:0.54
2023-04-13 18:37:46,287,Eval episode: 57, Game ended after 5 steps
2023-04-13 18:37:46,287,[Eval] episode:57,avg_a_R:0.07,avg_d_R:-1.21,avg_t:5.14,avg_h:0.53,acc_A_R:4.00,acc_D_R:-70.00,replay_s:-1,lr:0.00E+00,c_h:0.53
2023-04-13 18:37:46,290,Eval episode: 58, Game ended after 7 steps
2023-04-13 18:37:46,290,[Eval] episode:58,avg_a_R:0.08,avg_d_R:-1.23,avg_t:5.17,avg_h:0.54,acc_A_R:5.00,acc_D_R:-72.50,replay_s:-1,lr:0.00E+00,c_h:0.54
2023-04-13 18:37:46,292,Eval episode: 59, Game ended after 6 steps
2023-04-13 18:37:46,292,[Eval] episode:59,avg_a_R:0.10,avg_d_R:-1.25,avg_t:5.18,avg_h:0.55,acc_A_R:6.00,acc_D_R:-74.70,replay_s:-1,lr:0.00E+00,c_h:0.55
2023-04-13 18:37:46,294,Eval episode: 60, Game ended after 6 steps
2023-04-13 18:37:46,294,[Eval] episode:60,avg_a_R:0.11,avg_d_R:-1.26,avg_t:5.20,avg_h:0.56,acc_A_R:7.00,acc_D_R:-76.90,replay_s:-1,lr:0.00E+00,c_h:0.56
2023-04-13 18:37:46,297,Eval episode: 61, Game ended after 7 steps
2023-04-13 18:37:46,297,[Eval] episode:61,avg_a_R:0.13,avg_d_R:-1.28,avg_t:5.23,avg_h:0.56,acc_A_R:8.00,acc_D_R:-79.40,replay_s:-1,lr:0.00E+00,c_h:0.56
2023-04-13 18:37:46,298,Eval episode: 62, Game ended after 2 steps
2023-04-13 18:37:46,298,[Eval] episode:62,avg_a_R:0.11,avg_d_R:-1.25,avg_t:5.17,avg_h:0.56,acc_A_R:7.00,acc_D_R:-79.00,replay_s:-1,lr:0.00E+00,c_h:0.56
2023-04-13 18:37:46,300,Eval episode: 63, Game ended after 5 steps
2023-04-13 18:37:46,300,[Eval] episode:63,avg_a_R:0.09,avg_d_R:-1.24,avg_t:5.17,avg_h:0.55,acc_A_R:6.00,acc_D_R:-79.20,replay_s:-1,lr:0.00E+00,c_h:0.55
2023-04-13 18:37:46,300,Eval episode: 64, Game ended after 2 steps
2023-04-13 18:37:46,301,[Eval] episode:64,avg_a_R:0.08,avg_d_R:-1.21,avg_t:5.12,avg_h:0.54,acc_A_R:5.00,acc_D_R:-78.80,replay_s:-1,lr:0.00E+00,c_h:0.54
2023-04-13 18:37:46,303,Eval episode: 65, Game ended after 6 steps
2023-04-13 18:37:46,303,[Eval] episode:65,avg_a_R:0.09,avg_d_R:-1.23,avg_t:5.14,avg_h:0.55,acc_A_R:6.00,acc_D_R:-81.00,replay_s:-1,lr:0.00E+00,c_h:0.55
2023-04-13 18:37:46,305,Eval episode: 66, Game ended after 6 steps
2023-04-13 18:37:46,305,[Eval] episode:66,avg_a_R:0.10,avg_d_R:-1.24,avg_t:5.15,avg_h:0.55,acc_A_R:7.00,acc_D_R:-83.20,replay_s:-1,lr:0.00E+00,c_h:0.55
2023-04-13 18:37:46,305,Eval episode: 67, Game ended after 1 steps
2023-04-13 18:37:46,306,[Eval] episode:67,avg_a_R:0.09,avg_d_R:-1.21,avg_t:5.09,avg_h:0.54,acc_A_R:6.00,acc_D_R:-82.50,replay_s:-1,lr:0.00E+00,c_h:0.54
2023-04-13 18:37:46,308,Eval episode: 68, Game ended after 7 steps
2023-04-13 18:37:46,308,[Eval] episode:68,avg_a_R:0.10,avg_d_R:-1.23,avg_t:5.12,avg_h:0.55,acc_A_R:7.00,acc_D_R:-85.00,replay_s:-1,lr:0.00E+00,c_h:0.55
2023-04-13 18:37:46,309,Eval episode: 69, Game ended after 1 steps
2023-04-13 18:37:46,309,[Eval] episode:69,avg_a_R:0.09,avg_d_R:-1.20,avg_t:5.06,avg_h:0.54,acc_A_R:6.00,acc_D_R:-84.30,replay_s:-1,lr:0.00E+00,c_h:0.54
2023-04-13 18:37:46,310,Eval episode: 70, Game ended after 4 steps
2023-04-13 18:37:46,310,[Eval] episode:70,avg_a_R:0.07,avg_d_R:-1.19,avg_t:5.04,avg_h:0.54,acc_A_R:5.00,acc_D_R:-84.20,replay_s:-1,lr:0.00E+00,c_h:0.54
2023-04-13 18:37:46,311,Eval episode: 71, Game ended after 1 steps
2023-04-13 18:37:46,311,[Eval] episode:71,avg_a_R:0.06,avg_d_R:-1.16,avg_t:4.99,avg_h:0.53,acc_A_R:4.00,acc_D_R:-83.50,replay_s:-1,lr:0.00E+00,c_h:0.53
2023-04-13 18:37:46,311,Eval episode: 72, Game ended after 1 steps
2023-04-13 18:37:46,311,[Eval] episode:72,avg_a_R:0.04,avg_d_R:-1.13,avg_t:4.93,avg_h:0.52,acc_A_R:3.00,acc_D_R:-82.80,replay_s:-1,lr:0.00E+00,c_h:0.52
2023-04-13 18:37:46,314,Eval episode: 73, Game ended after 7 steps
2023-04-13 18:37:46,314,[Eval] episode:73,avg_a_R:0.05,avg_d_R:-1.15,avg_t:4.96,avg_h:0.53,acc_A_R:4.00,acc_D_R:-85.30,replay_s:-1,lr:0.00E+00,c_h:0.53
2023-04-13 18:37:46,317,Eval episode: 74, Game ended after 8 steps
2023-04-13 18:37:46,317,[Eval] episode:74,avg_a_R:0.07,avg_d_R:-1.17,avg_t:5.00,avg_h:0.53,acc_A_R:5.00,acc_D_R:-88.10,replay_s:-1,lr:0.00E+00,c_h:0.53
2023-04-13 18:37:46,318,Eval episode: 75, Game ended after 1 steps
2023-04-13 18:37:46,318,[Eval] episode:75,avg_a_R:0.05,avg_d_R:-1.15,avg_t:4.95,avg_h:0.53,acc_A_R:4.00,acc_D_R:-87.40,replay_s:-1,lr:0.00E+00,c_h:0.53
2023-04-13 18:37:46,319,Eval episode: 76, Game ended after 4 steps
2023-04-13 18:37:46,319,[Eval] episode:76,avg_a_R:0.04,avg_d_R:-1.13,avg_t:4.94,avg_h:0.52,acc_A_R:3.00,acc_D_R:-87.30,replay_s:-1,lr:0.00E+00,c_h:0.52
2023-04-13 18:37:46,320,Eval episode: 77, Game ended after 1 steps
2023-04-13 18:37:46,320,[Eval] episode:77,avg_a_R:0.03,avg_d_R:-1.11,avg_t:4.88,avg_h:0.51,acc_A_R:2.00,acc_D_R:-86.60,replay_s:-1,lr:0.00E+00,c_h:0.51
2023-04-13 18:37:46,322,Eval episode: 78, Game ended after 6 steps
2023-04-13 18:37:46,322,[Eval] episode:78,avg_a_R:0.04,avg_d_R:-1.12,avg_t:4.90,avg_h:0.52,acc_A_R:3.00,acc_D_R:-88.80,replay_s:-1,lr:0.00E+00,c_h:0.52
2023-04-13 18:37:46,324,Eval episode: 79, Game ended after 6 steps
2023-04-13 18:37:46,325,[Eval] episode:79,avg_a_R:0.05,avg_d_R:-1.14,avg_t:4.91,avg_h:0.53,acc_A_R:4.00,acc_D_R:-91.00,replay_s:-1,lr:0.00E+00,c_h:0.53
2023-04-13 18:37:46,327,Eval episode: 80, Game ended after 6 steps
2023-04-13 18:37:46,327,[Eval] episode:80,avg_a_R:0.06,avg_d_R:-1.15,avg_t:4.93,avg_h:0.53,acc_A_R:5.00,acc_D_R:-93.20,replay_s:-1,lr:0.00E+00,c_h:0.53
2023-04-13 18:37:46,329,Eval episode: 81, Game ended after 6 steps
2023-04-13 18:37:46,329,[Eval] episode:81,avg_a_R:0.07,avg_d_R:-1.16,avg_t:4.94,avg_h:0.54,acc_A_R:6.00,acc_D_R:-95.40,replay_s:-1,lr:0.00E+00,c_h:0.54
2023-04-13 18:37:46,332,Eval episode: 82, Game ended after 7 steps
2023-04-13 18:37:46,332,[Eval] episode:82,avg_a_R:0.08,avg_d_R:-1.18,avg_t:4.96,avg_h:0.54,acc_A_R:7.00,acc_D_R:-97.90,replay_s:-1,lr:0.00E+00,c_h:0.54
2023-04-13 18:37:46,334,Eval episode: 83, Game ended after 6 steps
2023-04-13 18:37:46,334,[Eval] episode:83,avg_a_R:0.10,avg_d_R:-1.19,avg_t:4.98,avg_h:0.55,acc_A_R:8.00,acc_D_R:-100.10,replay_s:-1,lr:0.00E+00,c_h:0.55
2023-04-13 18:37:46,337,Eval episode: 84, Game ended after 8 steps
2023-04-13 18:37:46,338,[Eval] episode:84,avg_a_R:0.11,avg_d_R:-1.21,avg_t:5.01,avg_h:0.55,acc_A_R:9.00,acc_D_R:-102.90,replay_s:-1,lr:0.00E+00,c_h:0.55
2023-04-13 18:37:46,340,Eval episode: 85, Game ended after 7 steps
2023-04-13 18:37:46,340,[Eval] episode:85,avg_a_R:0.12,avg_d_R:-1.23,avg_t:5.03,avg_h:0.56,acc_A_R:10.00,acc_D_R:-105.40,replay_s:-1,lr:0.00E+00,c_h:0.56
2023-04-13 18:37:46,341,Eval episode: 86, Game ended after 1 steps
2023-04-13 18:37:46,341,[Eval] episode:86,avg_a_R:0.10,avg_d_R:-1.20,avg_t:4.99,avg_h:0.55,acc_A_R:9.00,acc_D_R:-104.70,replay_s:-1,lr:0.00E+00,c_h:0.55
2023-04-13 18:37:46,343,Eval episode: 87, Game ended after 7 steps
2023-04-13 18:37:46,343,[Eval] episode:87,avg_a_R:0.11,avg_d_R:-1.22,avg_t:5.01,avg_h:0.56,acc_A_R:10.00,acc_D_R:-107.20,replay_s:-1,lr:0.00E+00,c_h:0.56
2023-04-13 18:37:46,345,Eval episode: 88, Game ended after 4 steps
2023-04-13 18:37:46,345,[Eval] episode:88,avg_a_R:0.10,avg_d_R:-1.20,avg_t:5.00,avg_h:0.55,acc_A_R:9.00,acc_D_R:-107.10,replay_s:-1,lr:0.00E+00,c_h:0.55
2023-04-13 18:37:46,347,Eval episode: 89, Game ended after 6 steps
2023-04-13 18:37:46,347,[Eval] episode:89,avg_a_R:0.11,avg_d_R:-1.21,avg_t:5.01,avg_h:0.56,acc_A_R:10.00,acc_D_R:-109.30,replay_s:-1,lr:0.00E+00,c_h:0.56
2023-04-13 18:37:46,350,Eval episode: 90, Game ended after 6 steps
2023-04-13 18:37:46,350,[Eval] episode:90,avg_a_R:0.12,avg_d_R:-1.23,avg_t:5.02,avg_h:0.56,acc_A_R:11.00,acc_D_R:-111.50,replay_s:-1,lr:0.00E+00,c_h:0.56
2023-04-13 18:37:46,352,Eval episode: 91, Game ended after 6 steps
2023-04-13 18:37:46,352,[Eval] episode:91,avg_a_R:0.13,avg_d_R:-1.24,avg_t:5.03,avg_h:0.57,acc_A_R:12.00,acc_D_R:-113.70,replay_s:-1,lr:0.00E+00,c_h:0.57
2023-04-13 18:37:46,354,Eval episode: 92, Game ended after 6 steps
2023-04-13 18:37:46,354,[Eval] episode:92,avg_a_R:0.14,avg_d_R:-1.25,avg_t:5.04,avg_h:0.57,acc_A_R:13.00,acc_D_R:-115.90,replay_s:-1,lr:0.00E+00,c_h:0.57
2023-04-13 18:37:46,355,Eval episode: 93, Game ended after 3 steps
2023-04-13 18:37:46,355,[Eval] episode:93,avg_a_R:0.13,avg_d_R:-1.23,avg_t:5.02,avg_h:0.56,acc_A_R:12.00,acc_D_R:-115.80,replay_s:-1,lr:0.00E+00,c_h:0.56
2023-04-13 18:37:46,357,Eval episode: 94, Game ended after 4 steps
2023-04-13 18:37:46,357,[Eval] episode:94,avg_a_R:0.12,avg_d_R:-1.22,avg_t:5.01,avg_h:0.56,acc_A_R:11.00,acc_D_R:-115.70,replay_s:-1,lr:0.00E+00,c_h:0.56
2023-04-13 18:37:46,358,Eval episode: 95, Game ended after 2 steps
2023-04-13 18:37:46,358,[Eval] episode:95,avg_a_R:0.10,avg_d_R:-1.20,avg_t:4.98,avg_h:0.55,acc_A_R:10.00,acc_D_R:-115.30,replay_s:-1,lr:0.00E+00,c_h:0.55
2023-04-13 18:37:46,360,Eval episode: 96, Game ended after 6 steps
2023-04-13 18:37:46,360,[Eval] episode:96,avg_a_R:0.11,avg_d_R:-1.21,avg_t:4.99,avg_h:0.56,acc_A_R:11.00,acc_D_R:-117.50,replay_s:-1,lr:0.00E+00,c_h:0.56
2023-04-13 18:37:46,361,Eval episode: 97, Game ended after 4 steps
2023-04-13 18:37:46,362,[Eval] episode:97,avg_a_R:0.10,avg_d_R:-1.20,avg_t:4.98,avg_h:0.55,acc_A_R:10.00,acc_D_R:-117.40,replay_s:-1,lr:0.00E+00,c_h:0.55
2023-04-13 18:37:46,364,Eval episode: 98, Game ended after 6 steps
2023-04-13 18:37:46,364,[Eval] episode:98,avg_a_R:0.11,avg_d_R:-1.21,avg_t:4.99,avg_h:0.56,acc_A_R:11.00,acc_D_R:-119.60,replay_s:-1,lr:0.00E+00,c_h:0.56
2023-04-13 18:37:46,366,Eval episode: 99, Game ended after 6 steps
2023-04-13 18:37:46,366,[Eval] episode:99,avg_a_R:0.12,avg_d_R:-1.22,avg_t:5.00,avg_h:0.56,acc_A_R:12.00,acc_D_R:-121.80,replay_s:-1,lr:0.00E+00,c_h:0.56
2023-04-13 18:37:46,366,[Eval] episode:0,avg_a_R:0.12,avg_d_R:-1.22,avg_t:5.00,avg_h:0.56,acc_A_R:12.00,acc_D_R:-121.80,replay_s:-1,lr:0.00E+00,c_h:0.56
2023-04-13 18:37:46,366,Evaluation Complete
2023-04-13 18:37:46,366,Saving Q-table to: /Users/evink/Desktop/kcc/tabular_q_learning_availability/results/data/0//1681378666.3666408_defender_q_table.npy
2023-04-13 18:37:46,553,[Train] episode: 100.00 epsilon:0.50,avg_a_R:0.16,avg_d_R:-1.33,avg_t:5.26,avg_h:0.58,acc_A_R:17.00,acc_D_R:-133.40,A_loss:0.000000,D_loss:0.000000,replay_s:-1,lr:5.00E-04,c_h:0.58
2023-04-13 18:37:46,748,[Train] episode: 200.00 epsilon:0.49,avg_a_R:0.04,avg_d_R:-1.30,avg_t:5.51,avg_h:0.52,acc_A_R:21.00,acc_D_R:-262.80,A_loss:0.000000,D_loss:0.000000,replay_s:-1,lr:5.00E-04,c_h:0.55
2023-04-13 18:37:46,937,[Train] episode: 300.00 epsilon:0.49,avg_a_R:0.20,avg_d_R:-1.35,avg_t:5.20,avg_h:0.60,acc_A_R:41.00,acc_D_R:-398.30,A_loss:0.000000,D_loss:0.000000,replay_s:-1,lr:5.00E-04,c_h:0.57
2023-04-13 18:37:47,129,[Train] episode: 400.00 epsilon:0.48,avg_a_R:0.14,avg_d_R:-1.35,avg_t:5.39,avg_h:0.57,acc_A_R:53.00,acc_D_R:-530.00,A_loss:0.000000,D_loss:0.000000,replay_s:-1,lr:5.00E-04,c_h:0.57
2023-04-13 18:37:47,316,[Train] episode: 500.00 epsilon:0.48,avg_a_R:0.10,avg_d_R:-1.29,avg_t:5.29,avg_h:0.55,acc_A_R:65.00,acc_D_R:-662.60,A_loss:0.000000,D_loss:0.000000,replay_s:-1,lr:5.00E-04,c_h:0.56
2023-04-13 18:37:47,506,[Train] episode: 600.00 epsilon:0.47,avg_a_R:0.04,avg_d_R:-1.27,avg_t:5.38,avg_h:0.52,acc_A_R:67.00,acc_D_R:-786.10,A_loss:0.000000,D_loss:0.000000,replay_s:-1,lr:5.00E-04,c_h:0.56
2023-04-13 18:37:47,680,[Train] episode: 700.00 epsilon:0.47,avg_a_R:-0.12,avg_d_R:-1.01,avg_t:4.96,avg_h:0.44,acc_A_R:55.00,acc_D_R:-887.80,A_loss:0.000000,D_loss:0.000000,replay_s:-1,lr:5.00E-04,c_h:0.54
2023-04-13 18:37:47,868,[Train] episode: 800.00 epsilon:0.46,avg_a_R:0.10,avg_d_R:-1.30,avg_t:5.32,avg_h:0.55,acc_A_R:65.00,acc_D_R:-1017.50,A_loss:0.000000,D_loss:0.000000,replay_s:-1,lr:5.00E-04,c_h:0.54
2023-04-13 18:37:48,062,[Train] episode: 900.00 epsilon:0.46,avg_a_R:0.26,avg_d_R:-1.48,avg_t:5.52,avg_h:0.63,acc_A_R:93.00,acc_D_R:-1167.90,A_loss:0.000000,D_loss:0.000000,replay_s:-1,lr:5.00E-04,c_h:0.55
2023-04-13 18:37:48,252,[Train] episode: 1000.00 epsilon:0.45,avg_a_R:0.18,avg_d_R:-1.40,avg_t:5.41,avg_h:0.59,acc_A_R:109.00,acc_D_R:-1305.70,A_loss:0.000000,D_loss:0.000000,replay_s:-1,lr:5.00E-04,c_h:0.56
2023-04-13 18:37:48,252,Starting Evaluation
2023-04-13 18:37:48,252,starting eval with non-empty result object
2023-04-13 18:37:48,257,Eval episode: 0, Game ended after 14 steps
2023-04-13 18:37:48,257,[Eval] episode:0,avg_a_R:-1.00,avg_d_R:-0.80,avg_t:14.00,avg_h:0.00,acc_A_R:11.00,acc_D_R:-122.60,replay_s:-1,lr:0.00E+00,c_h:0.55
2023-04-13 18:37:48,265,Eval episode: 1, Game ended after 22 steps
2023-04-13 18:37:48,265,[Eval] episode:1,avg_a_R:-1.00,avg_d_R:-0.80,avg_t:18.00,avg_h:0.00,acc_A_R:10.00,acc_D_R:-123.40,replay_s:-1,lr:0.00E+00,c_h:0.55
2023-04-13 18:37:48,267,Eval episode: 2, Game ended after 6 steps
2023-04-13 18:37:48,267,[Eval] episode:2,avg_a_R:-1.00,avg_d_R:-0.70,avg_t:14.00,avg_h:0.00,acc_A_R:9.00,acc_D_R:-123.90,replay_s:-1,lr:0.00E+00,c_h:0.54
2023-04-13 18:37:48,274,Eval episode: 3, Game ended after 20 steps
2023-04-13 18:37:48,274,[Eval] episode:3,avg_a_R:-0.50,avg_d_R:-1.23,avg_t:15.50,avg_h:0.25,acc_A_R:10.00,acc_D_R:-126.70,replay_s:-1,lr:0.00E+00,c_h:0.55
2023-04-13 18:37:48,281,Eval episode: 4, Game ended after 20 steps
2023-04-13 18:37:48,281,[Eval] episode:4,avg_a_R:-0.60,avg_d_R:-1.14,avg_t:16.40,avg_h:0.20,acc_A_R:9.00,acc_D_R:-127.50,replay_s:-1,lr:0.00E+00,c_h:0.54
2023-04-13 18:37:48,282,Eval episode: 5, Game ended after 2 steps
2023-04-13 18:37:48,282,[Eval] episode:5,avg_a_R:-0.67,avg_d_R:-0.88,avg_t:14.00,avg_h:0.17,acc_A_R:8.00,acc_D_R:-127.10,replay_s:-1,lr:0.00E+00,c_h:0.54
2023-04-13 18:37:48,288,Eval episode: 6, Game ended after 18 steps
2023-04-13 18:37:48,288,[Eval] episode:6,avg_a_R:-0.43,avg_d_R:-1.16,avg_t:14.57,avg_h:0.29,acc_A_R:9.00,acc_D_R:-129.90,replay_s:-1,lr:0.00E+00,c_h:0.54
2023-04-13 18:37:48,288,Eval episode: 7, Game ended after 1 steps
2023-04-13 18:37:48,289,[Eval] episode:7,avg_a_R:-0.50,avg_d_R:-0.93,avg_t:12.88,avg_h:0.25,acc_A_R:8.00,acc_D_R:-129.20,replay_s:-1,lr:0.00E+00,c_h:0.54
2023-04-13 18:37:48,291,Eval episode: 8, Game ended after 8 steps
2023-04-13 18:37:48,291,[Eval] episode:8,avg_a_R:-0.56,avg_d_R:-0.91,avg_t:12.33,avg_h:0.22,acc_A_R:7.00,acc_D_R:-130.00,replay_s:-1,lr:0.00E+00,c_h:0.53
2023-04-13 18:37:48,292,Eval episode: 9, Game ended after 1 steps
2023-04-13 18:37:48,292,[Eval] episode:9,avg_a_R:-0.60,avg_d_R:-0.75,avg_t:11.20,avg_h:0.20,acc_A_R:6.00,acc_D_R:-129.30,replay_s:-1,lr:0.00E+00,c_h:0.53
2023-04-13 18:37:48,296,Eval episode: 10, Game ended after 11 steps
2023-04-13 18:37:48,296,[Eval] episode:10,avg_a_R:-0.64,avg_d_R:-0.75,avg_t:11.18,avg_h:0.18,acc_A_R:5.00,acc_D_R:-130.10,replay_s:-1,lr:0.00E+00,c_h:0.52
2023-04-13 18:37:48,302,Eval episode: 11, Game ended after 18 steps
2023-04-13 18:37:48,302,[Eval] episode:11,avg_a_R:-0.67,avg_d_R:-0.76,avg_t:11.75,avg_h:0.17,acc_A_R:4.00,acc_D_R:-130.90,replay_s:-1,lr:0.00E+00,c_h:0.52
2023-04-13 18:37:48,304,Eval episode: 12, Game ended after 6 steps
2023-04-13 18:37:48,304,[Eval] episode:12,avg_a_R:-0.69,avg_d_R:-0.74,avg_t:11.31,avg_h:0.15,acc_A_R:3.00,acc_D_R:-131.40,replay_s:-1,lr:0.00E+00,c_h:0.51
2023-04-13 18:37:48,309,Eval episode: 13, Game ended after 15 steps
2023-04-13 18:37:48,309,[Eval] episode:13,avg_a_R:-0.71,avg_d_R:-0.74,avg_t:11.57,avg_h:0.14,acc_A_R:2.00,acc_D_R:-132.20,replay_s:-1,lr:0.00E+00,c_h:0.51
2023-04-13 18:37:48,310,Eval episode: 14, Game ended after 2 steps
2023-04-13 18:37:48,310,[Eval] episode:14,avg_a_R:-0.73,avg_d_R:-0.67,avg_t:10.93,avg_h:0.13,acc_A_R:1.00,acc_D_R:-131.80,replay_s:-1,lr:0.00E+00,c_h:0.50
2023-04-13 18:37:48,315,Eval episode: 15, Game ended after 14 steps
2023-04-13 18:37:48,315,[Eval] episode:15,avg_a_R:-0.75,avg_d_R:-0.68,avg_t:11.12,avg_h:0.12,acc_A_R:0.00,acc_D_R:-132.60,replay_s:-1,lr:0.00E+00,c_h:0.50
2023-04-13 18:37:48,317,Eval episode: 16, Game ended after 6 steps
2023-04-13 18:37:48,317,[Eval] episode:16,avg_a_R:-0.76,avg_d_R:-0.66,avg_t:10.82,avg_h:0.12,acc_A_R:-1.00,acc_D_R:-133.10,replay_s:-1,lr:0.00E+00,c_h:0.50
2023-04-13 18:37:48,320,Eval episode: 17, Game ended after 6 steps
2023-04-13 18:37:48,320,[Eval] episode:17,avg_a_R:-0.78,avg_d_R:-0.66,avg_t:10.56,avg_h:0.11,acc_A_R:-2.00,acc_D_R:-133.60,replay_s:-1,lr:0.00E+00,c_h:0.49
2023-04-13 18:37:48,320,Eval episode: 18, Game ended after 2 steps
2023-04-13 18:37:48,321,[Eval] episode:18,avg_a_R:-0.79,avg_d_R:-0.60,avg_t:10.11,avg_h:0.11,acc_A_R:-3.00,acc_D_R:-133.20,replay_s:-1,lr:0.00E+00,c_h:0.49
2023-04-13 18:37:48,321,Eval episode: 19, Game ended after 1 steps
2023-04-13 18:37:48,321,[Eval] episode:19,avg_a_R:-0.80,avg_d_R:-0.54,avg_t:9.65,avg_h:0.10,acc_A_R:-4.00,acc_D_R:-132.50,replay_s:-1,lr:0.00E+00,c_h:0.48
2023-04-13 18:37:48,324,Eval episode: 20, Game ended after 9 steps
2023-04-13 18:37:48,324,[Eval] episode:20,avg_a_R:-0.81,avg_d_R:-0.55,avg_t:9.62,avg_h:0.10,acc_A_R:-5.00,acc_D_R:-133.30,replay_s:-1,lr:0.00E+00,c_h:0.48
2023-04-13 18:37:48,330,Eval episode: 21, Game ended after 18 steps
2023-04-13 18:37:48,330,[Eval] episode:21,avg_a_R:-0.73,avg_d_R:-0.65,avg_t:10.00,avg_h:0.14,acc_A_R:-4.00,acc_D_R:-136.10,replay_s:-1,lr:0.00E+00,c_h:0.48
2023-04-13 18:37:48,336,Eval episode: 22, Game ended after 17 steps
2023-04-13 18:37:48,336,[Eval] episode:22,avg_a_R:-0.74,avg_d_R:-0.66,avg_t:10.30,avg_h:0.13,acc_A_R:-5.00,acc_D_R:-136.90,replay_s:-1,lr:0.00E+00,c_h:0.48
2023-04-13 18:37:48,337,Eval episode: 23, Game ended after 2 steps
2023-04-13 18:37:48,337,[Eval] episode:23,avg_a_R:-0.75,avg_d_R:-0.61,avg_t:9.96,avg_h:0.12,acc_A_R:-6.00,acc_D_R:-136.50,replay_s:-1,lr:0.00E+00,c_h:0.48
2023-04-13 18:37:48,338,Eval episode: 24, Game ended after 2 steps
2023-04-13 18:37:48,338,[Eval] episode:24,avg_a_R:-0.76,avg_d_R:-0.57,avg_t:9.64,avg_h:0.12,acc_A_R:-7.00,acc_D_R:-136.10,replay_s:-1,lr:0.00E+00,c_h:0.47
2023-04-13 18:37:48,339,Eval episode: 25, Game ended after 2 steps
2023-04-13 18:37:48,339,[Eval] episode:25,avg_a_R:-0.77,avg_d_R:-0.53,avg_t:9.35,avg_h:0.12,acc_A_R:-8.00,acc_D_R:-135.70,replay_s:-1,lr:0.00E+00,c_h:0.47
2023-04-13 18:37:48,340,Eval episode: 26, Game ended after 2 steps
2023-04-13 18:37:48,340,[Eval] episode:26,avg_a_R:-0.78,avg_d_R:-0.50,avg_t:9.07,avg_h:0.11,acc_A_R:-9.00,acc_D_R:-135.30,replay_s:-1,lr:0.00E+00,c_h:0.46
2023-04-13 18:37:48,343,Eval episode: 27, Game ended after 8 steps
2023-04-13 18:37:48,343,[Eval] episode:27,avg_a_R:-0.79,avg_d_R:-0.51,avg_t:9.04,avg_h:0.11,acc_A_R:-10.00,acc_D_R:-136.10,replay_s:-1,lr:0.00E+00,c_h:0.46
2023-04-13 18:37:48,344,Eval episode: 28, Game ended after 2 steps
2023-04-13 18:37:48,344,[Eval] episode:28,avg_a_R:-0.79,avg_d_R:-0.48,avg_t:8.79,avg_h:0.10,acc_A_R:-11.00,acc_D_R:-135.70,replay_s:-1,lr:0.00E+00,c_h:0.46
2023-04-13 18:37:48,345,Eval episode: 29, Game ended after 5 steps
2023-04-13 18:37:48,346,[Eval] episode:29,avg_a_R:-0.80,avg_d_R:-0.47,avg_t:8.67,avg_h:0.10,acc_A_R:-12.00,acc_D_R:-135.90,replay_s:-1,lr:0.00E+00,c_h:0.45
2023-04-13 18:37:48,347,Eval episode: 30, Game ended after 5 steps
2023-04-13 18:37:48,347,[Eval] episode:30,avg_a_R:-0.81,avg_d_R:-0.46,avg_t:8.55,avg_h:0.10,acc_A_R:-13.00,acc_D_R:-136.10,replay_s:-1,lr:0.00E+00,c_h:0.45
2023-04-13 18:37:48,350,Eval episode: 31, Game ended after 8 steps
2023-04-13 18:37:48,350,[Eval] episode:31,avg_a_R:-0.81,avg_d_R:-0.47,avg_t:8.53,avg_h:0.09,acc_A_R:-14.00,acc_D_R:-136.90,replay_s:-1,lr:0.00E+00,c_h:0.45
2023-04-13 18:37:48,352,Eval episode: 32, Game ended after 6 steps
2023-04-13 18:37:48,353,[Eval] episode:32,avg_a_R:-0.82,avg_d_R:-0.47,avg_t:8.45,avg_h:0.09,acc_A_R:-15.00,acc_D_R:-137.40,replay_s:-1,lr:0.00E+00,c_h:0.44
2023-04-13 18:37:48,359,Eval episode: 33, Game ended after 19 steps
2023-04-13 18:37:48,359,[Eval] episode:33,avg_a_R:-0.82,avg_d_R:-0.48,avg_t:8.76,avg_h:0.09,acc_A_R:-16.00,acc_D_R:-138.20,replay_s:-1,lr:0.00E+00,c_h:0.44
2023-04-13 18:37:48,360,Eval episode: 34, Game ended after 2 steps
2023-04-13 18:37:48,360,[Eval] episode:34,avg_a_R:-0.83,avg_d_R:-0.46,avg_t:8.57,avg_h:0.09,acc_A_R:-17.00,acc_D_R:-137.80,replay_s:-1,lr:0.00E+00,c_h:0.44
2023-04-13 18:37:48,360,Eval episode: 35, Game ended after 1 steps
2023-04-13 18:37:48,361,[Eval] episode:35,avg_a_R:-0.83,avg_d_R:-0.42,avg_t:8.36,avg_h:0.08,acc_A_R:-18.00,acc_D_R:-137.10,replay_s:-1,lr:0.00E+00,c_h:0.43
2023-04-13 18:37:48,368,Eval episode: 36, Game ended after 21 steps
2023-04-13 18:37:48,368,[Eval] episode:36,avg_a_R:-0.84,avg_d_R:-0.44,avg_t:8.70,avg_h:0.08,acc_A_R:-19.00,acc_D_R:-137.90,replay_s:-1,lr:0.00E+00,c_h:0.43
2023-04-13 18:37:48,375,Eval episode: 37, Game ended after 19 steps
2023-04-13 18:37:48,375,[Eval] episode:37,avg_a_R:-0.79,avg_d_R:-0.50,avg_t:8.97,avg_h:0.11,acc_A_R:-18.00,acc_D_R:-140.70,replay_s:-1,lr:0.00E+00,c_h:0.43
2023-04-13 18:37:48,376,Eval episode: 38, Game ended after 4 steps
2023-04-13 18:37:48,376,[Eval] episode:38,avg_a_R:-0.79,avg_d_R:-0.48,avg_t:8.85,avg_h:0.10,acc_A_R:-19.00,acc_D_R:-140.60,replay_s:-1,lr:0.00E+00,c_h:0.43
2023-04-13 18:37:48,379,Eval episode: 39, Game ended after 9 steps
2023-04-13 18:37:48,379,[Eval] episode:39,avg_a_R:-0.80,avg_d_R:-0.49,avg_t:8.85,avg_h:0.10,acc_A_R:-20.00,acc_D_R:-141.40,replay_s:-1,lr:0.00E+00,c_h:0.43
2023-04-13 18:37:48,380,Eval episode: 40, Game ended after 1 steps
2023-04-13 18:37:48,380,[Eval] episode:40,avg_a_R:-0.80,avg_d_R:-0.46,avg_t:8.66,avg_h:0.10,acc_A_R:-21.00,acc_D_R:-140.70,replay_s:-1,lr:0.00E+00,c_h:0.43
2023-04-13 18:37:48,388,Eval episode: 41, Game ended after 25 steps
2023-04-13 18:37:48,388,[Eval] episode:41,avg_a_R:-0.76,avg_d_R:-0.52,avg_t:9.05,avg_h:0.12,acc_A_R:-20.00,acc_D_R:-143.50,replay_s:-1,lr:0.00E+00,c_h:0.43
2023-04-13 18:37:48,394,Eval episode: 42, Game ended after 17 steps
2023-04-13 18:37:48,394,[Eval] episode:42,avg_a_R:-0.77,avg_d_R:-0.52,avg_t:9.23,avg_h:0.12,acc_A_R:-21.00,acc_D_R:-144.30,replay_s:-1,lr:0.00E+00,c_h:0.43
2023-04-13 18:37:48,400,Eval episode: 43, Game ended after 18 steps
2023-04-13 18:37:48,401,[Eval] episode:43,avg_a_R:-0.77,avg_d_R:-0.53,avg_t:9.43,avg_h:0.11,acc_A_R:-22.00,acc_D_R:-145.10,replay_s:-1,lr:0.00E+00,c_h:0.42
2023-04-13 18:37:48,402,Eval episode: 44, Game ended after 5 steps
2023-04-13 18:37:48,402,[Eval] episode:44,avg_a_R:-0.78,avg_d_R:-0.52,avg_t:9.33,avg_h:0.11,acc_A_R:-23.00,acc_D_R:-145.30,replay_s:-1,lr:0.00E+00,c_h:0.42
2023-04-13 18:37:48,410,Eval episode: 45, Game ended after 22 steps
2023-04-13 18:37:48,410,[Eval] episode:45,avg_a_R:-0.74,avg_d_R:-0.57,avg_t:9.61,avg_h:0.13,acc_A_R:-22.00,acc_D_R:-148.10,replay_s:-1,lr:0.00E+00,c_h:0.42
2023-04-13 18:37:48,411,Eval episode: 46, Game ended after 2 steps
2023-04-13 18:37:48,411,[Eval] episode:46,avg_a_R:-0.74,avg_d_R:-0.55,avg_t:9.45,avg_h:0.13,acc_A_R:-23.00,acc_D_R:-147.70,replay_s:-1,lr:0.00E+00,c_h:0.42
2023-04-13 18:37:48,420,Eval episode: 47, Game ended after 27 steps
2023-04-13 18:37:48,420,[Eval] episode:47,avg_a_R:-0.71,avg_d_R:-0.60,avg_t:9.81,avg_h:0.15,acc_A_R:-22.00,acc_D_R:-150.50,replay_s:-1,lr:0.00E+00,c_h:0.43
2023-04-13 18:37:48,428,Eval episode: 48, Game ended after 24 steps
2023-04-13 18:37:48,428,[Eval] episode:48,avg_a_R:-0.67,avg_d_R:-0.64,avg_t:10.10,avg_h:0.16,acc_A_R:-21.00,acc_D_R:-153.30,replay_s:-1,lr:0.00E+00,c_h:0.43
2023-04-13 18:37:48,435,Eval episode: 49, Game ended after 19 steps
2023-04-13 18:37:48,435,[Eval] episode:49,avg_a_R:-0.64,avg_d_R:-0.69,avg_t:10.28,avg_h:0.18,acc_A_R:-20.00,acc_D_R:-156.10,replay_s:-1,lr:0.00E+00,c_h:0.43
2023-04-13 18:37:48,442,Eval episode: 50, Game ended after 20 steps
2023-04-13 18:37:48,442,[Eval] episode:50,avg_a_R:-0.65,avg_d_R:-0.69,avg_t:10.47,avg_h:0.18,acc_A_R:-21.00,acc_D_R:-156.90,replay_s:-1,lr:0.00E+00,c_h:0.43
2023-04-13 18:37:48,445,Eval episode: 51, Game ended after 8 steps
2023-04-13 18:37:48,445,[Eval] episode:51,avg_a_R:-0.65,avg_d_R:-0.69,avg_t:10.42,avg_h:0.17,acc_A_R:-22.00,acc_D_R:-157.70,replay_s:-1,lr:0.00E+00,c_h:0.43
2023-04-13 18:37:48,451,Eval episode: 52, Game ended after 19 steps
2023-04-13 18:37:48,451,[Eval] episode:52,avg_a_R:-0.62,avg_d_R:-0.73,avg_t:10.58,avg_h:0.19,acc_A_R:-21.00,acc_D_R:-160.50,replay_s:-1,lr:0.00E+00,c_h:0.43
2023-04-13 18:37:48,452,Eval episode: 53, Game ended after 2 steps
2023-04-13 18:37:48,452,[Eval] episode:53,avg_a_R:-0.63,avg_d_R:-0.71,avg_t:10.43,avg_h:0.19,acc_A_R:-22.00,acc_D_R:-160.10,replay_s:-1,lr:0.00E+00,c_h:0.43
2023-04-13 18:37:48,456,Eval episode: 54, Game ended after 9 steps
2023-04-13 18:37:48,456,[Eval] episode:54,avg_a_R:-0.64,avg_d_R:-0.71,avg_t:10.40,avg_h:0.18,acc_A_R:-23.00,acc_D_R:-160.90,replay_s:-1,lr:0.00E+00,c_h:0.43
2023-04-13 18:37:48,458,Eval episode: 55, Game ended after 6 steps
2023-04-13 18:37:48,458,[Eval] episode:55,avg_a_R:-0.64,avg_d_R:-0.71,avg_t:10.32,avg_h:0.18,acc_A_R:-24.00,acc_D_R:-161.40,replay_s:-1,lr:0.00E+00,c_h:0.42
2023-04-13 18:37:48,462,Eval episode: 56, Game ended after 13 steps
2023-04-13 18:37:48,463,[Eval] episode:56,avg_a_R:-0.65,avg_d_R:-0.71,avg_t:10.37,avg_h:0.18,acc_A_R:-25.00,acc_D_R:-162.20,replay_s:-1,lr:0.00E+00,c_h:0.42
2023-04-13 18:37:48,468,Eval episode: 57, Game ended after 16 steps
2023-04-13 18:37:48,468,[Eval] episode:57,avg_a_R:-0.66,avg_d_R:-0.71,avg_t:10.47,avg_h:0.17,acc_A_R:-26.00,acc_D_R:-163.00,replay_s:-1,lr:0.00E+00,c_h:0.42
2023-04-13 18:37:48,474,Eval episode: 58, Game ended after 16 steps
2023-04-13 18:37:48,474,[Eval] episode:58,avg_a_R:-0.66,avg_d_R:-0.71,avg_t:10.56,avg_h:0.17,acc_A_R:-27.00,acc_D_R:-163.80,replay_s:-1,lr:0.00E+00,c_h:0.42
2023-04-13 18:37:48,478,Eval episode: 59, Game ended after 12 steps
2023-04-13 18:37:48,478,[Eval] episode:59,avg_a_R:-0.67,avg_d_R:-0.71,avg_t:10.58,avg_h:0.17,acc_A_R:-28.00,acc_D_R:-164.60,replay_s:-1,lr:0.00E+00,c_h:0.41
2023-04-13 18:37:48,480,Eval episode: 60, Game ended after 4 steps
2023-04-13 18:37:48,480,[Eval] episode:60,avg_a_R:-0.67,avg_d_R:-0.70,avg_t:10.48,avg_h:0.16,acc_A_R:-29.00,acc_D_R:-164.50,replay_s:-1,lr:0.00E+00,c_h:0.41
2023-04-13 18:37:48,482,Eval episode: 61, Game ended after 6 steps
2023-04-13 18:37:48,482,[Eval] episode:61,avg_a_R:-0.68,avg_d_R:-0.70,avg_t:10.40,avg_h:0.16,acc_A_R:-30.00,acc_D_R:-165.00,replay_s:-1,lr:0.00E+00,c_h:0.41
2023-04-13 18:37:48,483,Eval episode: 62, Game ended after 3 steps
2023-04-13 18:37:48,483,[Eval] episode:62,avg_a_R:-0.68,avg_d_R:-0.68,avg_t:10.29,avg_h:0.16,acc_A_R:-31.00,acc_D_R:-164.90,replay_s:-1,lr:0.00E+00,c_h:0.40
2023-04-13 18:37:48,485,Eval episode: 63, Game ended after 6 steps
2023-04-13 18:37:48,485,[Eval] episode:63,avg_a_R:-0.69,avg_d_R:-0.68,avg_t:10.22,avg_h:0.16,acc_A_R:-32.00,acc_D_R:-165.40,replay_s:-1,lr:0.00E+00,c_h:0.40
2023-04-13 18:37:48,489,Eval episode: 64, Game ended after 12 steps
2023-04-13 18:37:48,490,[Eval] episode:64,avg_a_R:-0.69,avg_d_R:-0.68,avg_t:10.25,avg_h:0.15,acc_A_R:-33.00,acc_D_R:-166.20,replay_s:-1,lr:0.00E+00,c_h:0.40
2023-04-13 18:37:48,490,Eval episode: 65, Game ended after 2 steps
2023-04-13 18:37:48,490,[Eval] episode:65,avg_a_R:-0.70,avg_d_R:-0.67,avg_t:10.12,avg_h:0.15,acc_A_R:-34.00,acc_D_R:-165.80,replay_s:-1,lr:0.00E+00,c_h:0.40
2023-04-13 18:37:48,493,Eval episode: 66, Game ended after 7 steps
2023-04-13 18:37:48,493,[Eval] episode:66,avg_a_R:-0.70,avg_d_R:-0.67,avg_t:10.07,avg_h:0.15,acc_A_R:-35.00,acc_D_R:-166.60,replay_s:-1,lr:0.00E+00,c_h:0.40
2023-04-13 18:37:48,499,Eval episode: 67, Game ended after 16 steps
2023-04-13 18:37:48,499,[Eval] episode:67,avg_a_R:-0.71,avg_d_R:-0.67,avg_t:10.16,avg_h:0.15,acc_A_R:-36.00,acc_D_R:-167.40,replay_s:-1,lr:0.00E+00,c_h:0.39
2023-04-13 18:37:48,500,Eval episode: 68, Game ended after 5 steps
2023-04-13 18:37:48,501,[Eval] episode:68,avg_a_R:-0.71,avg_d_R:-0.66,avg_t:10.09,avg_h:0.14,acc_A_R:-37.00,acc_D_R:-167.60,replay_s:-1,lr:0.00E+00,c_h:0.39
2023-04-13 18:37:48,501,Eval episode: 69, Game ended after 1 steps
2023-04-13 18:37:48,501,[Eval] episode:69,avg_a_R:-0.71,avg_d_R:-0.64,avg_t:9.96,avg_h:0.14,acc_A_R:-38.00,acc_D_R:-166.90,replay_s:-1,lr:0.00E+00,c_h:0.39
2023-04-13 18:37:48,501,Eval episode: 70, Game ended after 1 steps
2023-04-13 18:37:48,502,[Eval] episode:70,avg_a_R:-0.72,avg_d_R:-0.63,avg_t:9.83,avg_h:0.14,acc_A_R:-39.00,acc_D_R:-166.20,replay_s:-1,lr:0.00E+00,c_h:0.39
2023-04-13 18:37:48,502,Eval episode: 71, Game ended after 2 steps
2023-04-13 18:37:48,502,[Eval] episode:71,avg_a_R:-0.72,avg_d_R:-0.61,avg_t:9.72,avg_h:0.14,acc_A_R:-40.00,acc_D_R:-165.80,replay_s:-1,lr:0.00E+00,c_h:0.38
2023-04-13 18:37:48,505,Eval episode: 72, Game ended after 7 steps
2023-04-13 18:37:48,505,[Eval] episode:72,avg_a_R:-0.73,avg_d_R:-0.61,avg_t:9.68,avg_h:0.14,acc_A_R:-41.00,acc_D_R:-166.60,replay_s:-1,lr:0.00E+00,c_h:0.38
2023-04-13 18:37:48,506,Eval episode: 73, Game ended after 4 steps
2023-04-13 18:37:48,507,[Eval] episode:73,avg_a_R:-0.73,avg_d_R:-0.60,avg_t:9.61,avg_h:0.14,acc_A_R:-42.00,acc_D_R:-166.50,replay_s:-1,lr:0.00E+00,c_h:0.38
2023-04-13 18:37:48,512,Eval episode: 74, Game ended after 16 steps
2023-04-13 18:37:48,512,[Eval] episode:74,avg_a_R:-0.73,avg_d_R:-0.61,avg_t:9.69,avg_h:0.13,acc_A_R:-43.00,acc_D_R:-167.30,replay_s:-1,lr:0.00E+00,c_h:0.38
2023-04-13 18:37:48,516,Eval episode: 75, Game ended after 12 steps
2023-04-13 18:37:48,516,[Eval] episode:75,avg_a_R:-0.74,avg_d_R:-0.61,avg_t:9.72,avg_h:0.13,acc_A_R:-44.00,acc_D_R:-168.10,replay_s:-1,lr:0.00E+00,c_h:0.38
2023-04-13 18:37:48,522,Eval episode: 76, Game ended after 17 steps
2023-04-13 18:37:48,522,[Eval] episode:76,avg_a_R:-0.74,avg_d_R:-0.61,avg_t:9.82,avg_h:0.13,acc_A_R:-45.00,acc_D_R:-168.90,replay_s:-1,lr:0.00E+00,c_h:0.37
2023-04-13 18:37:48,524,Eval episode: 77, Game ended after 6 steps
2023-04-13 18:37:48,524,[Eval] episode:77,avg_a_R:-0.74,avg_d_R:-0.61,avg_t:9.77,avg_h:0.13,acc_A_R:-46.00,acc_D_R:-169.40,replay_s:-1,lr:0.00E+00,c_h:0.37
2023-04-13 18:37:48,527,Eval episode: 78, Game ended after 7 steps
2023-04-13 18:37:48,527,[Eval] episode:78,avg_a_R:-0.75,avg_d_R:-0.61,avg_t:9.73,avg_h:0.13,acc_A_R:-47.00,acc_D_R:-170.20,replay_s:-1,lr:0.00E+00,c_h:0.37
2023-04-13 18:37:48,528,Eval episode: 79, Game ended after 2 steps
2023-04-13 18:37:48,528,[Eval] episode:79,avg_a_R:-0.75,avg_d_R:-0.60,avg_t:9.64,avg_h:0.12,acc_A_R:-48.00,acc_D_R:-169.80,replay_s:-1,lr:0.00E+00,c_h:0.37
2023-04-13 18:37:48,535,Eval episode: 80, Game ended after 22 steps
2023-04-13 18:37:48,535,[Eval] episode:80,avg_a_R:-0.73,avg_d_R:-0.63,avg_t:9.79,avg_h:0.14,acc_A_R:-47.00,acc_D_R:-172.60,replay_s:-1,lr:0.00E+00,c_h:0.37
2023-04-13 18:37:48,537,Eval episode: 81, Game ended after 4 steps
2023-04-13 18:37:48,537,[Eval] episode:81,avg_a_R:-0.73,avg_d_R:-0.62,avg_t:9.72,avg_h:0.13,acc_A_R:-48.00,acc_D_R:-172.50,replay_s:-1,lr:0.00E+00,c_h:0.37
2023-04-13 18:37:48,539,Eval episode: 82, Game ended after 5 steps
2023-04-13 18:37:48,539,[Eval] episode:82,avg_a_R:-0.73,avg_d_R:-0.61,avg_t:9.66,avg_h:0.13,acc_A_R:-49.00,acc_D_R:-172.70,replay_s:-1,lr:0.00E+00,c_h:0.37
2023-04-13 18:37:48,543,Eval episode: 83, Game ended after 11 steps
2023-04-13 18:37:48,543,[Eval] episode:83,avg_a_R:-0.74,avg_d_R:-0.62,avg_t:9.68,avg_h:0.13,acc_A_R:-50.00,acc_D_R:-173.50,replay_s:-1,lr:0.00E+00,c_h:0.36
2023-04-13 18:37:48,543,Eval episode: 84, Game ended after 1 steps
2023-04-13 18:37:48,543,[Eval] episode:84,avg_a_R:-0.74,avg_d_R:-0.60,avg_t:9.58,avg_h:0.13,acc_A_R:-51.00,acc_D_R:-172.80,replay_s:-1,lr:0.00E+00,c_h:0.36
2023-04-13 18:37:48,551,Eval episode: 85, Game ended after 22 steps
2023-04-13 18:37:48,551,[Eval] episode:85,avg_a_R:-0.72,avg_d_R:-0.63,avg_t:9.72,avg_h:0.14,acc_A_R:-50.00,acc_D_R:-175.60,replay_s:-1,lr:0.00E+00,c_h:0.37
2023-04-13 18:37:48,554,Eval episode: 86, Game ended after 10 steps
2023-04-13 18:37:48,554,[Eval] episode:86,avg_a_R:-0.72,avg_d_R:-0.63,avg_t:9.72,avg_h:0.14,acc_A_R:-51.00,acc_D_R:-176.40,replay_s:-1,lr:0.00E+00,c_h:0.36
2023-04-13 18:37:48,560,Eval episode: 87, Game ended after 18 steps
2023-04-13 18:37:48,561,[Eval] episode:87,avg_a_R:-0.70,avg_d_R:-0.65,avg_t:9.82,avg_h:0.15,acc_A_R:-50.00,acc_D_R:-179.20,replay_s:-1,lr:0.00E+00,c_h:0.37
2023-04-13 18:37:48,563,Eval episode: 88, Game ended after 6 steps
2023-04-13 18:37:48,563,[Eval] episode:88,avg_a_R:-0.71,avg_d_R:-0.65,avg_t:9.78,avg_h:0.15,acc_A_R:-51.00,acc_D_R:-179.70,replay_s:-1,lr:0.00E+00,c_h:0.37
2023-04-13 18:37:48,564,Eval episode: 89, Game ended after 4 steps
2023-04-13 18:37:48,564,[Eval] episode:89,avg_a_R:-0.71,avg_d_R:-0.64,avg_t:9.71,avg_h:0.14,acc_A_R:-52.00,acc_D_R:-179.60,replay_s:-1,lr:0.00E+00,c_h:0.36
2023-04-13 18:37:48,568,Eval episode: 90, Game ended after 11 steps
2023-04-13 18:37:48,568,[Eval] episode:90,avg_a_R:-0.71,avg_d_R:-0.64,avg_t:9.73,avg_h:0.14,acc_A_R:-53.00,acc_D_R:-180.40,replay_s:-1,lr:0.00E+00,c_h:0.36
2023-04-13 18:37:48,572,Eval episode: 91, Game ended after 10 steps
2023-04-13 18:37:48,572,[Eval] episode:91,avg_a_R:-0.72,avg_d_R:-0.65,avg_t:9.73,avg_h:0.14,acc_A_R:-54.00,acc_D_R:-181.20,replay_s:-1,lr:0.00E+00,c_h:0.36
2023-04-13 18:37:48,577,Eval episode: 92, Game ended after 16 steps
2023-04-13 18:37:48,577,[Eval] episode:92,avg_a_R:-0.70,avg_d_R:-0.67,avg_t:9.80,avg_h:0.15,acc_A_R:-53.00,acc_D_R:-184.00,replay_s:-1,lr:0.00E+00,c_h:0.36
2023-04-13 18:37:48,581,Eval episode: 93, Game ended after 10 steps
2023-04-13 18:37:48,581,[Eval] episode:93,avg_a_R:-0.70,avg_d_R:-0.67,avg_t:9.80,avg_h:0.15,acc_A_R:-54.00,acc_D_R:-184.80,replay_s:-1,lr:0.00E+00,c_h:0.36
2023-04-13 18:37:48,583,Eval episode: 94, Game ended after 5 steps
2023-04-13 18:37:48,583,[Eval] episode:94,avg_a_R:-0.71,avg_d_R:-0.67,avg_t:9.75,avg_h:0.15,acc_A_R:-55.00,acc_D_R:-185.00,replay_s:-1,lr:0.00E+00,c_h:0.36
2023-04-13 18:37:48,586,Eval episode: 95, Game ended after 9 steps
2023-04-13 18:37:48,586,[Eval] episode:95,avg_a_R:-0.71,avg_d_R:-0.67,avg_t:9.74,avg_h:0.15,acc_A_R:-56.00,acc_D_R:-185.80,replay_s:-1,lr:0.00E+00,c_h:0.36
2023-04-13 18:37:48,587,Eval episode: 96, Game ended after 1 steps
2023-04-13 18:37:48,587,[Eval] episode:96,avg_a_R:-0.71,avg_d_R:-0.65,avg_t:9.65,avg_h:0.14,acc_A_R:-57.00,acc_D_R:-185.10,replay_s:-1,lr:0.00E+00,c_h:0.36
2023-04-13 18:37:48,589,Eval episode: 97, Game ended after 7 steps
2023-04-13 18:37:48,590,[Eval] episode:97,avg_a_R:-0.71,avg_d_R:-0.65,avg_t:9.62,avg_h:0.14,acc_A_R:-58.00,acc_D_R:-185.90,replay_s:-1,lr:0.00E+00,c_h:0.35
2023-04-13 18:37:48,590,Eval episode: 98, Game ended after 2 steps
2023-04-13 18:37:48,590,[Eval] episode:98,avg_a_R:-0.72,avg_d_R:-0.64,avg_t:9.55,avg_h:0.14,acc_A_R:-59.00,acc_D_R:-185.50,replay_s:-1,lr:0.00E+00,c_h:0.35
2023-04-13 18:37:48,592,Eval episode: 99, Game ended after 5 steps
2023-04-13 18:37:48,592,[Eval] episode:99,avg_a_R:-0.72,avg_d_R:-0.64,avg_t:9.50,avg_h:0.14,acc_A_R:-60.00,acc_D_R:-185.70,replay_s:-1,lr:0.00E+00,c_h:0.35
2023-04-13 18:37:48,593,[Eval] episode:1000,avg_a_R:-0.72,avg_d_R:-0.64,avg_t:9.50,avg_h:0.14,acc_A_R:-60.00,acc_D_R:-185.70,replay_s:-1,lr:0.00E+00,c_h:0.35
2023-04-13 18:37:48,593,Evaluation Complete
2023-04-13 18:37:48,775,[Train] episode: 1100.00 epsilon:0.45,avg_a_R:-0.10,avg_d_R:-1.04,avg_t:4.94,avg_h:0.45,acc_A_R:98.00,acc_D_R:-1407.50,A_loss:0.000000,D_loss:0.000000,replay_s:-1,lr:5.00E-04,c_h:0.55
2023-04-13 18:37:48,973,[Train] episode: 1200.00 epsilon:0.44,avg_a_R:0.04,avg_d_R:-1.29,avg_t:5.50,avg_h:0.52,acc_A_R:104.00,acc_D_R:-1538.60,A_loss:0.000000,D_loss:0.000000,replay_s:-1,lr:5.00E-04,c_h:0.54
2023-04-13 18:37:49,166,[Train] episode: 1300.00 epsilon:0.44,avg_a_R:0.20,avg_d_R:-1.39,avg_t:5.35,avg_h:0.60,acc_A_R:122.00,acc_D_R:-1675.10,A_loss:0.000000,D_loss:0.000000,replay_s:-1,lr:5.00E-04,c_h:0.55
2023-04-13 18:37:49,342,[Train] episode: 1400.00 epsilon:0.43,avg_a_R:-0.02,avg_d_R:-1.11,avg_t:4.98,avg_h:0.49,acc_A_R:122.00,acc_D_R:-1788.20,A_loss:0.000000,D_loss:0.000000,replay_s:-1,lr:5.00E-04,c_h:0.54
2023-04-13 18:37:49,525,[Train] episode: 1500.00 epsilon:0.43,avg_a_R:-0.02,avg_d_R:-1.14,avg_t:5.13,avg_h:0.49,acc_A_R:118.00,acc_D_R:-1900.60,A_loss:0.000000,D_loss:0.000000,replay_s:-1,lr:5.00E-04,c_h:0.54
2023-04-13 18:37:49,714,[Train] episode: 1600.00 epsilon:0.43,avg_a_R:0.18,avg_d_R:-1.36,avg_t:5.27,avg_h:0.59,acc_A_R:136.00,acc_D_R:-2036.50,A_loss:0.000000,D_loss:0.000000,replay_s:-1,lr:5.00E-04,c_h:0.54
2023-04-13 18:37:49,892,[Train] episode: 1700.00 epsilon:0.42,avg_a_R:-0.10,avg_d_R:-1.05,avg_t:4.96,avg_h:0.45,acc_A_R:126.00,acc_D_R:-2141.70,A_loss:0.000000,D_loss:0.000000,replay_s:-1,lr:5.00E-04,c_h:0.54
2023-04-13 18:37:50,061,[Train] episode: 1800.00 epsilon:0.42,avg_a_R:-0.12,avg_d_R:-0.98,avg_t:4.83,avg_h:0.44,acc_A_R:116.00,acc_D_R:-2240.60,A_loss:0.000000,D_loss:0.000000,replay_s:-1,lr:5.00E-04,c_h:0.53
2023-04-13 18:37:50,238,[Train] episode: 1900.00 epsilon:0.41,avg_a_R:0.02,avg_d_R:-1.17,avg_t:5.06,avg_h:0.51,acc_A_R:116.00,acc_D_R:-2356.70,A_loss:0.000000,D_loss:0.000000,replay_s:-1,lr:5.00E-04,c_h:0.53
2023-04-13 18:37:50,430,[Train] episode: 2000.00 epsilon:0.41,avg_a_R:-0.04,avg_d_R:-1.22,avg_t:5.45,avg_h:0.48,acc_A_R:112.00,acc_D_R:-2479.00,A_loss:0.000000,D_loss:0.000000,replay_s:-1,lr:5.00E-04,c_h:0.53
2023-04-13 18:37:50,430,Starting Evaluation
2023-04-13 18:37:50,430,starting eval with non-empty result object
2023-04-13 18:37:50,432,Eval episode: 0, Game ended after 5 steps
2023-04-13 18:37:50,432,[Eval] episode:0,avg_a_R:-1.00,avg_d_R:-0.20,avg_t:5.00,avg_h:0.00,acc_A_R:-61.00,acc_D_R:-185.90,replay_s:-1,lr:0.00E+00,c_h:0.35
2023-04-13 18:37:50,434,Eval episode: 1, Game ended after 6 steps
2023-04-13 18:37:50,434,[Eval] episode:1,avg_a_R:0.00,avg_d_R:-1.20,avg_t:5.50,avg_h:0.50,acc_A_R:-60.00,acc_D_R:-188.10,replay_s:-1,lr:0.00E+00,c_h:0.35
2023-04-13 18:37:50,437,Eval episode: 2, Game ended after 8 steps
2023-04-13 18:37:50,437,[Eval] episode:2,avg_a_R:0.33,avg_d_R:-1.73,avg_t:6.33,avg_h:0.67,acc_A_R:-59.00,acc_D_R:-190.90,replay_s:-1,lr:0.00E+00,c_h:0.35
2023-04-13 18:37:50,439,Eval episode: 3, Game ended after 6 steps
2023-04-13 18:37:50,439,[Eval] episode:3,avg_a_R:0.50,avg_d_R:-1.85,avg_t:6.25,avg_h:0.75,acc_A_R:-58.00,acc_D_R:-193.10,replay_s:-1,lr:0.00E+00,c_h:0.36
2023-04-13 18:37:50,442,Eval episode: 4, Game ended after 6 steps
2023-04-13 18:37:50,442,[Eval] episode:4,avg_a_R:0.60,avg_d_R:-1.92,avg_t:6.20,avg_h:0.80,acc_A_R:-57.00,acc_D_R:-195.30,replay_s:-1,lr:0.00E+00,c_h:0.36
2023-04-13 18:37:50,444,Eval episode: 5, Game ended after 6 steps
2023-04-13 18:37:50,444,[Eval] episode:5,avg_a_R:0.67,avg_d_R:-1.97,avg_t:6.17,avg_h:0.83,acc_A_R:-56.00,acc_D_R:-197.50,replay_s:-1,lr:0.00E+00,c_h:0.36
2023-04-13 18:37:50,446,Eval episode: 6, Game ended after 6 steps
2023-04-13 18:37:50,446,[Eval] episode:6,avg_a_R:0.71,avg_d_R:-2.00,avg_t:6.14,avg_h:0.86,acc_A_R:-55.00,acc_D_R:-199.70,replay_s:-1,lr:0.00E+00,c_h:0.37
2023-04-13 18:37:50,448,Eval episode: 7, Game ended after 6 steps
2023-04-13 18:37:50,449,[Eval] episode:7,avg_a_R:0.75,avg_d_R:-2.03,avg_t:6.12,avg_h:0.88,acc_A_R:-54.00,acc_D_R:-201.90,replay_s:-1,lr:0.00E+00,c_h:0.37
2023-04-13 18:37:50,451,Eval episode: 8, Game ended after 6 steps
2023-04-13 18:37:50,451,[Eval] episode:8,avg_a_R:0.78,avg_d_R:-2.04,avg_t:6.11,avg_h:0.89,acc_A_R:-53.00,acc_D_R:-204.10,replay_s:-1,lr:0.00E+00,c_h:0.37
2023-04-13 18:37:50,453,Eval episode: 9, Game ended after 6 steps
2023-04-13 18:37:50,453,[Eval] episode:9,avg_a_R:0.80,avg_d_R:-2.06,avg_t:6.10,avg_h:0.90,acc_A_R:-52.00,acc_D_R:-206.30,replay_s:-1,lr:0.00E+00,c_h:0.38
2023-04-13 18:37:50,456,Eval episode: 10, Game ended after 6 steps
2023-04-13 18:37:50,456,[Eval] episode:10,avg_a_R:0.82,avg_d_R:-2.07,avg_t:6.09,avg_h:0.91,acc_A_R:-51.00,acc_D_R:-208.50,replay_s:-1,lr:0.00E+00,c_h:0.38
2023-04-13 18:37:50,458,Eval episode: 11, Game ended after 6 steps
2023-04-13 18:37:50,458,[Eval] episode:11,avg_a_R:0.83,avg_d_R:-2.08,avg_t:6.08,avg_h:0.92,acc_A_R:-50.00,acc_D_R:-210.70,replay_s:-1,lr:0.00E+00,c_h:0.38
2023-04-13 18:37:50,460,Eval episode: 12, Game ended after 5 steps
2023-04-13 18:37:50,460,[Eval] episode:12,avg_a_R:0.69,avg_d_R:-1.94,avg_t:6.00,avg_h:0.85,acc_A_R:-51.00,acc_D_R:-210.90,replay_s:-1,lr:0.00E+00,c_h:0.38
2023-04-13 18:37:50,462,Eval episode: 13, Game ended after 6 steps
2023-04-13 18:37:50,463,[Eval] episode:13,avg_a_R:0.71,avg_d_R:-1.96,avg_t:6.00,avg_h:0.86,acc_A_R:-50.00,acc_D_R:-213.10,replay_s:-1,lr:0.00E+00,c_h:0.38
2023-04-13 18:37:50,465,Eval episode: 14, Game ended after 7 steps
2023-04-13 18:37:50,465,[Eval] episode:14,avg_a_R:0.73,avg_d_R:-1.99,avg_t:6.07,avg_h:0.87,acc_A_R:-49.00,acc_D_R:-215.60,replay_s:-1,lr:0.00E+00,c_h:0.39
2023-04-13 18:37:50,466,Eval episode: 15, Game ended after 1 steps
2023-04-13 18:37:50,466,[Eval] episode:15,avg_a_R:0.62,avg_d_R:-1.83,avg_t:5.75,avg_h:0.81,acc_A_R:-50.00,acc_D_R:-214.90,replay_s:-1,lr:0.00E+00,c_h:0.38
2023-04-13 18:37:50,466,Eval episode: 16, Game ended after 1 steps
2023-04-13 18:37:50,466,[Eval] episode:16,avg_a_R:0.53,avg_d_R:-1.68,avg_t:5.47,avg_h:0.76,acc_A_R:-51.00,acc_D_R:-214.20,replay_s:-1,lr:0.00E+00,c_h:0.38
2023-04-13 18:37:50,469,Eval episode: 17, Game ended after 6 steps
2023-04-13 18:37:50,469,[Eval] episode:17,avg_a_R:0.56,avg_d_R:-1.71,avg_t:5.50,avg_h:0.78,acc_A_R:-50.00,acc_D_R:-216.40,replay_s:-1,lr:0.00E+00,c_h:0.39
2023-04-13 18:37:50,471,Eval episode: 18, Game ended after 6 steps
2023-04-13 18:37:50,471,[Eval] episode:18,avg_a_R:0.58,avg_d_R:-1.73,avg_t:5.53,avg_h:0.79,acc_A_R:-49.00,acc_D_R:-218.60,replay_s:-1,lr:0.00E+00,c_h:0.39
2023-04-13 18:37:50,473,Eval episode: 19, Game ended after 6 steps
2023-04-13 18:37:50,473,[Eval] episode:19,avg_a_R:0.60,avg_d_R:-1.76,avg_t:5.55,avg_h:0.80,acc_A_R:-48.00,acc_D_R:-220.80,replay_s:-1,lr:0.00E+00,c_h:0.39
2023-04-13 18:37:50,476,Eval episode: 20, Game ended after 6 steps
2023-04-13 18:37:50,476,[Eval] episode:20,avg_a_R:0.62,avg_d_R:-1.78,avg_t:5.57,avg_h:0.81,acc_A_R:-47.00,acc_D_R:-223.00,replay_s:-1,lr:0.00E+00,c_h:0.39
2023-04-13 18:37:50,479,Eval episode: 21, Game ended after 7 steps
2023-04-13 18:37:50,479,[Eval] episode:21,avg_a_R:0.64,avg_d_R:-1.81,avg_t:5.64,avg_h:0.82,acc_A_R:-46.00,acc_D_R:-225.50,replay_s:-1,lr:0.00E+00,c_h:0.40
2023-04-13 18:37:50,481,Eval episode: 22, Game ended after 6 steps
2023-04-13 18:37:50,481,[Eval] episode:22,avg_a_R:0.65,avg_d_R:-1.83,avg_t:5.65,avg_h:0.83,acc_A_R:-45.00,acc_D_R:-227.70,replay_s:-1,lr:0.00E+00,c_h:0.40
2023-04-13 18:37:50,483,Eval episode: 23, Game ended after 5 steps
2023-04-13 18:37:50,483,[Eval] episode:23,avg_a_R:0.58,avg_d_R:-1.76,avg_t:5.62,avg_h:0.79,acc_A_R:-46.00,acc_D_R:-227.90,replay_s:-1,lr:0.00E+00,c_h:0.40
2023-04-13 18:37:50,485,Eval episode: 24, Game ended after 6 steps
2023-04-13 18:37:50,485,[Eval] episode:24,avg_a_R:0.52,avg_d_R:-1.71,avg_t:5.64,avg_h:0.76,acc_A_R:-47.00,acc_D_R:-228.40,replay_s:-1,lr:0.00E+00,c_h:0.40
2023-04-13 18:37:50,488,Eval episode: 25, Game ended after 6 steps
2023-04-13 18:37:50,488,[Eval] episode:25,avg_a_R:0.54,avg_d_R:-1.73,avg_t:5.65,avg_h:0.77,acc_A_R:-46.00,acc_D_R:-230.60,replay_s:-1,lr:0.00E+00,c_h:0.40
2023-04-13 18:37:50,490,Eval episode: 26, Game ended after 6 steps
2023-04-13 18:37:50,490,[Eval] episode:26,avg_a_R:0.56,avg_d_R:-1.74,avg_t:5.67,avg_h:0.78,acc_A_R:-45.00,acc_D_R:-232.80,replay_s:-1,lr:0.00E+00,c_h:0.40
2023-04-13 18:37:50,492,Eval episode: 27, Game ended after 6 steps
2023-04-13 18:37:50,492,[Eval] episode:27,avg_a_R:0.50,avg_d_R:-1.70,avg_t:5.68,avg_h:0.75,acc_A_R:-46.00,acc_D_R:-233.30,replay_s:-1,lr:0.00E+00,c_h:0.40
2023-04-13 18:37:50,494,Eval episode: 28, Game ended after 6 steps
2023-04-13 18:37:50,495,[Eval] episode:28,avg_a_R:0.52,avg_d_R:-1.72,avg_t:5.69,avg_h:0.76,acc_A_R:-45.00,acc_D_R:-235.50,replay_s:-1,lr:0.00E+00,c_h:0.40
2023-04-13 18:37:50,497,Eval episode: 29, Game ended after 6 steps
2023-04-13 18:37:50,497,[Eval] episode:29,avg_a_R:0.53,avg_d_R:-1.73,avg_t:5.70,avg_h:0.77,acc_A_R:-44.00,acc_D_R:-237.70,replay_s:-1,lr:0.00E+00,c_h:0.40
2023-04-13 18:37:50,500,Eval episode: 30, Game ended after 7 steps
2023-04-13 18:37:50,500,[Eval] episode:30,avg_a_R:0.55,avg_d_R:-1.76,avg_t:5.74,avg_h:0.77,acc_A_R:-43.00,acc_D_R:-240.20,replay_s:-1,lr:0.00E+00,c_h:0.41
2023-04-13 18:37:50,502,Eval episode: 31, Game ended after 7 steps
2023-04-13 18:37:50,502,[Eval] episode:31,avg_a_R:0.56,avg_d_R:-1.78,avg_t:5.78,avg_h:0.78,acc_A_R:-42.00,acc_D_R:-242.70,replay_s:-1,lr:0.00E+00,c_h:0.41
2023-04-13 18:37:50,505,Eval episode: 32, Game ended after 6 steps
2023-04-13 18:37:50,505,[Eval] episode:32,avg_a_R:0.58,avg_d_R:-1.79,avg_t:5.79,avg_h:0.79,acc_A_R:-41.00,acc_D_R:-244.90,replay_s:-1,lr:0.00E+00,c_h:0.41
2023-04-13 18:37:50,507,Eval episode: 33, Game ended after 6 steps
2023-04-13 18:37:50,507,[Eval] episode:33,avg_a_R:0.59,avg_d_R:-1.81,avg_t:5.79,avg_h:0.79,acc_A_R:-40.00,acc_D_R:-247.10,replay_s:-1,lr:0.00E+00,c_h:0.41
2023-04-13 18:37:50,510,Eval episode: 34, Game ended after 7 steps
2023-04-13 18:37:50,510,[Eval] episode:34,avg_a_R:0.60,avg_d_R:-1.83,avg_t:5.83,avg_h:0.80,acc_A_R:-39.00,acc_D_R:-249.60,replay_s:-1,lr:0.00E+00,c_h:0.42
2023-04-13 18:37:50,512,Eval episode: 35, Game ended after 6 steps
2023-04-13 18:37:50,512,[Eval] episode:35,avg_a_R:0.61,avg_d_R:-1.84,avg_t:5.83,avg_h:0.81,acc_A_R:-38.00,acc_D_R:-251.80,replay_s:-1,lr:0.00E+00,c_h:0.42
2023-04-13 18:37:50,515,Eval episode: 36, Game ended after 8 steps
2023-04-13 18:37:50,516,[Eval] episode:36,avg_a_R:0.62,avg_d_R:-1.86,avg_t:5.89,avg_h:0.81,acc_A_R:-37.00,acc_D_R:-254.60,replay_s:-1,lr:0.00E+00,c_h:0.42
2023-04-13 18:37:50,516,Eval episode: 37, Game ended after 1 steps
2023-04-13 18:37:50,516,[Eval] episode:37,avg_a_R:0.58,avg_d_R:-1.79,avg_t:5.76,avg_h:0.79,acc_A_R:-38.00,acc_D_R:-253.90,replay_s:-1,lr:0.00E+00,c_h:0.42
2023-04-13 18:37:50,517,Eval episode: 38, Game ended after 2 steps
2023-04-13 18:37:50,517,[Eval] episode:38,avg_a_R:0.54,avg_d_R:-1.74,avg_t:5.67,avg_h:0.77,acc_A_R:-39.00,acc_D_R:-253.50,replay_s:-1,lr:0.00E+00,c_h:0.42
2023-04-13 18:37:50,518,Eval episode: 39, Game ended after 2 steps
2023-04-13 18:37:50,518,[Eval] episode:39,avg_a_R:0.50,avg_d_R:-1.69,avg_t:5.58,avg_h:0.75,acc_A_R:-40.00,acc_D_R:-253.10,replay_s:-1,lr:0.00E+00,c_h:0.42
2023-04-13 18:37:50,520,Eval episode: 40, Game ended after 6 steps
2023-04-13 18:37:50,521,[Eval] episode:40,avg_a_R:0.51,avg_d_R:-1.70,avg_t:5.59,avg_h:0.76,acc_A_R:-39.00,acc_D_R:-255.30,replay_s:-1,lr:0.00E+00,c_h:0.42
2023-04-13 18:37:50,523,Eval episode: 41, Game ended after 6 steps
2023-04-13 18:37:50,523,[Eval] episode:41,avg_a_R:0.48,avg_d_R:-1.67,avg_t:5.60,avg_h:0.74,acc_A_R:-40.00,acc_D_R:-255.80,replay_s:-1,lr:0.00E+00,c_h:0.42
2023-04-13 18:37:50,525,Eval episode: 42, Game ended after 6 steps
2023-04-13 18:37:50,525,[Eval] episode:42,avg_a_R:0.49,avg_d_R:-1.68,avg_t:5.60,avg_h:0.74,acc_A_R:-39.00,acc_D_R:-258.00,replay_s:-1,lr:0.00E+00,c_h:0.42
2023-04-13 18:37:50,527,Eval episode: 43, Game ended after 5 steps
2023-04-13 18:37:50,527,[Eval] episode:43,avg_a_R:0.45,avg_d_R:-1.65,avg_t:5.59,avg_h:0.73,acc_A_R:-40.00,acc_D_R:-258.20,replay_s:-1,lr:0.00E+00,c_h:0.42
2023-04-13 18:37:50,530,Eval episode: 44, Game ended after 7 steps
2023-04-13 18:37:50,530,[Eval] episode:44,avg_a_R:0.47,avg_d_R:-1.67,avg_t:5.62,avg_h:0.73,acc_A_R:-39.00,acc_D_R:-260.70,replay_s:-1,lr:0.00E+00,c_h:0.42
2023-04-13 18:37:50,532,Eval episode: 45, Game ended after 6 steps
2023-04-13 18:37:50,532,[Eval] episode:45,avg_a_R:0.48,avg_d_R:-1.68,avg_t:5.63,avg_h:0.74,acc_A_R:-38.00,acc_D_R:-262.90,replay_s:-1,lr:0.00E+00,c_h:0.42
2023-04-13 18:37:50,533,Eval episode: 46, Game ended after 1 steps
2023-04-13 18:37:50,533,[Eval] episode:46,avg_a_R:0.45,avg_d_R:-1.63,avg_t:5.53,avg_h:0.72,acc_A_R:-39.00,acc_D_R:-262.20,replay_s:-1,lr:0.00E+00,c_h:0.42
2023-04-13 18:37:50,535,Eval episode: 47, Game ended after 6 steps
2023-04-13 18:37:50,535,[Eval] episode:47,avg_a_R:0.46,avg_d_R:-1.64,avg_t:5.54,avg_h:0.73,acc_A_R:-38.00,acc_D_R:-264.40,replay_s:-1,lr:0.00E+00,c_h:0.42
2023-04-13 18:37:50,538,Eval episode: 48, Game ended after 7 steps
2023-04-13 18:37:50,538,[Eval] episode:48,avg_a_R:0.47,avg_d_R:-1.66,avg_t:5.57,avg_h:0.73,acc_A_R:-37.00,acc_D_R:-266.90,replay_s:-1,lr:0.00E+00,c_h:0.43
2023-04-13 18:37:50,539,Eval episode: 49, Game ended after 2 steps
2023-04-13 18:37:50,539,[Eval] episode:49,avg_a_R:0.44,avg_d_R:-1.62,avg_t:5.50,avg_h:0.72,acc_A_R:-38.00,acc_D_R:-266.50,replay_s:-1,lr:0.00E+00,c_h:0.42
2023-04-13 18:37:50,541,Eval episode: 50, Game ended after 6 steps
2023-04-13 18:37:50,541,[Eval] episode:50,avg_a_R:0.45,avg_d_R:-1.63,avg_t:5.51,avg_h:0.73,acc_A_R:-37.00,acc_D_R:-268.70,replay_s:-1,lr:0.00E+00,c_h:0.43
2023-04-13 18:37:50,542,Eval episode: 51, Game ended after 2 steps
2023-04-13 18:37:50,542,[Eval] episode:51,avg_a_R:0.42,avg_d_R:-1.59,avg_t:5.44,avg_h:0.71,acc_A_R:-38.00,acc_D_R:-268.30,replay_s:-1,lr:0.00E+00,c_h:0.42
2023-04-13 18:37:50,542,Eval episode: 52, Game ended after 1 steps
2023-04-13 18:37:50,543,[Eval] episode:52,avg_a_R:0.40,avg_d_R:-1.55,avg_t:5.36,avg_h:0.70,acc_A_R:-39.00,acc_D_R:-267.60,replay_s:-1,lr:0.00E+00,c_h:0.42
2023-04-13 18:37:50,544,Eval episode: 53, Game ended after 4 steps
2023-04-13 18:37:50,544,[Eval] episode:53,avg_a_R:0.37,avg_d_R:-1.51,avg_t:5.33,avg_h:0.69,acc_A_R:-40.00,acc_D_R:-267.50,replay_s:-1,lr:0.00E+00,c_h:0.42
2023-04-13 18:37:50,546,Eval episode: 54, Game ended after 6 steps
2023-04-13 18:37:50,547,[Eval] episode:54,avg_a_R:0.38,avg_d_R:-1.53,avg_t:5.35,avg_h:0.69,acc_A_R:-39.00,acc_D_R:-269.70,replay_s:-1,lr:0.00E+00,c_h:0.42
2023-04-13 18:37:50,549,Eval episode: 55, Game ended after 6 steps
2023-04-13 18:37:50,549,[Eval] episode:55,avg_a_R:0.39,avg_d_R:-1.54,avg_t:5.36,avg_h:0.70,acc_A_R:-38.00,acc_D_R:-271.90,replay_s:-1,lr:0.00E+00,c_h:0.43
2023-04-13 18:37:50,550,Eval episode: 56, Game ended after 2 steps
2023-04-13 18:37:50,550,[Eval] episode:56,avg_a_R:0.37,avg_d_R:-1.51,avg_t:5.30,avg_h:0.68,acc_A_R:-39.00,acc_D_R:-271.50,replay_s:-1,lr:0.00E+00,c_h:0.42
2023-04-13 18:37:50,551,Eval episode: 57, Game ended after 2 steps
2023-04-13 18:37:50,551,[Eval] episode:57,avg_a_R:0.34,avg_d_R:-1.47,avg_t:5.24,avg_h:0.67,acc_A_R:-40.00,acc_D_R:-271.10,replay_s:-1,lr:0.00E+00,c_h:0.42
2023-04-13 18:37:50,553,Eval episode: 58, Game ended after 6 steps
2023-04-13 18:37:50,553,[Eval] episode:58,avg_a_R:0.36,avg_d_R:-1.48,avg_t:5.25,avg_h:0.68,acc_A_R:-39.00,acc_D_R:-273.30,replay_s:-1,lr:0.00E+00,c_h:0.42
2023-04-13 18:37:50,557,Eval episode: 59, Game ended after 11 steps
2023-04-13 18:37:50,557,[Eval] episode:59,avg_a_R:0.37,avg_d_R:-1.51,avg_t:5.35,avg_h:0.68,acc_A_R:-38.00,acc_D_R:-276.10,replay_s:-1,lr:0.00E+00,c_h:0.43
2023-04-13 18:37:50,559,Eval episode: 60, Game ended after 6 steps
2023-04-13 18:37:50,559,[Eval] episode:60,avg_a_R:0.38,avg_d_R:-1.52,avg_t:5.36,avg_h:0.69,acc_A_R:-37.00,acc_D_R:-278.30,replay_s:-1,lr:0.00E+00,c_h:0.43
2023-04-13 18:37:50,562,Eval episode: 61, Game ended after 6 steps
2023-04-13 18:37:50,562,[Eval] episode:61,avg_a_R:0.39,avg_d_R:-1.53,avg_t:5.37,avg_h:0.69,acc_A_R:-36.00,acc_D_R:-280.50,replay_s:-1,lr:0.00E+00,c_h:0.43
2023-04-13 18:37:50,564,Eval episode: 62, Game ended after 6 steps
2023-04-13 18:37:50,564,[Eval] episode:62,avg_a_R:0.40,avg_d_R:-1.54,avg_t:5.38,avg_h:0.70,acc_A_R:-35.00,acc_D_R:-282.70,replay_s:-1,lr:0.00E+00,c_h:0.43
2023-04-13 18:37:50,565,Eval episode: 63, Game ended after 2 steps
2023-04-13 18:37:50,565,[Eval] episode:63,avg_a_R:0.38,avg_d_R:-1.51,avg_t:5.33,avg_h:0.69,acc_A_R:-36.00,acc_D_R:-282.30,replay_s:-1,lr:0.00E+00,c_h:0.43
2023-04-13 18:37:50,568,Eval episode: 64, Game ended after 7 steps
2023-04-13 18:37:50,568,[Eval] episode:64,avg_a_R:0.38,avg_d_R:-1.52,avg_t:5.35,avg_h:0.69,acc_A_R:-35.00,acc_D_R:-284.80,replay_s:-1,lr:0.00E+00,c_h:0.43
2023-04-13 18:37:50,570,Eval episode: 65, Game ended after 6 steps
2023-04-13 18:37:50,570,[Eval] episode:65,avg_a_R:0.39,avg_d_R:-1.53,avg_t:5.36,avg_h:0.70,acc_A_R:-34.00,acc_D_R:-287.00,replay_s:-1,lr:0.00E+00,c_h:0.44
2023-04-13 18:37:50,572,Eval episode: 66, Game ended after 6 steps
2023-04-13 18:37:50,572,[Eval] episode:66,avg_a_R:0.40,avg_d_R:-1.54,avg_t:5.37,avg_h:0.70,acc_A_R:-33.00,acc_D_R:-289.20,replay_s:-1,lr:0.00E+00,c_h:0.44
2023-04-13 18:37:50,573,Eval episode: 67, Game ended after 2 steps
2023-04-13 18:37:50,573,[Eval] episode:67,avg_a_R:0.38,avg_d_R:-1.52,avg_t:5.32,avg_h:0.69,acc_A_R:-34.00,acc_D_R:-288.80,replay_s:-1,lr:0.00E+00,c_h:0.44
2023-04-13 18:37:50,576,Eval episode: 68, Game ended after 6 steps
2023-04-13 18:37:50,576,[Eval] episode:68,avg_a_R:0.39,avg_d_R:-1.53,avg_t:5.33,avg_h:0.70,acc_A_R:-33.00,acc_D_R:-291.00,replay_s:-1,lr:0.00E+00,c_h:0.44
2023-04-13 18:37:50,578,Eval episode: 69, Game ended after 7 steps
2023-04-13 18:37:50,578,[Eval] episode:69,avg_a_R:0.37,avg_d_R:-1.52,avg_t:5.36,avg_h:0.69,acc_A_R:-34.00,acc_D_R:-291.80,replay_s:-1,lr:0.00E+00,c_h:0.44
2023-04-13 18:37:50,580,Eval episode: 70, Game ended after 5 steps
2023-04-13 18:37:50,580,[Eval] episode:70,avg_a_R:0.35,avg_d_R:-1.50,avg_t:5.35,avg_h:0.68,acc_A_R:-35.00,acc_D_R:-292.00,replay_s:-1,lr:0.00E+00,c_h:0.44
2023-04-13 18:37:50,583,Eval episode: 71, Game ended after 6 steps
2023-04-13 18:37:50,583,[Eval] episode:71,avg_a_R:0.36,avg_d_R:-1.51,avg_t:5.36,avg_h:0.68,acc_A_R:-34.00,acc_D_R:-294.20,replay_s:-1,lr:0.00E+00,c_h:0.44
2023-04-13 18:37:50,585,Eval episode: 72, Game ended after 6 steps
2023-04-13 18:37:50,585,[Eval] episode:72,avg_a_R:0.37,avg_d_R:-1.52,avg_t:5.37,avg_h:0.68,acc_A_R:-33.00,acc_D_R:-296.40,replay_s:-1,lr:0.00E+00,c_h:0.44
2023-04-13 18:37:50,588,Eval episode: 73, Game ended after 6 steps
2023-04-13 18:37:50,588,[Eval] episode:73,avg_a_R:0.38,avg_d_R:-1.53,avg_t:5.38,avg_h:0.69,acc_A_R:-32.00,acc_D_R:-298.60,replay_s:-1,lr:0.00E+00,c_h:0.44
2023-04-13 18:37:50,591,Eval episode: 74, Game ended after 8 steps
2023-04-13 18:37:50,591,[Eval] episode:74,avg_a_R:0.39,avg_d_R:-1.54,avg_t:5.41,avg_h:0.69,acc_A_R:-31.00,acc_D_R:-301.40,replay_s:-1,lr:0.00E+00,c_h:0.44
2023-04-13 18:37:50,593,Eval episode: 75, Game ended after 6 steps
2023-04-13 18:37:50,593,[Eval] episode:75,avg_a_R:0.39,avg_d_R:-1.55,avg_t:5.42,avg_h:0.70,acc_A_R:-30.00,acc_D_R:-303.60,replay_s:-1,lr:0.00E+00,c_h:0.45
2023-04-13 18:37:50,596,Eval episode: 76, Game ended after 7 steps
2023-04-13 18:37:50,596,[Eval] episode:76,avg_a_R:0.38,avg_d_R:-1.54,avg_t:5.44,avg_h:0.69,acc_A_R:-31.00,acc_D_R:-304.40,replay_s:-1,lr:0.00E+00,c_h:0.44
2023-04-13 18:37:50,598,Eval episode: 77, Game ended after 6 steps
2023-04-13 18:37:50,598,[Eval] episode:77,avg_a_R:0.38,avg_d_R:-1.55,avg_t:5.45,avg_h:0.69,acc_A_R:-30.00,acc_D_R:-306.60,replay_s:-1,lr:0.00E+00,c_h:0.45
2023-04-13 18:37:50,601,Eval episode: 78, Game ended after 6 steps
2023-04-13 18:37:50,601,[Eval] episode:78,avg_a_R:0.37,avg_d_R:-1.54,avg_t:5.46,avg_h:0.68,acc_A_R:-31.00,acc_D_R:-307.10,replay_s:-1,lr:0.00E+00,c_h:0.44
2023-04-13 18:37:50,601,Eval episode: 79, Game ended after 1 steps
2023-04-13 18:37:50,601,[Eval] episode:79,avg_a_R:0.35,avg_d_R:-1.51,avg_t:5.40,avg_h:0.68,acc_A_R:-32.00,acc_D_R:-306.40,replay_s:-1,lr:0.00E+00,c_h:0.44
2023-04-13 18:37:50,604,Eval episode: 80, Game ended after 6 steps
2023-04-13 18:37:50,604,[Eval] episode:80,avg_a_R:0.36,avg_d_R:-1.52,avg_t:5.41,avg_h:0.68,acc_A_R:-31.00,acc_D_R:-308.60,replay_s:-1,lr:0.00E+00,c_h:0.44
2023-04-13 18:37:50,606,Eval episode: 81, Game ended after 5 steps
2023-04-13 18:37:50,606,[Eval] episode:81,avg_a_R:0.34,avg_d_R:-1.50,avg_t:5.40,avg_h:0.67,acc_A_R:-32.00,acc_D_R:-308.80,replay_s:-1,lr:0.00E+00,c_h:0.44
2023-04-13 18:37:50,608,Eval episode: 82, Game ended after 6 steps
2023-04-13 18:37:50,608,[Eval] episode:82,avg_a_R:0.35,avg_d_R:-1.51,avg_t:5.41,avg_h:0.67,acc_A_R:-31.00,acc_D_R:-311.00,replay_s:-1,lr:0.00E+00,c_h:0.45
2023-04-13 18:37:50,611,Eval episode: 83, Game ended after 8 steps
2023-04-13 18:37:50,611,[Eval] episode:83,avg_a_R:0.36,avg_d_R:-1.53,avg_t:5.44,avg_h:0.68,acc_A_R:-30.00,acc_D_R:-313.80,replay_s:-1,lr:0.00E+00,c_h:0.45
2023-04-13 18:37:50,614,Eval episode: 84, Game ended after 6 steps
2023-04-13 18:37:50,614,[Eval] episode:84,avg_a_R:0.36,avg_d_R:-1.53,avg_t:5.45,avg_h:0.68,acc_A_R:-29.00,acc_D_R:-316.00,replay_s:-1,lr:0.00E+00,c_h:0.45
2023-04-13 18:37:50,616,Eval episode: 85, Game ended after 6 steps
2023-04-13 18:37:50,616,[Eval] episode:85,avg_a_R:0.37,avg_d_R:-1.54,avg_t:5.45,avg_h:0.69,acc_A_R:-28.00,acc_D_R:-318.20,replay_s:-1,lr:0.00E+00,c_h:0.45
2023-04-13 18:37:50,619,Eval episode: 86, Game ended after 7 steps
2023-04-13 18:37:50,619,[Eval] episode:86,avg_a_R:0.38,avg_d_R:-1.55,avg_t:5.47,avg_h:0.69,acc_A_R:-27.00,acc_D_R:-320.70,replay_s:-1,lr:0.00E+00,c_h:0.45
2023-04-13 18:37:50,619,Eval episode: 87, Game ended after 1 steps
2023-04-13 18:37:50,619,[Eval] episode:87,avg_a_R:0.36,avg_d_R:-1.53,avg_t:5.42,avg_h:0.68,acc_A_R:-28.00,acc_D_R:-320.00,replay_s:-1,lr:0.00E+00,c_h:0.45
2023-04-13 18:37:50,622,Eval episode: 88, Game ended after 6 steps
2023-04-13 18:37:50,622,[Eval] episode:88,avg_a_R:0.37,avg_d_R:-1.53,avg_t:5.43,avg_h:0.69,acc_A_R:-27.00,acc_D_R:-322.20,replay_s:-1,lr:0.00E+00,c_h:0.45
2023-04-13 18:37:50,624,Eval episode: 89, Game ended after 6 steps
2023-04-13 18:37:50,624,[Eval] episode:89,avg_a_R:0.38,avg_d_R:-1.54,avg_t:5.43,avg_h:0.69,acc_A_R:-26.00,acc_D_R:-324.40,replay_s:-1,lr:0.00E+00,c_h:0.46
2023-04-13 18:37:50,626,Eval episode: 90, Game ended after 6 steps
2023-04-13 18:37:50,627,[Eval] episode:90,avg_a_R:0.38,avg_d_R:-1.55,avg_t:5.44,avg_h:0.69,acc_A_R:-25.00,acc_D_R:-326.60,replay_s:-1,lr:0.00E+00,c_h:0.46
2023-04-13 18:37:50,629,Eval episode: 91, Game ended after 7 steps
2023-04-13 18:37:50,629,[Eval] episode:91,avg_a_R:0.39,avg_d_R:-1.56,avg_t:5.46,avg_h:0.70,acc_A_R:-24.00,acc_D_R:-329.10,replay_s:-1,lr:0.00E+00,c_h:0.46
2023-04-13 18:37:50,632,Eval episode: 92, Game ended after 7 steps
2023-04-13 18:37:50,632,[Eval] episode:92,avg_a_R:0.40,avg_d_R:-1.57,avg_t:5.47,avg_h:0.70,acc_A_R:-23.00,acc_D_R:-331.60,replay_s:-1,lr:0.00E+00,c_h:0.46
2023-04-13 18:37:50,634,Eval episode: 93, Game ended after 6 steps
2023-04-13 18:37:50,634,[Eval] episode:93,avg_a_R:0.40,avg_d_R:-1.58,avg_t:5.48,avg_h:0.70,acc_A_R:-22.00,acc_D_R:-333.80,replay_s:-1,lr:0.00E+00,c_h:0.46
2023-04-13 18:37:50,637,Eval episode: 94, Game ended after 7 steps
2023-04-13 18:37:50,637,[Eval] episode:94,avg_a_R:0.41,avg_d_R:-1.59,avg_t:5.49,avg_h:0.71,acc_A_R:-21.00,acc_D_R:-336.30,replay_s:-1,lr:0.00E+00,c_h:0.46
2023-04-13 18:37:50,640,Eval episode: 95, Game ended after 7 steps
2023-04-13 18:37:50,640,[Eval] episode:95,avg_a_R:0.42,avg_d_R:-1.59,avg_t:5.51,avg_h:0.71,acc_A_R:-20.00,acc_D_R:-338.80,replay_s:-1,lr:0.00E+00,c_h:0.47
2023-04-13 18:37:50,643,Eval episode: 96, Game ended after 7 steps
2023-04-13 18:37:50,643,[Eval] episode:96,avg_a_R:0.42,avg_d_R:-1.60,avg_t:5.53,avg_h:0.71,acc_A_R:-19.00,acc_D_R:-341.30,replay_s:-1,lr:0.00E+00,c_h:0.47
2023-04-13 18:37:50,645,Eval episode: 97, Game ended after 6 steps
2023-04-13 18:37:50,645,[Eval] episode:97,avg_a_R:0.43,avg_d_R:-1.61,avg_t:5.53,avg_h:0.71,acc_A_R:-18.00,acc_D_R:-343.50,replay_s:-1,lr:0.00E+00,c_h:0.47
2023-04-13 18:37:50,648,Eval episode: 98, Game ended after 6 steps
2023-04-13 18:37:50,648,[Eval] episode:98,avg_a_R:0.43,avg_d_R:-1.62,avg_t:5.54,avg_h:0.72,acc_A_R:-17.00,acc_D_R:-345.70,replay_s:-1,lr:0.00E+00,c_h:0.47
2023-04-13 18:37:50,650,Eval episode: 99, Game ended after 6 steps
2023-04-13 18:37:50,650,[Eval] episode:99,avg_a_R:0.44,avg_d_R:-1.62,avg_t:5.54,avg_h:0.72,acc_A_R:-16.00,acc_D_R:-347.90,replay_s:-1,lr:0.00E+00,c_h:0.47
2023-04-13 18:37:50,650,[Eval] episode:2000,avg_a_R:0.44,avg_d_R:-1.62,avg_t:5.54,avg_h:0.72,acc_A_R:-16.00,acc_D_R:-347.90,replay_s:-1,lr:0.00E+00,c_h:0.47
2023-04-13 18:37:50,651,Evaluation Complete
2023-04-13 18:37:50,651,Training Complete
2023-04-13 18:37:50,651,Starting Evaluation
2023-04-13 18:37:50,651,starting eval with non-empty result object
2023-04-13 18:37:50,653,Eval episode: 0, Game ended after 6 steps
2023-04-13 18:37:50,654,Eval episode: 1, Game ended after 1 steps
2023-04-13 18:37:50,654,Eval episode: 2, Game ended after 1 steps
2023-04-13 18:37:50,656,Eval episode: 3, Game ended after 6 steps
2023-04-13 18:37:50,659,Eval episode: 4, Game ended after 6 steps
2023-04-13 18:37:50,661,Eval episode: 5, Game ended after 7 steps
2023-04-13 18:37:50,665,Eval episode: 6, Game ended after 9 steps
2023-04-13 18:37:50,667,Eval episode: 7, Game ended after 6 steps
2023-04-13 18:37:50,669,Eval episode: 8, Game ended after 5 steps
2023-04-13 18:37:50,671,Eval episode: 9, Game ended after 4 steps
2023-04-13 18:37:50,673,Eval episode: 10, Game ended after 6 steps
2023-04-13 18:37:50,674,Eval episode: 11, Game ended after 2 steps
2023-04-13 18:37:50,675,Eval episode: 12, Game ended after 2 steps
2023-04-13 18:37:50,677,Eval episode: 13, Game ended after 7 steps
2023-04-13 18:37:50,679,Eval episode: 14, Game ended after 4 steps
2023-04-13 18:37:50,682,Eval episode: 15, Game ended after 8 steps
2023-04-13 18:37:50,684,Eval episode: 16, Game ended after 6 steps
2023-04-13 18:37:50,684,Eval episode: 17, Game ended after 1 steps
2023-04-13 18:37:50,686,Eval episode: 18, Game ended after 5 steps
2023-04-13 18:37:50,687,Eval episode: 19, Game ended after 2 steps
2023-04-13 18:37:50,689,Eval episode: 20, Game ended after 6 steps
2023-04-13 18:37:50,691,Eval episode: 21, Game ended after 6 steps
2023-04-13 18:37:50,693,Eval episode: 22, Game ended after 4 steps
2023-04-13 18:37:50,695,Eval episode: 23, Game ended after 6 steps
2023-04-13 18:37:50,696,Eval episode: 24, Game ended after 2 steps
2023-04-13 18:37:50,698,Eval episode: 25, Game ended after 6 steps
2023-04-13 18:37:50,698,Eval episode: 26, Game ended after 1 steps
2023-04-13 18:37:50,700,Eval episode: 27, Game ended after 6 steps
2023-04-13 18:37:50,703,Eval episode: 28, Game ended after 7 steps
2023-04-13 18:37:50,703,Eval episode: 29, Game ended after 1 steps
2023-04-13 18:37:50,706,Eval episode: 30, Game ended after 6 steps
2023-04-13 18:37:50,706,Eval episode: 31, Game ended after 2 steps
2023-04-13 18:37:50,709,Eval episode: 32, Game ended after 6 steps
2023-04-13 18:37:50,709,Eval episode: 33, Game ended after 2 steps
2023-04-13 18:37:50,711,Eval episode: 34, Game ended after 6 steps
2023-04-13 18:37:50,714,Eval episode: 35, Game ended after 6 steps
2023-04-13 18:37:50,716,Eval episode: 36, Game ended after 7 steps
2023-04-13 18:37:50,718,Eval episode: 37, Game ended after 6 steps
2023-04-13 18:37:50,719,Eval episode: 38, Game ended after 1 steps
2023-04-13 18:37:50,721,Eval episode: 39, Game ended after 8 steps
2023-04-13 18:37:50,724,Eval episode: 40, Game ended after 6 steps
2023-04-13 18:37:50,726,Eval episode: 41, Game ended after 6 steps
2023-04-13 18:37:50,727,Eval episode: 42, Game ended after 4 steps
2023-04-13 18:37:50,728,Eval episode: 43, Game ended after 1 steps
2023-04-13 18:37:50,728,Eval episode: 44, Game ended after 1 steps
2023-04-13 18:37:50,730,Eval episode: 45, Game ended after 5 steps
2023-04-13 18:37:50,733,Eval episode: 46, Game ended after 10 steps
2023-04-13 18:37:50,734,Eval episode: 47, Game ended after 2 steps
2023-04-13 18:37:50,736,Eval episode: 48, Game ended after 6 steps
2023-04-13 18:37:50,738,Eval episode: 49, Game ended after 6 steps
2023-04-13 18:37:50,741,Eval episode: 50, Game ended after 6 steps
2023-04-13 18:37:50,741,Eval episode: 51, Game ended after 1 steps
2023-04-13 18:37:50,741,Eval episode: 52, Game ended after 1 steps
2023-04-13 18:37:50,744,Eval episode: 53, Game ended after 6 steps
2023-04-13 18:37:50,746,Eval episode: 54, Game ended after 7 steps
2023-04-13 18:37:50,748,Eval episode: 55, Game ended after 7 steps
2023-04-13 18:37:50,751,Eval episode: 56, Game ended after 6 steps
2023-04-13 18:37:50,751,Eval episode: 57, Game ended after 1 steps
2023-04-13 18:37:50,754,Eval episode: 58, Game ended after 7 steps
2023-04-13 18:37:50,754,Eval episode: 59, Game ended after 2 steps
2023-04-13 18:37:50,756,Eval episode: 60, Game ended after 5 steps
2023-04-13 18:37:50,758,Eval episode: 61, Game ended after 6 steps
2023-04-13 18:37:50,761,Eval episode: 62, Game ended after 6 steps
2023-04-13 18:37:50,763,Eval episode: 63, Game ended after 6 steps
2023-04-13 18:37:50,765,Eval episode: 64, Game ended after 6 steps
2023-04-13 18:37:50,767,Eval episode: 65, Game ended after 6 steps
2023-04-13 18:37:50,770,Eval episode: 66, Game ended after 6 steps
2023-04-13 18:37:50,771,Eval episode: 67, Game ended after 2 steps
2023-04-13 18:37:50,773,Eval episode: 68, Game ended after 6 steps
2023-04-13 18:37:50,774,Eval episode: 69, Game ended after 2 steps
2023-04-13 18:37:50,776,Eval episode: 70, Game ended after 6 steps
2023-04-13 18:37:50,779,Eval episode: 71, Game ended after 7 steps
2023-04-13 18:37:50,781,Eval episode: 72, Game ended after 6 steps
2023-04-13 18:37:50,784,Eval episode: 73, Game ended after 6 steps
2023-04-13 18:37:50,787,Eval episode: 74, Game ended after 7 steps
2023-04-13 18:37:50,789,Eval episode: 75, Game ended after 6 steps
2023-04-13 18:37:50,791,Eval episode: 76, Game ended after 6 steps
2023-04-13 18:37:50,794,Eval episode: 77, Game ended after 6 steps
2023-04-13 18:37:50,796,Eval episode: 78, Game ended after 7 steps
2023-04-13 18:37:50,799,Eval episode: 79, Game ended after 6 steps
2023-04-13 18:37:50,800,Eval episode: 80, Game ended after 3 steps
2023-04-13 18:37:50,803,Eval episode: 81, Game ended after 10 steps
2023-04-13 18:37:50,806,Eval episode: 82, Game ended after 6 steps
2023-04-13 18:37:50,807,Eval episode: 83, Game ended after 4 steps
2023-04-13 18:37:50,810,Eval episode: 84, Game ended after 6 steps
2023-04-13 18:37:50,810,Eval episode: 85, Game ended after 2 steps
2023-04-13 18:37:50,811,Eval episode: 86, Game ended after 1 steps
2023-04-13 18:37:50,813,Eval episode: 87, Game ended after 7 steps
2023-04-13 18:37:50,816,Eval episode: 88, Game ended after 8 steps
2023-04-13 18:37:50,819,Eval episode: 89, Game ended after 6 steps
2023-04-13 18:37:50,819,Eval episode: 90, Game ended after 1 steps
2023-04-13 18:37:50,820,Eval episode: 91, Game ended after 2 steps
2023-04-13 18:37:50,821,Eval episode: 92, Game ended after 4 steps
2023-04-13 18:37:50,823,Eval episode: 93, Game ended after 4 steps
2023-04-13 18:37:50,824,Eval episode: 94, Game ended after 5 steps
2023-04-13 18:37:50,827,Eval episode: 95, Game ended after 6 steps
2023-04-13 18:37:50,828,Eval episode: 96, Game ended after 2 steps
2023-04-13 18:37:50,830,Eval episode: 97, Game ended after 6 steps
2023-04-13 18:37:50,831,Eval episode: 98, Game ended after 2 steps
2023-04-13 18:37:50,833,Eval episode: 99, Game ended after 6 steps
2023-04-13 18:37:50,833,Evaluation Complete
2023-04-13 18:37:50,833,--- Defender State Values ---
2023-04-13 18:37:50,833,s:0,V(s):-1.1155827506705915
2023-04-13 18:37:50,833,--------------------
2023-04-13 18:37:50,833,Saving Q-table to: /Users/evink/Desktop/kcc/tabular_q_learning_availability/results/data/0//1681378670.83356_defender_q_table.npy
